21:46:01.073 INFO - Launching a standalone server
21:46:01.111 INFO - Java: Oracle Corporation 25.101-b13
21:46:01.111 INFO - OS: Mac OS X 10.11.5 x86_64
21:46:01.121 INFO - v2.45.0, with Core v2.45.0. Built from revision 5017cb8
21:46:01.193 INFO - Default driver org.openqa.selenium.ie.InternetExplorerDriver registration is skipped: registration capabilities Capabilities [{ensureCleanSession=true, browserName=internet explorer, version=, platform=WINDOWS}] does not match with current platform: MAC
21:46:01.226 INFO - RemoteWebDriver instances should connect to: http://127.0.0.1:4444/wd/hub
21:46:01.227 INFO - Version Jetty/5.1.x
21:46:01.228 INFO - Started HttpContext[/selenium-server,/selenium-server]
21:46:01.263 INFO - Started org.openqa.jetty.jetty.servlet.ServletHandler@7e0babb1
21:46:01.263 INFO - Started HttpContext[/wd,/wd]
21:46:01.263 INFO - Started HttpContext[/selenium-server/driver,/selenium-server/driver]
21:46:01.263 INFO - Started HttpContext[/,/]
21:46:01.268 INFO - Started SocketListener on 0.0.0.0:4444
21:46:01.268 INFO - Started org.openqa.jetty.jetty.Server@6e2c634b
21:46:01.772 INFO - Executing: [new session: Capabilities [{acceptSslCerts=true, loggingPrefs=org.openqa.selenium.logging.LoggingPreferences@3cf81872, name=Active Entry, browserName=chrome, javascriptEnabled=true, platform=ANY}]])
21:46:01.781 INFO - Creating a new session for Capabilities [{acceptSslCerts=true, loggingPrefs=org.openqa.selenium.logging.LoggingPreferences@3cf81872, name=Active Entry, browserName=chrome, javascriptEnabled=true, platform=ANY}]
Starting ChromeDriver 2.19.346063 (38b35413bd4a486d436a9749e090454bc9ff6708) on port 40841
Only local connections are allowed.
21:46:03.330 INFO - Done: [new session: Capabilities [{acceptSslCerts=true, loggingPrefs=org.openqa.selenium.logging.LoggingPreferences@3cf81872, name=Active Entry, browserName=chrome, javascriptEnabled=true, platform=ANY}]]
21:46:03.343 INFO - Executing: [get: http://localhost:3000/entrySignUp])
21:46:05.368 INFO - Done: [get: http://localhost:3000/entrySignUp]
21:46:05.376 INFO - Executing: [set script timeoutt: 5000])
21:46:05.382 INFO - Done: [set script timeoutt: 5000]
21:46:05.389 INFO - Executing: [execute async script: var passedArgs = Array.prototype.slice.call(arguments,0); return function (data, meteorCallback) {
      //return HipaaLogger.logEventObject(data);
      Meteor.call("initializeUsers", data, function (meteorError, meteorResult) {
        var response = (meteorError ? {
          error: meteorError
        } : {
          result: meteorResult
        });
        meteorCallback(response);
      });
    }.apply(window, passedArgs);, []])
21:46:11.742 WARN - Exception thrown
org.openqa.selenium.TimeoutException: asynchronous script timeout: result was not received in 5 seconds
  (Session info: chrome=53.0.2785.143)
  (Driver info: chromedriver=2.19.346063 (38b35413bd4a486d436a9749e090454bc9ff6708),platform=Mac OS X 10.11.5 x86_64) (WARNING: The server did not provide any stacktrace information)
Command duration or timeout: 5.18 seconds
Build info: version: '2.45.0', revision: '5017cb8', time: '2015-02-26 23:59:50'
System info: host: 'Abigails-Mac-mini-2.local', ip: '172.20.10.2', os.name: 'Mac OS X', os.arch: 'x86_64', os.version: '10.11.5', java.version: '1.8.0_101'
Driver info: org.openqa.selenium.chrome.ChromeDriver
Capabilities [{applicationCacheEnabled=false, rotatable=false, mobileEmulationEnabled=false, chrome={userDataDir=/var/folders/wy/x2wnhsd15rxbcnwr07g161b00000gn/T/.org.chromium.Chromium.JK5Obo}, takesHeapSnapshot=true, databaseEnabled=false, handlesAlerts=true, hasTouchScreen=false, version=53.0.2785.143, platform=MAC, browserConnectionEnabled=false, nativeEvents=true, acceptSslCerts=true, locationContextEnabled=true, webStorageEnabled=true, browserName=chrome, takesScreenshot=true, javascriptEnabled=true, cssSelectorsEnabled=true}]
Session ID: d390096a3f9320bbcab05e50ab646b38
	at sun.reflect.NativeConstructorAccessorImpl.newInstance0(Native Method)
	at sun.reflect.NativeConstructorAccessorImpl.newInstance(NativeConstructorAccessorImpl.java:62)
	at sun.reflect.DelegatingConstructorAccessorImpl.newInstance(DelegatingConstructorAccessorImpl.java:45)
	at java.lang.reflect.Constructor.newInstance(Constructor.java:423)
	at org.openqa.selenium.remote.ErrorHandler.createThrowable(ErrorHandler.java:204)
	at org.openqa.selenium.remote.ErrorHandler.throwIfResponseFailed(ErrorHandler.java:156)
	at org.openqa.selenium.remote.RemoteWebDriver.execute(RemoteWebDriver.java:599)
	at org.openqa.selenium.remote.RemoteWebDriver.executeAsyncScript(RemoteWebDriver.java:526)
	at sun.reflect.NativeMethodAccessorImpl.invoke0(Native Method)
	at sun.reflect.NativeMethodAccessorImpl.invoke(NativeMethodAccessorImpl.java:62)
	at sun.reflect.DelegatingMethodAccessorImpl.invoke(DelegatingMethodAccessorImpl.java:43)
	at java.lang.reflect.Method.invoke(Method.java:498)
	at org.openqa.selenium.support.events.EventFiringWebDriver$2.invoke(EventFiringWebDriver.java:101)
	at com.sun.proxy.$Proxy1.executeAsyncScript(Unknown Source)
	at org.openqa.selenium.support.events.EventFiringWebDriver.executeAsyncScript(EventFiringWebDriver.java:225)
	at org.openqa.selenium.remote.server.handler.ExecuteAsyncScript.call(ExecuteAsyncScript.java:57)
	at java.util.concurrent.FutureTask.run(FutureTask.java:266)
	at org.openqa.selenium.remote.server.DefaultSession$1.run(DefaultSession.java:168)
	at java.util.concurrent.ThreadPoolExecutor.runWorker(ThreadPoolExecutor.java:1142)
	at java.util.concurrent.ThreadPoolExecutor$Worker.run(ThreadPoolExecutor.java:617)
	at java.lang.Thread.run(Thread.java:745)
21:46:11.744 WARN - Exception: asynchronous script timeout: result was not received in 5 seconds
  (Session info: chrome=53.0.2785.143)
  (Driver info: chromedriver=2.19.346063 (38b35413bd4a486d436a9749e090454bc9ff6708),platform=Mac OS X 10.11.5 x86_64) (WARNING: The server did not provide any stacktrace information)
Command duration or timeout: 5.18 seconds
Build info: version: '2.45.0', revision: '5017cb8', time: '2015-02-26 23:59:50'
System info: host: 'Abigails-Mac-mini-2.local', ip: '172.20.10.2', os.name: 'Mac OS X', os.arch: 'x86_64', os.version: '10.11.5', java.version: '1.8.0_101'
Driver info: org.openqa.selenium.chrome.ChromeDriver
Capabilities [{applicationCacheEnabled=false, rotatable=false, mobileEmulationEnabled=false, chrome={userDataDir=/var/folders/wy/x2wnhsd15rxbcnwr07g161b00000gn/T/.org.chromium.Chromium.JK5Obo}, takesHeapSnapshot=true, databaseEnabled=false, handlesAlerts=true, hasTouchScreen=false, version=53.0.2785.143, platform=MAC, browserConnectionEnabled=false, nativeEvents=true, acceptSslCerts=true, locationContextEnabled=true, webStorageEnabled=true, browserName=chrome, takesScreenshot=true, javascriptEnabled=true, cssSelectorsEnabled=true}]
Session ID: d390096a3f9320bbcab05e50ab646b38
21:46:12.906 INFO - Executing: [set window size])
21:46:13.115 INFO - Done: [set window size]
21:46:13.135 INFO - Executing: [find elements: By.cssSelector: #entrySignUp])
21:46:13.165 INFO - Done: [find elements: By.cssSelector: #entrySignUp]
21:46:13.170 INFO - Executing: [find elements: By.cssSelector: #signUpPageTitle])
21:46:13.187 INFO - Done: [find elements: By.cssSelector: #signUpPageTitle]
21:46:13.192 INFO - Executing: [find elements: By.cssSelector: #signUpPageMessage])
21:46:13.210 INFO - Done: [find elements: By.cssSelector: #signUpPageMessage]
21:46:13.214 INFO - Executing: [find elements: By.cssSelector: #signUpPageEmailInput])
21:46:13.230 INFO - Done: [find elements: By.cssSelector: #signUpPageEmailInput]
21:46:13.234 INFO - Executing: [find elements: By.cssSelector: #signUpPagePasswordInput])
21:46:13.251 INFO - Done: [find elements: By.cssSelector: #signUpPagePasswordInput]
21:46:13.255 INFO - Executing: [find elements: By.cssSelector: #signUpPageJoinNowButton])
21:46:13.272 INFO - Done: [find elements: By.cssSelector: #signUpPageJoinNowButton]
21:46:13.276 INFO - Executing: [find elements: By.cssSelector: #signUpPageSignInButton])
21:46:13.292 INFO - Done: [find elements: By.cssSelector: #signUpPageSignInButton]
21:46:13.300 INFO - Executing: [find elements: By.cssSelector: #entrySignUp])
21:46:13.309 INFO - Done: [find elements: By.cssSelector: #entrySignUp]
21:46:13.315 INFO - Executing: [find elements: By.cssSelector: #signUpPageEmailInput])
21:46:13.322 INFO - Done: [find elements: By.cssSelector: #signUpPageEmailInput]
21:46:13.325 INFO - Executing: [find elements: By.cssSelector: #signUpPagePasswordInput])
21:46:13.333 INFO - Done: [find elements: By.cssSelector: #signUpPagePasswordInput]
21:46:13.336 INFO - Executing: [find elements: By.cssSelector: #signUpPagePasswordInput])
21:46:13.345 INFO - Done: [find elements: By.cssSelector: #signUpPagePasswordInput]
21:46:13.349 INFO - Executing: [find elements: By.cssSelector: #signUpPageJoinNowButton])
21:46:13.356 INFO - Done: [find elements: By.cssSelector: #signUpPageJoinNowButton]
21:46:13.359 INFO - Executing: [take screenshot])
21:46:13.570 INFO - Done: [take screenshot]
21:46:13.584 INFO - Executing: [find element: By.cssSelector: input])
21:46:13.600 INFO - Done: [find element: By.cssSelector: input]
21:46:13.603 INFO - Executing: [clear: 7 [[ChromeDriver: chrome on MAC (d390096a3f9320bbcab05e50ab646b38)] -> css selector: input]])
21:46:13.632 INFO - Done: [clear: 7 [[ChromeDriver: chrome on MAC (d390096a3f9320bbcab05e50ab646b38)] -> css selector: input]]
21:46:13.638 INFO - Executing: [find elements: By.cssSelector: #signUpPagePasswordInput])
21:46:13.645 INFO - Done: [find elements: By.cssSelector: #signUpPagePasswordInput]
21:46:13.649 INFO - Executing: [find element: By.cssSelector: #signUpPagePasswordInput])
21:46:13.664 INFO - Done: [find element: By.cssSelector: #signUpPagePasswordInput]
21:46:13.667 INFO - Executing: [get value of css property: 4 [[ChromeDriver: chrome on MAC (d390096a3f9320bbcab05e50ab646b38)] -> css selector: #signUpPagePasswordInput], border])
21:46:13.675 INFO - Done: [get value of css property: 4 [[ChromeDriver: chrome on MAC (d390096a3f9320bbcab05e50ab646b38)] -> css selector: #signUpPagePasswordInput], border]
21:46:13.678 INFO - Executing: [find element: By.cssSelector: #signUpPagePasswordInput])
21:46:13.687 INFO - Done: [find element: By.cssSelector: #signUpPagePasswordInput]
21:46:13.692 INFO - Executing: [send keys: 4 [[ChromeDriver: chrome on MAC (d390096a3f9320bbcab05e50ab646b38)] -> css selector: #signUpPagePasswordInput], [j, a, n]])
21:46:13.755 INFO - Done: [send keys: 4 [[ChromeDriver: chrome on MAC (d390096a3f9320bbcab05e50ab646b38)] -> css selector: #signUpPagePasswordInput], [j, a, n]]
21:46:13.758 INFO - Executing: [find element: By.cssSelector: #signUpPagePasswordInput])
21:46:13.768 INFO - Done: [find element: By.cssSelector: #signUpPagePasswordInput]
21:46:13.773 INFO - Executing: [get value of css property: 4 [[ChromeDriver: chrome on MAC (d390096a3f9320bbcab05e50ab646b38)] -> css selector: #signUpPagePasswordInput], border])
21:46:13.779 INFO - Done: [get value of css property: 4 [[ChromeDriver: chrome on MAC (d390096a3f9320bbcab05e50ab646b38)] -> css selector: #signUpPagePasswordInput], border]
21:46:13.781 INFO - Executing: [take screenshot])
21:46:13.930 INFO - Done: [take screenshot]
21:46:13.938 INFO - Executing: [find element: By.cssSelector: #signUpPagePasswordInput])
21:46:13.946 INFO - Done: [find element: By.cssSelector: #signUpPagePasswordInput]
21:46:13.951 INFO - Executing: [send keys: 4 [[ChromeDriver: chrome on MAC (d390096a3f9320bbcab05e50ab646b38)] -> css selector: #signUpPagePasswordInput], [i, c, e, d, o, e, 1, 2, 3]])
21:46:13.987 INFO - Done: [send keys: 4 [[ChromeDriver: chrome on MAC (d390096a3f9320bbcab05e50ab646b38)] -> css selector: #signUpPagePasswordInput], [i, c, e, d, o, e, 1, 2, 3]]
21:46:13.991 INFO - Executing: [find element: By.cssSelector: #signUpPagePasswordInput])
21:46:13.999 INFO - Done: [find element: By.cssSelector: #signUpPagePasswordInput]
21:46:14.002 INFO - Executing: [get value of css property: 4 [[ChromeDriver: chrome on MAC (d390096a3f9320bbcab05e50ab646b38)] -> css selector: #signUpPagePasswordInput], border])
21:46:14.007 INFO - Done: [get value of css property: 4 [[ChromeDriver: chrome on MAC (d390096a3f9320bbcab05e50ab646b38)] -> css selector: #signUpPagePasswordInput], border]
21:46:14.010 INFO - Executing: [take screenshot])
21:46:14.137 INFO - Done: [take screenshot]
21:46:14.144 INFO - Executing: [find element: By.cssSelector: #signUpPagePasswordConfirmInput])
21:46:14.160 INFO - Done: [find element: By.cssSelector: #signUpPagePasswordConfirmInput]
21:46:14.163 INFO - Executing: [get value of css property: 8 [[ChromeDriver: chrome on MAC (d390096a3f9320bbcab05e50ab646b38)] -> css selector: #signUpPagePasswordConfirmInput], border])
21:46:14.171 INFO - Done: [get value of css property: 8 [[ChromeDriver: chrome on MAC (d390096a3f9320bbcab05e50ab646b38)] -> css selector: #signUpPagePasswordConfirmInput], border]
21:46:14.174 INFO - Executing: [find element: By.cssSelector: #signUpPagePasswordConfirmInput])
21:46:14.181 INFO - Done: [find element: By.cssSelector: #signUpPagePasswordConfirmInput]
21:46:14.183 INFO - Executing: [send keys: 8 [[ChromeDriver: chrome on MAC (d390096a3f9320bbcab05e50ab646b38)] -> css selector: #signUpPagePasswordConfirmInput], [j, a]])
21:46:14.234 INFO - Done: [send keys: 8 [[ChromeDriver: chrome on MAC (d390096a3f9320bbcab05e50ab646b38)] -> css selector: #signUpPagePasswordConfirmInput], [j, a]]
21:46:14.237 INFO - Executing: [take screenshot])
21:46:14.374 INFO - Done: [take screenshot]
21:46:14.380 INFO - Executing: [find element: By.cssSelector: #signUpPagePasswordConfirmInput])
21:46:14.388 INFO - Done: [find element: By.cssSelector: #signUpPagePasswordConfirmInput]
21:46:14.390 INFO - Executing: [click: 8 [[ChromeDriver: chrome on MAC (d390096a3f9320bbcab05e50ab646b38)] -> css selector: #signUpPagePasswordConfirmInput]])
21:46:14.429 INFO - Done: [click: 8 [[ChromeDriver: chrome on MAC (d390096a3f9320bbcab05e50ab646b38)] -> css selector: #signUpPagePasswordConfirmInput]]
21:46:14.534 INFO - Executing: [find element: By.cssSelector: #signUpPagePasswordConfirmInput])
21:46:14.540 INFO - Done: [find element: By.cssSelector: #signUpPagePasswordConfirmInput]
21:46:14.543 INFO - Executing: [get value of css property: 8 [[ChromeDriver: chrome on MAC (d390096a3f9320bbcab05e50ab646b38)] -> css selector: #signUpPagePasswordConfirmInput], border])
21:46:14.548 INFO - Done: [get value of css property: 8 [[ChromeDriver: chrome on MAC (d390096a3f9320bbcab05e50ab646b38)] -> css selector: #signUpPagePasswordConfirmInput], border]
21:46:14.550 INFO - Executing: [find element: By.cssSelector: #signUpPagePasswordConfirmInput])
21:46:14.557 INFO - Done: [find element: By.cssSelector: #signUpPagePasswordConfirmInput]
21:46:14.560 INFO - Executing: [clear: 8 [[ChromeDriver: chrome on MAC (d390096a3f9320bbcab05e50ab646b38)] -> css selector: #signUpPagePasswordConfirmInput]])
21:46:14.581 INFO - Done: [clear: 8 [[ChromeDriver: chrome on MAC (d390096a3f9320bbcab05e50ab646b38)] -> css selector: #signUpPagePasswordConfirmInput]]
21:46:14.586 INFO - Executing: [find element: By.cssSelector: #signUpPagePasswordConfirmInput])
21:46:14.593 INFO - Done: [find element: By.cssSelector: #signUpPagePasswordConfirmInput]
21:46:14.596 INFO - Executing: [send keys: 8 [[ChromeDriver: chrome on MAC (d390096a3f9320bbcab05e50ab646b38)] -> css selector: #signUpPagePasswordConfirmInput], [j, a, n, i, c, e, d, o, e, 1, 2, 3]])
21:46:14.637 INFO - Done: [send keys: 8 [[ChromeDriver: chrome on MAC (d390096a3f9320bbcab05e50ab646b38)] -> css selector: #signUpPagePasswordConfirmInput], [j, a, n, i, c, e, d, o, e, 1, 2, 3]]
21:46:14.641 INFO - Executing: [find element: By.cssSelector: #signUpPagePasswordConfirmInput])
21:46:14.648 INFO - Done: [find element: By.cssSelector: #signUpPagePasswordConfirmInput]
21:46:14.650 INFO - Executing: [get value of css property: 8 [[ChromeDriver: chrome on MAC (d390096a3f9320bbcab05e50ab646b38)] -> css selector: #signUpPagePasswordConfirmInput], border])
21:46:14.656 INFO - Done: [get value of css property: 8 [[ChromeDriver: chrome on MAC (d390096a3f9320bbcab05e50ab646b38)] -> css selector: #signUpPagePasswordConfirmInput], border]
21:46:14.658 INFO - Executing: [take screenshot])
21:46:14.799 INFO - Done: [take screenshot]
21:46:14.808 INFO - Executing: [find element: By.cssSelector: #signUpPagePasswordConfirmInput])
21:46:14.814 INFO - Done: [find element: By.cssSelector: #signUpPagePasswordConfirmInput]
21:46:14.817 INFO - Executing: [clear: 8 [[ChromeDriver: chrome on MAC (d390096a3f9320bbcab05e50ab646b38)] -> css selector: #signUpPagePasswordConfirmInput]])
21:46:14.828 INFO - Done: [clear: 8 [[ChromeDriver: chrome on MAC (d390096a3f9320bbcab05e50ab646b38)] -> css selector: #signUpPagePasswordConfirmInput]]
21:46:14.832 INFO - Executing: [find element: By.cssSelector: #signUpPagePasswordInput])
21:46:14.843 INFO - Done: [find element: By.cssSelector: #signUpPagePasswordInput]
21:46:14.845 INFO - Executing: [clear: 4 [[ChromeDriver: chrome on MAC (d390096a3f9320bbcab05e50ab646b38)] -> css selector: #signUpPagePasswordInput]])
21:46:14.874 INFO - Done: [clear: 4 [[ChromeDriver: chrome on MAC (d390096a3f9320bbcab05e50ab646b38)] -> css selector: #signUpPagePasswordInput]]
21:46:14.878 INFO - Executing: [set script timeoutt: 5000])
21:46:14.881 INFO - Done: [set script timeoutt: 5000]
21:46:14.883 INFO - Executing: [execute async script: var passedArgs = Array.prototype.slice.call(arguments,0); return function (data, meteorCallback) {
      ActiveEntry.reset();
    }.apply(window, passedArgs);, []])
21:46:20.559 WARN - Exception thrown
org.openqa.selenium.TimeoutException: asynchronous script timeout: result was not received in 5 seconds
  (Session info: chrome=53.0.2785.143)
  (Driver info: chromedriver=2.19.346063 (38b35413bd4a486d436a9749e090454bc9ff6708),platform=Mac OS X 10.11.5 x86_64) (WARNING: The server did not provide any stacktrace information)
Command duration or timeout: 5.11 seconds
Build info: version: '2.45.0', revision: '5017cb8', time: '2015-02-26 23:59:50'
System info: host: 'Abigails-Mac-mini-2.local', ip: '172.20.10.2', os.name: 'Mac OS X', os.arch: 'x86_64', os.version: '10.11.5', java.version: '1.8.0_101'
Driver info: org.openqa.selenium.chrome.ChromeDriver
Capabilities [{applicationCacheEnabled=false, rotatable=false, mobileEmulationEnabled=false, chrome={userDataDir=/var/folders/wy/x2wnhsd15rxbcnwr07g161b00000gn/T/.org.chromium.Chromium.JK5Obo}, takesHeapSnapshot=true, databaseEnabled=false, handlesAlerts=true, hasTouchScreen=false, version=53.0.2785.143, platform=MAC, browserConnectionEnabled=false, nativeEvents=true, acceptSslCerts=true, locationContextEnabled=true, webStorageEnabled=true, browserName=chrome, takesScreenshot=true, javascriptEnabled=true, cssSelectorsEnabled=true}]
Session ID: d390096a3f9320bbcab05e50ab646b38
	at sun.reflect.NativeConstructorAccessorImpl.newInstance0(Native Method)
	at sun.reflect.NativeConstructorAccessorImpl.newInstance(NativeConstructorAccessorImpl.java:62)
	at sun.reflect.DelegatingConstructorAccessorImpl.newInstance(DelegatingConstructorAccessorImpl.java:45)
	at java.lang.reflect.Constructor.newInstance(Constructor.java:423)
	at org.openqa.selenium.remote.ErrorHandler.createThrowable(ErrorHandler.java:204)
	at org.openqa.selenium.remote.ErrorHandler.throwIfResponseFailed(ErrorHandler.java:156)
	at org.openqa.selenium.remote.RemoteWebDriver.execute(RemoteWebDriver.java:599)
	at org.openqa.selenium.remote.RemoteWebDriver.executeAsyncScript(RemoteWebDriver.java:526)
	at sun.reflect.NativeMethodAccessorImpl.invoke0(Native Method)
	at sun.reflect.NativeMethodAccessorImpl.invoke(NativeMethodAccessorImpl.java:62)
	at sun.reflect.DelegatingMethodAccessorImpl.invoke(DelegatingMethodAccessorImpl.java:43)
	at java.lang.reflect.Method.invoke(Method.java:498)
	at org.openqa.selenium.support.events.EventFiringWebDriver$2.invoke(EventFiringWebDriver.java:101)
	at com.sun.proxy.$Proxy1.executeAsyncScript(Unknown Source)
	at org.openqa.selenium.support.events.EventFiringWebDriver.executeAsyncScript(EventFiringWebDriver.java:225)
	at org.openqa.selenium.remote.server.handler.ExecuteAsyncScript.call(ExecuteAsyncScript.java:57)
	at java.util.concurrent.FutureTask.run(FutureTask.java:266)
	at org.openqa.selenium.remote.server.DefaultSession$1.run(DefaultSession.java:168)
	at java.util.concurrent.ThreadPoolExecutor.runWorker(ThreadPoolExecutor.java:1142)
	at java.util.concurrent.ThreadPoolExecutor$Worker.run(ThreadPoolExecutor.java:617)
	at java.lang.Thread.run(Thread.java:745)
21:46:20.560 WARN - Exception: asynchronous script timeout: result was not received in 5 seconds
  (Session info: chrome=53.0.2785.143)
  (Driver info: chromedriver=2.19.346063 (38b35413bd4a486d436a9749e090454bc9ff6708),platform=Mac OS X 10.11.5 x86_64) (WARNING: The server did not provide any stacktrace information)
Command duration or timeout: 5.11 seconds
Build info: version: '2.45.0', revision: '5017cb8', time: '2015-02-26 23:59:50'
System info: host: 'Abigails-Mac-mini-2.local', ip: '172.20.10.2', os.name: 'Mac OS X', os.arch: 'x86_64', os.version: '10.11.5', java.version: '1.8.0_101'
Driver info: org.openqa.selenium.chrome.ChromeDriver
Capabilities [{applicationCacheEnabled=false, rotatable=false, mobileEmulationEnabled=false, chrome={userDataDir=/var/folders/wy/x2wnhsd15rxbcnwr07g161b00000gn/T/.org.chromium.Chromium.JK5Obo}, takesHeapSnapshot=true, databaseEnabled=false, handlesAlerts=true, hasTouchScreen=false, version=53.0.2785.143, platform=MAC, browserConnectionEnabled=false, nativeEvents=true, acceptSslCerts=true, locationContextEnabled=true, webStorageEnabled=true, browserName=chrome, takesScreenshot=true, javascriptEnabled=true, cssSelectorsEnabled=true}]
Session ID: d390096a3f9320bbcab05e50ab646b38
21:46:22.199 INFO - Executing: [find element: By.cssSelector: #signUpPagePasswordInput])
21:46:22.205 INFO - Done: [find element: By.cssSelector: #signUpPagePasswordInput]
21:46:22.208 INFO - Executing: [get value of css property: 4 [[ChromeDriver: chrome on MAC (d390096a3f9320bbcab05e50ab646b38)] -> css selector: #signUpPagePasswordInput], border])
21:46:22.215 INFO - Done: [get value of css property: 4 [[ChromeDriver: chrome on MAC (d390096a3f9320bbcab05e50ab646b38)] -> css selector: #signUpPagePasswordInput], border]
21:46:22.219 INFO - Executing: [find element: By.cssSelector: #signUpPagePasswordConfirmInput])
21:46:22.228 INFO - Done: [find element: By.cssSelector: #signUpPagePasswordConfirmInput]
21:46:22.230 INFO - Executing: [get value of css property: 8 [[ChromeDriver: chrome on MAC (d390096a3f9320bbcab05e50ab646b38)] -> css selector: #signUpPagePasswordConfirmInput], border])
21:46:22.236 INFO - Done: [get value of css property: 8 [[ChromeDriver: chrome on MAC (d390096a3f9320bbcab05e50ab646b38)] -> css selector: #signUpPagePasswordConfirmInput], border]
21:46:22.238 INFO - Executing: [find element: By.cssSelector: #signUpPagePasswordInput])
21:46:22.244 INFO - Done: [find element: By.cssSelector: #signUpPagePasswordInput]
21:46:22.247 INFO - Executing: [send keys: 4 [[ChromeDriver: chrome on MAC (d390096a3f9320bbcab05e50ab646b38)] -> css selector: #signUpPagePasswordInput], [j, a, n, i, c, e, d, o, e, 1, 2, 3]])
21:46:22.302 INFO - Done: [send keys: 4 [[ChromeDriver: chrome on MAC (d390096a3f9320bbcab05e50ab646b38)] -> css selector: #signUpPagePasswordInput], [j, a, n, i, c, e, d, o, e, 1, 2, 3]]
21:46:22.306 INFO - Executing: [find element: By.cssSelector: #signUpPagePasswordInput])
21:46:22.316 INFO - Done: [find element: By.cssSelector: #signUpPagePasswordInput]
21:46:22.318 INFO - Executing: [get value of css property: 4 [[ChromeDriver: chrome on MAC (d390096a3f9320bbcab05e50ab646b38)] -> css selector: #signUpPagePasswordInput], border])
21:46:22.326 INFO - Done: [get value of css property: 4 [[ChromeDriver: chrome on MAC (d390096a3f9320bbcab05e50ab646b38)] -> css selector: #signUpPagePasswordInput], border]
21:46:22.331 INFO - Executing: [find element: By.cssSelector: #signUpPagePasswordConfirmInput])
21:46:22.338 INFO - Done: [find element: By.cssSelector: #signUpPagePasswordConfirmInput]
21:46:22.342 INFO - Executing: [get value of css property: 8 [[ChromeDriver: chrome on MAC (d390096a3f9320bbcab05e50ab646b38)] -> css selector: #signUpPagePasswordConfirmInput], border])
21:46:22.348 INFO - Done: [get value of css property: 8 [[ChromeDriver: chrome on MAC (d390096a3f9320bbcab05e50ab646b38)] -> css selector: #signUpPagePasswordConfirmInput], border]
21:46:22.351 INFO - Executing: [find element: By.cssSelector: #signUpPagePasswordConfirmInput])
21:46:22.358 INFO - Done: [find element: By.cssSelector: #signUpPagePasswordConfirmInput]
21:46:22.363 INFO - Executing: [send keys: 8 [[ChromeDriver: chrome on MAC (d390096a3f9320bbcab05e50ab646b38)] -> css selector: #signUpPagePasswordConfirmInput], [j, a, n, i, c, e, d, o, e, 1, 2, 3]])
21:46:22.419 INFO - Done: [send keys: 8 [[ChromeDriver: chrome on MAC (d390096a3f9320bbcab05e50ab646b38)] -> css selector: #signUpPagePasswordConfirmInput], [j, a, n, i, c, e, d, o, e, 1, 2, 3]]
21:46:22.424 INFO - Executing: [find element: By.cssSelector: #signUpPagePasswordInput])
21:46:22.431 INFO - Done: [find element: By.cssSelector: #signUpPagePasswordInput]
21:46:22.433 INFO - Executing: [get value of css property: 4 [[ChromeDriver: chrome on MAC (d390096a3f9320bbcab05e50ab646b38)] -> css selector: #signUpPagePasswordInput], border])
21:46:22.438 INFO - Done: [get value of css property: 4 [[ChromeDriver: chrome on MAC (d390096a3f9320bbcab05e50ab646b38)] -> css selector: #signUpPagePasswordInput], border]
21:46:22.443 INFO - Executing: [find element: By.cssSelector: #signUpPagePasswordConfirmInput])
21:46:22.451 INFO - Done: [find element: By.cssSelector: #signUpPagePasswordConfirmInput]
21:46:22.453 INFO - Executing: [get value of css property: 8 [[ChromeDriver: chrome on MAC (d390096a3f9320bbcab05e50ab646b38)] -> css selector: #signUpPagePasswordConfirmInput], border])
21:46:22.460 INFO - Done: [get value of css property: 8 [[ChromeDriver: chrome on MAC (d390096a3f9320bbcab05e50ab646b38)] -> css selector: #signUpPagePasswordConfirmInput], border]
21:46:22.465 INFO - Executing: [find element: By.cssSelector: #signUpPageEmailInput])
21:46:22.484 INFO - Done: [find element: By.cssSelector: #signUpPageEmailInput]
21:46:22.487 INFO - Executing: [clear: 3 [[ChromeDriver: chrome on MAC (d390096a3f9320bbcab05e50ab646b38)] -> css selector: #signUpPageEmailInput]])
21:46:22.521 INFO - Done: [clear: 3 [[ChromeDriver: chrome on MAC (d390096a3f9320bbcab05e50ab646b38)] -> css selector: #signUpPageEmailInput]]
21:46:22.525 INFO - Executing: [set script timeoutt: 5000])
21:46:22.528 INFO - Done: [set script timeoutt: 5000]
21:46:22.532 INFO - Executing: [execute async script: var passedArgs = Array.prototype.slice.call(arguments,0); return function (data, meteorCallback) {
      ActiveEntry.reset();
    }.apply(window, passedArgs);, []])
21:46:28.188 WARN - Exception thrown
org.openqa.selenium.TimeoutException: asynchronous script timeout: result was not received in 5 seconds
  (Session info: chrome=53.0.2785.143)
  (Driver info: chromedriver=2.19.346063 (38b35413bd4a486d436a9749e090454bc9ff6708),platform=Mac OS X 10.11.5 x86_64) (WARNING: The server did not provide any stacktrace information)
Command duration or timeout: 5.11 seconds
Build info: version: '2.45.0', revision: '5017cb8', time: '2015-02-26 23:59:50'
System info: host: 'Abigails-Mac-mini-2.local', ip: '172.20.10.2', os.name: 'Mac OS X', os.arch: 'x86_64', os.version: '10.11.5', java.version: '1.8.0_101'
Driver info: org.openqa.selenium.chrome.ChromeDriver
Capabilities [{applicationCacheEnabled=false, rotatable=false, mobileEmulationEnabled=false, chrome={userDataDir=/var/folders/wy/x2wnhsd15rxbcnwr07g161b00000gn/T/.org.chromium.Chromium.JK5Obo}, takesHeapSnapshot=true, databaseEnabled=false, handlesAlerts=true, hasTouchScreen=false, version=53.0.2785.143, platform=MAC, browserConnectionEnabled=false, nativeEvents=true, acceptSslCerts=true, locationContextEnabled=true, webStorageEnabled=true, browserName=chrome, takesScreenshot=true, javascriptEnabled=true, cssSelectorsEnabled=true}]
Session ID: d390096a3f9320bbcab05e50ab646b38
	at sun.reflect.NativeConstructorAccessorImpl.newInstance0(Native Method)
	at sun.reflect.NativeConstructorAccessorImpl.newInstance(NativeConstructorAccessorImpl.java:62)
	at sun.reflect.DelegatingConstructorAccessorImpl.newInstance(DelegatingConstructorAccessorImpl.java:45)
	at java.lang.reflect.Constructor.newInstance(Constructor.java:423)
	at org.openqa.selenium.remote.ErrorHandler.createThrowable(ErrorHandler.java:204)
	at org.openqa.selenium.remote.ErrorHandler.throwIfResponseFailed(ErrorHandler.java:156)
	at org.openqa.selenium.remote.RemoteWebDriver.execute(RemoteWebDriver.java:599)
	at org.openqa.selenium.remote.RemoteWebDriver.executeAsyncScript(RemoteWebDriver.java:526)
	at sun.reflect.NativeMethodAccessorImpl.invoke0(Native Method)
	at sun.reflect.NativeMethodAccessorImpl.invoke(NativeMethodAccessorImpl.java:62)
	at sun.reflect.DelegatingMethodAccessorImpl.invoke(DelegatingMethodAccessorImpl.java:43)
	at java.lang.reflect.Method.invoke(Method.java:498)
	at org.openqa.selenium.support.events.EventFiringWebDriver$2.invoke(EventFiringWebDriver.java:101)
	at com.sun.proxy.$Proxy1.executeAsyncScript(Unknown Source)
	at org.openqa.selenium.support.events.EventFiringWebDriver.executeAsyncScript(EventFiringWebDriver.java:225)
	at org.openqa.selenium.remote.server.handler.ExecuteAsyncScript.call(ExecuteAsyncScript.java:57)
	at java.util.concurrent.FutureTask.run(FutureTask.java:266)
	at org.openqa.selenium.remote.server.DefaultSession$1.run(DefaultSession.java:168)
	at java.util.concurrent.ThreadPoolExecutor.runWorker(ThreadPoolExecutor.java:1142)
	at java.util.concurrent.ThreadPoolExecutor$Worker.run(ThreadPoolExecutor.java:617)
	at java.lang.Thread.run(Thread.java:745)
21:46:28.188 WARN - Exception: asynchronous script timeout: result was not received in 5 seconds
  (Session info: chrome=53.0.2785.143)
  (Driver info: chromedriver=2.19.346063 (38b35413bd4a486d436a9749e090454bc9ff6708),platform=Mac OS X 10.11.5 x86_64) (WARNING: The server did not provide any stacktrace information)
Command duration or timeout: 5.11 seconds
Build info: version: '2.45.0', revision: '5017cb8', time: '2015-02-26 23:59:50'
System info: host: 'Abigails-Mac-mini-2.local', ip: '172.20.10.2', os.name: 'Mac OS X', os.arch: 'x86_64', os.version: '10.11.5', java.version: '1.8.0_101'
Driver info: org.openqa.selenium.chrome.ChromeDriver
Capabilities [{applicationCacheEnabled=false, rotatable=false, mobileEmulationEnabled=false, chrome={userDataDir=/var/folders/wy/x2wnhsd15rxbcnwr07g161b00000gn/T/.org.chromium.Chromium.JK5Obo}, takesHeapSnapshot=true, databaseEnabled=false, handlesAlerts=true, hasTouchScreen=false, version=53.0.2785.143, platform=MAC, browserConnectionEnabled=false, nativeEvents=true, acceptSslCerts=true, locationContextEnabled=true, webStorageEnabled=true, browserName=chrome, takesScreenshot=true, javascriptEnabled=true, cssSelectorsEnabled=true}]
Session ID: d390096a3f9320bbcab05e50ab646b38
21:46:29.405 INFO - Executing: [find elements: By.cssSelector: #signUpPageEmailInput])
21:46:29.412 INFO - Done: [find elements: By.cssSelector: #signUpPageEmailInput]
21:46:29.415 INFO - Executing: [find element: By.cssSelector: #signUpPageEmailInput])
21:46:29.421 INFO - Done: [find element: By.cssSelector: #signUpPageEmailInput]
21:46:29.424 INFO - Executing: [get value of css property: 3 [[ChromeDriver: chrome on MAC (d390096a3f9320bbcab05e50ab646b38)] -> css selector: #signUpPageEmailInput], border])
21:46:29.432 INFO - Done: [get value of css property: 3 [[ChromeDriver: chrome on MAC (d390096a3f9320bbcab05e50ab646b38)] -> css selector: #signUpPageEmailInput], border]
21:46:29.434 INFO - Executing: [take screenshot])
21:46:29.607 INFO - Done: [take screenshot]
21:46:29.612 INFO - Executing: [find element: By.cssSelector: #signUpPageEmailInput])
21:46:29.618 INFO - Done: [find element: By.cssSelector: #signUpPageEmailInput]
21:46:29.620 INFO - Executing: [send keys: 3 [[ChromeDriver: chrome on MAC (d390096a3f9320bbcab05e50ab646b38)] -> css selector: #signUpPageEmailInput], [j, a, n, i, c, e, d, o, e]])
21:46:29.682 INFO - Done: [send keys: 3 [[ChromeDriver: chrome on MAC (d390096a3f9320bbcab05e50ab646b38)] -> css selector: #signUpPageEmailInput], [j, a, n, i, c, e, d, o, e]]
21:46:29.685 INFO - Executing: [find element: By.cssSelector: #signUpPageEmailInput])
21:46:29.692 INFO - Done: [find element: By.cssSelector: #signUpPageEmailInput]
21:46:29.693 INFO - Executing: [get value of css property: 3 [[ChromeDriver: chrome on MAC (d390096a3f9320bbcab05e50ab646b38)] -> css selector: #signUpPageEmailInput], border])
21:46:29.699 INFO - Done: [get value of css property: 3 [[ChromeDriver: chrome on MAC (d390096a3f9320bbcab05e50ab646b38)] -> css selector: #signUpPageEmailInput], border]
21:46:29.701 INFO - Executing: [take screenshot])
21:46:29.840 INFO - Done: [take screenshot]
21:46:29.845 INFO - Executing: [find element: By.cssSelector: #signUpPageEmailInput])
21:46:29.853 INFO - Done: [find element: By.cssSelector: #signUpPageEmailInput]
21:46:29.856 INFO - Executing: [send keys: 3 [[ChromeDriver: chrome on MAC (d390096a3f9320bbcab05e50ab646b38)] -> css selector: #signUpPageEmailInput], [@, s, y, m, p, t, o, m, a, t, i, c, ., i, o]])
21:46:29.917 INFO - Done: [send keys: 3 [[ChromeDriver: chrome on MAC (d390096a3f9320bbcab05e50ab646b38)] -> css selector: #signUpPageEmailInput], [@, s, y, m, p, t, o, m, a, t, i, c, ., i, o]]
21:46:29.920 INFO - Executing: [find element: By.cssSelector: #signUpPageEmailInput])
21:46:29.927 INFO - Done: [find element: By.cssSelector: #signUpPageEmailInput]
21:46:29.928 INFO - Executing: [get value of css property: 3 [[ChromeDriver: chrome on MAC (d390096a3f9320bbcab05e50ab646b38)] -> css selector: #signUpPageEmailInput], border])
21:46:29.934 INFO - Done: [get value of css property: 3 [[ChromeDriver: chrome on MAC (d390096a3f9320bbcab05e50ab646b38)] -> css selector: #signUpPageEmailInput], border]
21:46:29.936 INFO - Executing: [take screenshot])
21:46:30.071 INFO - Done: [take screenshot]
21:46:30.080 INFO - Executing: [find elements: By.cssSelector: #entrySignUp])
21:46:30.088 INFO - Done: [find elements: By.cssSelector: #entrySignUp]
21:46:30.091 INFO - Executing: [find element: By.cssSelector: #signUpPagePasswordConfirmInput])
21:46:30.097 INFO - Done: [find element: By.cssSelector: #signUpPagePasswordConfirmInput]
21:46:30.099 INFO - Executing: [clear: 8 [[ChromeDriver: chrome on MAC (d390096a3f9320bbcab05e50ab646b38)] -> css selector: #signUpPagePasswordConfirmInput]])
21:46:30.114 INFO - Done: [clear: 8 [[ChromeDriver: chrome on MAC (d390096a3f9320bbcab05e50ab646b38)] -> css selector: #signUpPagePasswordConfirmInput]]
21:46:30.118 INFO - Executing: [find element: By.cssSelector: #signUpPagePasswordInput])
21:46:30.126 INFO - Done: [find element: By.cssSelector: #signUpPagePasswordInput]
21:46:30.128 INFO - Executing: [clear: 4 [[ChromeDriver: chrome on MAC (d390096a3f9320bbcab05e50ab646b38)] -> css selector: #signUpPagePasswordInput]])
21:46:30.147 INFO - Done: [clear: 4 [[ChromeDriver: chrome on MAC (d390096a3f9320bbcab05e50ab646b38)] -> css selector: #signUpPagePasswordInput]]
21:46:30.149 INFO - Executing: [find element: By.cssSelector: #signUpPageFullNameInput])
21:46:30.165 INFO - Done: [find element: By.cssSelector: #signUpPageFullNameInput]
21:46:30.166 INFO - Executing: [clear: 9 [[ChromeDriver: chrome on MAC (d390096a3f9320bbcab05e50ab646b38)] -> css selector: #signUpPageFullNameInput]])
21:46:30.190 INFO - Done: [clear: 9 [[ChromeDriver: chrome on MAC (d390096a3f9320bbcab05e50ab646b38)] -> css selector: #signUpPageFullNameInput]]
21:46:30.192 INFO - Executing: [find element: By.cssSelector: #signUpPageEmailInput])
21:46:30.199 INFO - Done: [find element: By.cssSelector: #signUpPageEmailInput]
21:46:30.200 INFO - Executing: [clear: 3 [[ChromeDriver: chrome on MAC (d390096a3f9320bbcab05e50ab646b38)] -> css selector: #signUpPageEmailInput]])
21:46:30.214 INFO - Done: [clear: 3 [[ChromeDriver: chrome on MAC (d390096a3f9320bbcab05e50ab646b38)] -> css selector: #signUpPageEmailInput]]
21:46:30.217 INFO - Executing: [set script timeoutt: 5000])
21:46:30.219 INFO - Done: [set script timeoutt: 5000]
21:46:30.221 INFO - Executing: [execute async script: var passedArgs = Array.prototype.slice.call(arguments,0); return function (data, meteorCallback) {
      ActiveEntry.reset();
    }.apply(window, passedArgs);, []])
21:46:35.827 WARN - Exception thrown
org.openqa.selenium.TimeoutException: asynchronous script timeout: result was not received in 5 seconds
  (Session info: chrome=53.0.2785.143)
  (Driver info: chromedriver=2.19.346063 (38b35413bd4a486d436a9749e090454bc9ff6708),platform=Mac OS X 10.11.5 x86_64) (WARNING: The server did not provide any stacktrace information)
Command duration or timeout: 5.08 seconds
Build info: version: '2.45.0', revision: '5017cb8', time: '2015-02-26 23:59:50'
System info: host: 'Abigails-Mac-mini-2.local', ip: '172.20.10.2', os.name: 'Mac OS X', os.arch: 'x86_64', os.version: '10.11.5', java.version: '1.8.0_101'
Driver info: org.openqa.selenium.chrome.ChromeDriver
Capabilities [{applicationCacheEnabled=false, rotatable=false, mobileEmulationEnabled=false, chrome={userDataDir=/var/folders/wy/x2wnhsd15rxbcnwr07g161b00000gn/T/.org.chromium.Chromium.JK5Obo}, takesHeapSnapshot=true, databaseEnabled=false, handlesAlerts=true, hasTouchScreen=false, version=53.0.2785.143, platform=MAC, browserConnectionEnabled=false, nativeEvents=true, acceptSslCerts=true, locationContextEnabled=true, webStorageEnabled=true, browserName=chrome, takesScreenshot=true, javascriptEnabled=true, cssSelectorsEnabled=true}]
Session ID: d390096a3f9320bbcab05e50ab646b38
	at sun.reflect.NativeConstructorAccessorImpl.newInstance0(Native Method)
	at sun.reflect.NativeConstructorAccessorImpl.newInstance(NativeConstructorAccessorImpl.java:62)
	at sun.reflect.DelegatingConstructorAccessorImpl.newInstance(DelegatingConstructorAccessorImpl.java:45)
	at java.lang.reflect.Constructor.newInstance(Constructor.java:423)
	at org.openqa.selenium.remote.ErrorHandler.createThrowable(ErrorHandler.java:204)
	at org.openqa.selenium.remote.ErrorHandler.throwIfResponseFailed(ErrorHandler.java:156)
	at org.openqa.selenium.remote.RemoteWebDriver.execute(RemoteWebDriver.java:599)
	at org.openqa.selenium.remote.RemoteWebDriver.executeAsyncScript(RemoteWebDriver.java:526)
	at sun.reflect.NativeMethodAccessorImpl.invoke0(Native Method)
	at sun.reflect.NativeMethodAccessorImpl.invoke(NativeMethodAccessorImpl.java:62)
	at sun.reflect.DelegatingMethodAccessorImpl.invoke(DelegatingMethodAccessorImpl.java:43)
	at java.lang.reflect.Method.invoke(Method.java:498)
	at org.openqa.selenium.support.events.EventFiringWebDriver$2.invoke(EventFiringWebDriver.java:101)
	at com.sun.proxy.$Proxy1.executeAsyncScript(Unknown Source)
	at org.openqa.selenium.support.events.EventFiringWebDriver.executeAsyncScript(EventFiringWebDriver.java:225)
	at org.openqa.selenium.remote.server.handler.ExecuteAsyncScript.call(ExecuteAsyncScript.java:57)
	at java.util.concurrent.FutureTask.run(FutureTask.java:266)
	at org.openqa.selenium.remote.server.DefaultSession$1.run(DefaultSession.java:168)
	at java.util.concurrent.ThreadPoolExecutor.runWorker(ThreadPoolExecutor.java:1142)
	at java.util.concurrent.ThreadPoolExecutor$Worker.run(ThreadPoolExecutor.java:617)
	at java.lang.Thread.run(Thread.java:745)
21:46:35.827 WARN - Exception: asynchronous script timeout: result was not received in 5 seconds
  (Session info: chrome=53.0.2785.143)
  (Driver info: chromedriver=2.19.346063 (38b35413bd4a486d436a9749e090454bc9ff6708),platform=Mac OS X 10.11.5 x86_64) (WARNING: The server did not provide any stacktrace information)
Command duration or timeout: 5.08 seconds
Build info: version: '2.45.0', revision: '5017cb8', time: '2015-02-26 23:59:50'
System info: host: 'Abigails-Mac-mini-2.local', ip: '172.20.10.2', os.name: 'Mac OS X', os.arch: 'x86_64', os.version: '10.11.5', java.version: '1.8.0_101'
Driver info: org.openqa.selenium.chrome.ChromeDriver
Capabilities [{applicationCacheEnabled=false, rotatable=false, mobileEmulationEnabled=false, chrome={userDataDir=/var/folders/wy/x2wnhsd15rxbcnwr07g161b00000gn/T/.org.chromium.Chromium.JK5Obo}, takesHeapSnapshot=true, databaseEnabled=false, handlesAlerts=true, hasTouchScreen=false, version=53.0.2785.143, platform=MAC, browserConnectionEnabled=false, nativeEvents=true, acceptSslCerts=true, locationContextEnabled=true, webStorageEnabled=true, browserName=chrome, takesScreenshot=true, javascriptEnabled=true, cssSelectorsEnabled=true}]
Session ID: d390096a3f9320bbcab05e50ab646b38
21:46:37.024 INFO - Executing: [find element: By.cssSelector: #signUpPageFullNameInput])
21:46:37.033 INFO - Done: [find element: By.cssSelector: #signUpPageFullNameInput]
21:46:37.035 INFO - Executing: [send keys: 9 [[ChromeDriver: chrome on MAC (d390096a3f9320bbcab05e50ab646b38)] -> css selector: #signUpPageFullNameInput], [J, a, n, i, c, e,  , D, o, e]])
21:46:37.098 INFO - Done: [send keys: 9 [[ChromeDriver: chrome on MAC (d390096a3f9320bbcab05e50ab646b38)] -> css selector: #signUpPageFullNameInput], [J, a, n, i, c, e,  , D, o, e]]
21:46:37.100 INFO - Executing: [find element: By.cssSelector: #signUpPageEmailInput])
21:46:37.107 INFO - Done: [find element: By.cssSelector: #signUpPageEmailInput]
21:46:37.109 INFO - Executing: [send keys: 3 [[ChromeDriver: chrome on MAC (d390096a3f9320bbcab05e50ab646b38)] -> css selector: #signUpPageEmailInput], [j, a, n, i, c, e, d, o, e, @, s, y, m, p, t, o, m, a, t, i, c, ., i, o]])
21:46:37.205 INFO - Done: [send keys: 3 [[ChromeDriver: chrome on MAC (d390096a3f9320bbcab05e50ab646b38)] -> css selector: #signUpPageEmailInput], [j, a, n, i, c, e, d, o, e, @, s, y, m, p, t, o, m, a, t, i, c, ., i, o]]
21:46:37.208 INFO - Executing: [find element: By.cssSelector: #signUpPagePasswordInput])
21:46:37.216 INFO - Done: [find element: By.cssSelector: #signUpPagePasswordInput]
21:46:37.219 INFO - Executing: [send keys: 4 [[ChromeDriver: chrome on MAC (d390096a3f9320bbcab05e50ab646b38)] -> css selector: #signUpPagePasswordInput], [j, a, n, i, c, e, d, o, e, 1, 2, 3]])
21:46:37.271 INFO - Done: [send keys: 4 [[ChromeDriver: chrome on MAC (d390096a3f9320bbcab05e50ab646b38)] -> css selector: #signUpPagePasswordInput], [j, a, n, i, c, e, d, o, e, 1, 2, 3]]
21:46:37.274 INFO - Executing: [find element: By.cssSelector: #signUpPagePasswordConfirmInput])
21:46:37.283 INFO - Done: [find element: By.cssSelector: #signUpPagePasswordConfirmInput]
21:46:37.286 INFO - Executing: [send keys: 8 [[ChromeDriver: chrome on MAC (d390096a3f9320bbcab05e50ab646b38)] -> css selector: #signUpPagePasswordConfirmInput], [j, a, n, i, c, e, d, o, e, 1, 2, 3]])
21:46:37.333 INFO - Done: [send keys: 8 [[ChromeDriver: chrome on MAC (d390096a3f9320bbcab05e50ab646b38)] -> css selector: #signUpPagePasswordConfirmInput], [j, a, n, i, c, e, d, o, e, 1, 2, 3]]
21:46:37.336 INFO - Executing: [take screenshot])
21:46:37.502 INFO - Done: [take screenshot]
21:46:37.506 INFO - Executing: [find element: By.cssSelector: #signUpPageJoinNowButton])
21:46:37.523 INFO - Done: [find element: By.cssSelector: #signUpPageJoinNowButton]
21:46:37.525 INFO - Executing: [click: 5 [[ChromeDriver: chrome on MAC (d390096a3f9320bbcab05e50ab646b38)] -> css selector: #signUpPageJoinNowButton]])
21:46:37.567 INFO - Done: [click: 5 [[ChromeDriver: chrome on MAC (d390096a3f9320bbcab05e50ab646b38)] -> css selector: #signUpPageJoinNowButton]]
21:46:38.571 INFO - Executing: [take screenshot])
21:46:38.815 INFO - Done: [take screenshot]
21:46:38.820 INFO - Executing: [find element: By.cssSelector: #usernameLink])
21:46:38.835 INFO - Done: [find element: By.cssSelector: #usernameLink]
21:46:38.838 INFO - Executing: [get text: 10 [[ChromeDriver: chrome on MAC (d390096a3f9320bbcab05e50ab646b38)] -> css selector: #usernameLink]])
21:46:38.857 INFO - Done: [get text: 10 [[ChromeDriver: chrome on MAC (d390096a3f9320bbcab05e50ab646b38)] -> css selector: #usernameLink]]
21:46:38.863 INFO - Executing: [find elements: By.cssSelector: #logoutButton])
21:46:38.879 INFO - Done: [find elements: By.cssSelector: #logoutButton]
21:46:38.881 INFO - Executing: [take screenshot])
21:46:39.001 INFO - Done: [take screenshot]
21:46:39.006 INFO - Executing: [find element: By.cssSelector: #logoutButton])
21:46:39.022 INFO - Done: [find element: By.cssSelector: #logoutButton]
21:46:39.024 INFO - Executing: [click: 11 [[ChromeDriver: chrome on MAC (d390096a3f9320bbcab05e50ab646b38)] -> css selector: #logoutButton]])
21:46:39.061 INFO - Done: [click: 11 [[ChromeDriver: chrome on MAC (d390096a3f9320bbcab05e50ab646b38)] -> css selector: #logoutButton]]
21:46:39.368 INFO - Executing: [find element: By.cssSelector: #usernameLink])
21:46:39.376 INFO - Done: [find element: By.cssSelector: #usernameLink]
21:46:39.378 INFO - Executing: [get text: 10 [[ChromeDriver: chrome on MAC (d390096a3f9320bbcab05e50ab646b38)] -> css selector: #usernameLink]])
21:46:39.387 INFO - Done: [get text: 10 [[ChromeDriver: chrome on MAC (d390096a3f9320bbcab05e50ab646b38)] -> css selector: #usernameLink]]
21:46:39.389 INFO - Executing: [take screenshot])
21:46:39.525 INFO - Done: [take screenshot]
21:46:39.530 INFO - Executing: [get: http://localhost:3000/entrySignIn])
21:46:40.255 INFO - Done: [get: http://localhost:3000/entrySignIn]
21:46:40.258 INFO - Executing: [find elements: By.cssSelector: #forgotPasswordButton])
21:46:40.301 INFO - Done: [find elements: By.cssSelector: #forgotPasswordButton]
21:46:40.304 INFO - Executing: [take screenshot])
21:46:40.533 INFO - Done: [take screenshot]
21:46:40.540 INFO - Executing: [find element: By.cssSelector: #forgotPasswordButton])
21:46:40.558 INFO - Done: [find element: By.cssSelector: #forgotPasswordButton]
21:46:40.560 INFO - Executing: [click: 12 [[ChromeDriver: chrome on MAC (d390096a3f9320bbcab05e50ab646b38)] -> css selector: #forgotPasswordButton]])
21:46:40.615 INFO - Done: [click: 12 [[ChromeDriver: chrome on MAC (d390096a3f9320bbcab05e50ab646b38)] -> css selector: #forgotPasswordButton]]
21:46:40.618 INFO - Executing: [find elements: By.cssSelector: #forgotPassword])
21:46:40.660 INFO - Done: [find elements: By.cssSelector: #forgotPassword]
21:46:40.664 INFO - Executing: [find elements: By.cssSelector: #signInPageEmailInput])
21:46:40.687 INFO - Done: [find elements: By.cssSelector: #signInPageEmailInput]
21:46:40.692 INFO - Executing: [find elements: By.cssSelector: #sendReminderButton])
21:46:40.715 INFO - Done: [find elements: By.cssSelector: #sendReminderButton]
21:46:40.718 INFO - Executing: [take screenshot])
21:46:40.866 INFO - Done: [take screenshot]
21:46:40.877 INFO - Executing: [execute script: var passedArgs = Array.prototype.slice.call(arguments,0); return function () {
      return Meteor.logout();
    }.apply(window, passedArgs);, []])
21:46:40.886 INFO - Done: [execute script: var passedArgs = Array.prototype.slice.call(arguments,0); return function () {
      return Meteor.logout();
    }.apply(window, passedArgs);, []]
21:46:41.896 INFO - Executing: [get: http://localhost:3000/entrySignIn])
21:46:42.433 INFO - Done: [get: http://localhost:3000/entrySignIn]
21:46:42.442 INFO - Executing: [set window size])
21:46:42.572 INFO - Done: [set window size]
21:46:42.576 INFO - Executing: [find element: By.cssSelector: #usernameLink])
21:46:42.612 INFO - Done: [find element: By.cssSelector: #usernameLink]
21:46:42.616 INFO - Executing: [get text: 16 [[ChromeDriver: chrome on MAC (d390096a3f9320bbcab05e50ab646b38)] -> css selector: #usernameLink]])
21:46:42.663 INFO - Done: [get text: 16 [[ChromeDriver: chrome on MAC (d390096a3f9320bbcab05e50ab646b38)] -> css selector: #usernameLink]]
21:46:42.667 INFO - Executing: [take screenshot])
21:46:42.845 INFO - Done: [take screenshot]
21:46:42.853 INFO - Executing: [find elements: By.cssSelector: #entrySignIn])
21:46:42.868 INFO - Done: [find elements: By.cssSelector: #entrySignIn]
21:46:42.871 INFO - Executing: [find elements: By.cssSelector: #signInPageEmailInput])
21:46:42.886 INFO - Done: [find elements: By.cssSelector: #signInPageEmailInput]
21:46:42.888 INFO - Executing: [find element: By.cssSelector: #signInPageEmailInput])
21:46:42.903 INFO - Done: [find element: By.cssSelector: #signInPageEmailInput]
21:46:42.906 INFO - Executing: [clear: 18 [[ChromeDriver: chrome on MAC (d390096a3f9320bbcab05e50ab646b38)] -> css selector: #signInPageEmailInput]])
21:46:42.929 INFO - Done: [clear: 18 [[ChromeDriver: chrome on MAC (d390096a3f9320bbcab05e50ab646b38)] -> css selector: #signInPageEmailInput]]
21:46:42.931 INFO - Executing: [find element: By.cssSelector: #signInPageEmailInput])
21:46:42.939 INFO - Done: [find element: By.cssSelector: #signInPageEmailInput]
21:46:42.941 INFO - Executing: [send keys: 18 [[ChromeDriver: chrome on MAC (d390096a3f9320bbcab05e50ab646b38)] -> css selector: #signInPageEmailInput], [j, a, n, i, c, e, d, o, e, @, s, y, m, p, t, o, m, a, t, i, c, ., i, o]])
21:46:43.062 INFO - Done: [send keys: 18 [[ChromeDriver: chrome on MAC (d390096a3f9320bbcab05e50ab646b38)] -> css selector: #signInPageEmailInput], [j, a, n, i, c, e, d, o, e, @, s, y, m, p, t, o, m, a, t, i, c, ., i, o]]
21:46:43.065 INFO - Executing: [find elements: By.cssSelector: #signInPagePasswordInput])
21:46:43.081 INFO - Done: [find elements: By.cssSelector: #signInPagePasswordInput]
21:46:43.083 INFO - Executing: [find element: By.cssSelector: #signInPagePasswordInput])
21:46:43.099 INFO - Done: [find element: By.cssSelector: #signInPagePasswordInput]
21:46:43.101 INFO - Executing: [clear: 19 [[ChromeDriver: chrome on MAC (d390096a3f9320bbcab05e50ab646b38)] -> css selector: #signInPagePasswordInput]])
21:46:43.128 INFO - Done: [clear: 19 [[ChromeDriver: chrome on MAC (d390096a3f9320bbcab05e50ab646b38)] -> css selector: #signInPagePasswordInput]]
21:46:43.130 INFO - Executing: [find element: By.cssSelector: #signInPagePasswordInput])
21:46:43.138 INFO - Done: [find element: By.cssSelector: #signInPagePasswordInput]
21:46:43.141 INFO - Executing: [send keys: 19 [[ChromeDriver: chrome on MAC (d390096a3f9320bbcab05e50ab646b38)] -> css selector: #signInPagePasswordInput], [j, a, n, i, c, e, d, o, e, 1, 2, 3]])
21:46:43.207 INFO - Done: [send keys: 19 [[ChromeDriver: chrome on MAC (d390096a3f9320bbcab05e50ab646b38)] -> css selector: #signInPagePasswordInput], [j, a, n, i, c, e, d, o, e, 1, 2, 3]]
21:46:43.211 INFO - Executing: [find element: By.cssSelector: #signInToAppButton])
21:46:43.232 INFO - Done: [find element: By.cssSelector: #signInToAppButton]
21:46:43.236 INFO - Executing: [click: 20 [[ChromeDriver: chrome on MAC (d390096a3f9320bbcab05e50ab646b38)] -> css selector: #signInToAppButton]])
21:46:43.286 INFO - Done: [click: 20 [[ChromeDriver: chrome on MAC (d390096a3f9320bbcab05e50ab646b38)] -> css selector: #signInToAppButton]]
21:46:44.796 INFO - Executing: [find element: By.cssSelector: #usernameLink])
21:46:44.804 INFO - Done: [find element: By.cssSelector: #usernameLink]
21:46:44.806 INFO - Executing: [get text: 16 [[ChromeDriver: chrome on MAC (d390096a3f9320bbcab05e50ab646b38)] -> css selector: #usernameLink]])
21:46:44.813 INFO - Done: [get text: 16 [[ChromeDriver: chrome on MAC (d390096a3f9320bbcab05e50ab646b38)] -> css selector: #usernameLink]]
21:46:44.817 INFO - Executing: [take screenshot])
21:46:44.962 INFO - Done: [take screenshot]
21:46:44.969 INFO - Executing: [find element: By.cssSelector: #logoutButton])
21:46:44.984 INFO - Done: [find element: By.cssSelector: #logoutButton]
21:46:44.986 INFO - Executing: [click: 21 [[ChromeDriver: chrome on MAC (d390096a3f9320bbcab05e50ab646b38)] -> css selector: #logoutButton]])
21:46:45.022 INFO - Done: [click: 21 [[ChromeDriver: chrome on MAC (d390096a3f9320bbcab05e50ab646b38)] -> css selector: #logoutButton]]
21:46:45.229 INFO - Executing: [find element: By.cssSelector: #usernameLink])
21:46:45.236 INFO - Done: [find element: By.cssSelector: #usernameLink]
21:46:45.238 INFO - Executing: [get text: 16 [[ChromeDriver: chrome on MAC (d390096a3f9320bbcab05e50ab646b38)] -> css selector: #usernameLink]])
21:46:45.247 INFO - Done: [get text: 16 [[ChromeDriver: chrome on MAC (d390096a3f9320bbcab05e50ab646b38)] -> css selector: #usernameLink]]
21:46:45.250 INFO - Executing: [execute script: var passedArgs = Array.prototype.slice.call(arguments,0); return function () {
      return Meteor.logout();
    }.apply(window, passedArgs);, []])
21:46:45.254 INFO - Done: [execute script: var passedArgs = Array.prototype.slice.call(arguments,0); return function () {
      return Meteor.logout();
    }.apply(window, passedArgs);, []]
21:46:46.261 INFO - Executing: [get: http://localhost:3000/entrySignIn])
21:46:46.661 INFO - Done: [get: http://localhost:3000/entrySignIn]
21:46:46.663 INFO - Executing: [set window size])
21:46:46.848 INFO - Done: [set window size]
21:46:46.854 INFO - Executing: [find element: By.cssSelector: #usernameLink])
21:46:46.870 INFO - Done: [find element: By.cssSelector: #usernameLink]
21:46:46.872 INFO - Executing: [get text: 22 [[ChromeDriver: chrome on MAC (d390096a3f9320bbcab05e50ab646b38)] -> css selector: #usernameLink]])
21:46:46.893 INFO - Done: [get text: 22 [[ChromeDriver: chrome on MAC (d390096a3f9320bbcab05e50ab646b38)] -> css selector: #usernameLink]]
21:46:46.896 INFO - Executing: [take screenshot])
21:46:47.011 INFO - Done: [take screenshot]
21:46:47.018 INFO - Executing: [find elements: By.cssSelector: #entrySignIn])
21:46:47.025 INFO - Done: [find elements: By.cssSelector: #entrySignIn]
21:46:47.027 INFO - Executing: [find elements: By.cssSelector: #signInPageEmailInput])
21:46:47.034 INFO - Done: [find elements: By.cssSelector: #signInPageEmailInput]
21:46:47.037 INFO - Executing: [find element: By.cssSelector: #signInPageEmailInput])
21:46:47.043 INFO - Done: [find element: By.cssSelector: #signInPageEmailInput]
21:46:47.045 INFO - Executing: [clear: 24 [[ChromeDriver: chrome on MAC (d390096a3f9320bbcab05e50ab646b38)] -> css selector: #signInPageEmailInput]])
21:46:47.067 INFO - Done: [clear: 24 [[ChromeDriver: chrome on MAC (d390096a3f9320bbcab05e50ab646b38)] -> css selector: #signInPageEmailInput]]
21:46:47.070 INFO - Executing: [find element: By.cssSelector: #signInPageEmailInput])
21:46:47.076 INFO - Done: [find element: By.cssSelector: #signInPageEmailInput]
21:46:47.080 INFO - Executing: [send keys: 24 [[ChromeDriver: chrome on MAC (d390096a3f9320bbcab05e50ab646b38)] -> css selector: #signInPageEmailInput], [j, a, n, i, c, e, d, o, e, @, s, y, m, p, t, o, m, a, t, i, c, ., i, o]])
21:46:47.180 INFO - Done: [send keys: 24 [[ChromeDriver: chrome on MAC (d390096a3f9320bbcab05e50ab646b38)] -> css selector: #signInPageEmailInput], [j, a, n, i, c, e, d, o, e, @, s, y, m, p, t, o, m, a, t, i, c, ., i, o]]
21:46:47.183 INFO - Executing: [find elements: By.cssSelector: #signInPagePasswordInput])
21:46:47.189 INFO - Done: [find elements: By.cssSelector: #signInPagePasswordInput]
21:46:47.192 INFO - Executing: [find element: By.cssSelector: #signInPagePasswordInput])
21:46:47.198 INFO - Done: [find element: By.cssSelector: #signInPagePasswordInput]
21:46:47.200 INFO - Executing: [clear: 25 [[ChromeDriver: chrome on MAC (d390096a3f9320bbcab05e50ab646b38)] -> css selector: #signInPagePasswordInput]])
21:46:47.226 INFO - Done: [clear: 25 [[ChromeDriver: chrome on MAC (d390096a3f9320bbcab05e50ab646b38)] -> css selector: #signInPagePasswordInput]]
21:46:47.229 INFO - Executing: [find element: By.cssSelector: #signInPagePasswordInput])
21:46:47.236 INFO - Done: [find element: By.cssSelector: #signInPagePasswordInput]
21:46:47.238 INFO - Executing: [send keys: 25 [[ChromeDriver: chrome on MAC (d390096a3f9320bbcab05e50ab646b38)] -> css selector: #signInPagePasswordInput], [j, a, n, i, c, e, d, o, e, 1, 2, 3]])
21:46:47.296 INFO - Done: [send keys: 25 [[ChromeDriver: chrome on MAC (d390096a3f9320bbcab05e50ab646b38)] -> css selector: #signInPagePasswordInput], [j, a, n, i, c, e, d, o, e, 1, 2, 3]]
21:46:47.299 INFO - Executing: [find element: By.cssSelector: #signInToAppButton])
21:46:47.315 INFO - Done: [find element: By.cssSelector: #signInToAppButton]
21:46:47.317 INFO - Executing: [click: 26 [[ChromeDriver: chrome on MAC (d390096a3f9320bbcab05e50ab646b38)] -> css selector: #signInToAppButton]])
21:46:47.361 INFO - Done: [click: 26 [[ChromeDriver: chrome on MAC (d390096a3f9320bbcab05e50ab646b38)] -> css selector: #signInToAppButton]]
21:46:48.868 INFO - Executing: [find element: By.cssSelector: #usernameLink])
21:46:48.877 INFO - Done: [find element: By.cssSelector: #usernameLink]
21:46:48.879 INFO - Executing: [get text: 22 [[ChromeDriver: chrome on MAC (d390096a3f9320bbcab05e50ab646b38)] -> css selector: #usernameLink]])
21:46:48.887 INFO - Done: [get text: 22 [[ChromeDriver: chrome on MAC (d390096a3f9320bbcab05e50ab646b38)] -> css selector: #usernameLink]]
21:46:48.890 INFO - Executing: [find element: By.cssSelector: #logoutButton])
21:46:48.897 INFO - Done: [find element: By.cssSelector: #logoutButton]
21:46:48.899 INFO - Executing: [click: 27 [[ChromeDriver: chrome on MAC (d390096a3f9320bbcab05e50ab646b38)] -> css selector: #logoutButton]])
21:46:48.937 INFO - Done: [click: 27 [[ChromeDriver: chrome on MAC (d390096a3f9320bbcab05e50ab646b38)] -> css selector: #logoutButton]]
21:46:49.144 INFO - Executing: [find element: By.cssSelector: #usernameLink])
21:46:49.152 INFO - Done: [find element: By.cssSelector: #usernameLink]
21:46:49.153 INFO - Executing: [get text: 22 [[ChromeDriver: chrome on MAC (d390096a3f9320bbcab05e50ab646b38)] -> css selector: #usernameLink]])
21:46:49.162 INFO - Done: [get text: 22 [[ChromeDriver: chrome on MAC (d390096a3f9320bbcab05e50ab646b38)] -> css selector: #usernameLink]]
21:46:49.165 INFO - Executing: [execute script: var passedArgs = Array.prototype.slice.call(arguments,0); return function () {
      return Meteor.logout();
    }.apply(window, passedArgs);, []])
21:46:49.169 INFO - Done: [execute script: var passedArgs = Array.prototype.slice.call(arguments,0); return function () {
      return Meteor.logout();
    }.apply(window, passedArgs);, []]
21:46:50.176 INFO - Executing: [get: http://localhost:3000/entrySignIn])
21:46:50.634 INFO - Done: [get: http://localhost:3000/entrySignIn]
21:46:50.637 INFO - Executing: [set window size])
21:46:50.816 INFO - Done: [set window size]
21:46:50.819 INFO - Executing: [take screenshot])
21:46:50.940 INFO - Done: [take screenshot]
21:46:50.944 INFO - Executing: [take screenshot])
21:46:51.056 INFO - Done: [take screenshot]
21:46:51.067 INFO - Executing: [find elements: By.cssSelector: #entrySignIn])
21:46:51.075 INFO - Done: [find elements: By.cssSelector: #entrySignIn]
21:46:51.077 INFO - Executing: [find elements: By.cssSelector: #signInPageEmailInput])
21:46:51.084 INFO - Done: [find elements: By.cssSelector: #signInPageEmailInput]
21:46:51.086 INFO - Executing: [find element: By.cssSelector: #signInPageEmailInput])
21:46:51.093 INFO - Done: [find element: By.cssSelector: #signInPageEmailInput]
21:46:51.095 INFO - Executing: [clear: 29 [[ChromeDriver: chrome on MAC (d390096a3f9320bbcab05e50ab646b38)] -> css selector: #signInPageEmailInput]])
21:46:51.118 INFO - Done: [clear: 29 [[ChromeDriver: chrome on MAC (d390096a3f9320bbcab05e50ab646b38)] -> css selector: #signInPageEmailInput]]
21:46:51.121 INFO - Executing: [find element: By.cssSelector: #signInPageEmailInput])
21:46:51.127 INFO - Done: [find element: By.cssSelector: #signInPageEmailInput]
21:46:51.130 INFO - Executing: [send keys: 29 [[ChromeDriver: chrome on MAC (d390096a3f9320bbcab05e50ab646b38)] -> css selector: #signInPageEmailInput], [j, a, n, i, c, e, d, o, e, @, s, y, m, p, t, o, m, a, t, i, c, ., i, o]])
21:46:51.233 INFO - Done: [send keys: 29 [[ChromeDriver: chrome on MAC (d390096a3f9320bbcab05e50ab646b38)] -> css selector: #signInPageEmailInput], [j, a, n, i, c, e, d, o, e, @, s, y, m, p, t, o, m, a, t, i, c, ., i, o]]
21:46:51.237 INFO - Executing: [find elements: By.cssSelector: #signInPagePasswordInput])
21:46:51.244 INFO - Done: [find elements: By.cssSelector: #signInPagePasswordInput]
21:46:51.246 INFO - Executing: [find element: By.cssSelector: #signInPagePasswordInput])
21:46:51.254 INFO - Done: [find element: By.cssSelector: #signInPagePasswordInput]
21:46:51.256 INFO - Executing: [clear: 30 [[ChromeDriver: chrome on MAC (d390096a3f9320bbcab05e50ab646b38)] -> css selector: #signInPagePasswordInput]])
21:46:51.278 INFO - Done: [clear: 30 [[ChromeDriver: chrome on MAC (d390096a3f9320bbcab05e50ab646b38)] -> css selector: #signInPagePasswordInput]]
21:46:51.283 INFO - Executing: [find element: By.cssSelector: #signInPagePasswordInput])
21:46:51.290 INFO - Done: [find element: By.cssSelector: #signInPagePasswordInput]
21:46:51.292 INFO - Executing: [send keys: 30 [[ChromeDriver: chrome on MAC (d390096a3f9320bbcab05e50ab646b38)] -> css selector: #signInPagePasswordInput], [j, a, n, i, c, e, d, o, e, 1, 2, 3]])
21:46:51.356 INFO - Done: [send keys: 30 [[ChromeDriver: chrome on MAC (d390096a3f9320bbcab05e50ab646b38)] -> css selector: #signInPagePasswordInput], [j, a, n, i, c, e, d, o, e, 1, 2, 3]]
21:46:51.358 INFO - Executing: [find element: By.cssSelector: #signInToAppButton])
21:46:51.365 INFO - Done: [find element: By.cssSelector: #signInToAppButton]
21:46:51.367 INFO - Executing: [click: 31 [[ChromeDriver: chrome on MAC (d390096a3f9320bbcab05e50ab646b38)] -> css selector: #signInToAppButton]])
21:46:51.412 INFO - Done: [click: 31 [[ChromeDriver: chrome on MAC (d390096a3f9320bbcab05e50ab646b38)] -> css selector: #signInToAppButton]]
21:46:52.919 INFO - Executing: [take screenshot])
21:46:53.034 INFO - Done: [take screenshot]
21:46:53.036 INFO - Executing: [find element: By.cssSelector: #navbarHeader])
21:46:53.054 INFO - Done: [find element: By.cssSelector: #navbarHeader]
21:46:53.056 INFO - Executing: [click: 32 [[ChromeDriver: chrome on MAC (d390096a3f9320bbcab05e50ab646b38)] -> css selector: #navbarHeader]])
21:46:53.091 INFO - Done: [click: 32 [[ChromeDriver: chrome on MAC (d390096a3f9320bbcab05e50ab646b38)] -> css selector: #navbarHeader]]
21:46:53.396 INFO - Executing: [find element: By.cssSelector: #usernameLink])
21:46:53.403 INFO - Done: [find element: By.cssSelector: #usernameLink]
21:46:53.405 INFO - Executing: [get text: 33 [[ChromeDriver: chrome on MAC (d390096a3f9320bbcab05e50ab646b38)] -> css selector: #usernameLink]])
21:46:53.425 INFO - Done: [get text: 33 [[ChromeDriver: chrome on MAC (d390096a3f9320bbcab05e50ab646b38)] -> css selector: #usernameLink]]
21:46:53.427 INFO - Executing: [take screenshot])
21:46:53.541 INFO - Done: [take screenshot]
21:46:53.544 INFO - Executing: [find element: By.cssSelector: #logoutButton])
21:46:53.550 INFO - Done: [find element: By.cssSelector: #logoutButton]
21:46:53.552 INFO - Executing: [click: 34 [[ChromeDriver: chrome on MAC (d390096a3f9320bbcab05e50ab646b38)] -> css selector: #logoutButton]])
21:46:53.586 INFO - Done: [click: 34 [[ChromeDriver: chrome on MAC (d390096a3f9320bbcab05e50ab646b38)] -> css selector: #logoutButton]]
21:46:54.191 INFO - Executing: [find element: By.cssSelector: #usernameLink])
21:46:54.198 INFO - Done: [find element: By.cssSelector: #usernameLink]
21:46:54.200 INFO - Executing: [get text: 33 [[ChromeDriver: chrome on MAC (d390096a3f9320bbcab05e50ab646b38)] -> css selector: #usernameLink]])
21:46:54.208 INFO - Done: [get text: 33 [[ChromeDriver: chrome on MAC (d390096a3f9320bbcab05e50ab646b38)] -> css selector: #usernameLink]]
21:46:54.210 INFO - Executing: [take screenshot])
21:46:54.323 INFO - Done: [take screenshot]
21:46:54.329 INFO - Executing: [get: http://localhost:3000/entrySignIn])
21:46:54.754 INFO - Done: [get: http://localhost:3000/entrySignIn]
21:46:54.756 INFO - Executing: [set window size])
21:46:54.937 INFO - Done: [set window size]
21:46:55.242 INFO - Executing: [find elements: By.cssSelector: #entrySignIn])
21:46:55.252 INFO - Done: [find elements: By.cssSelector: #entrySignIn]
21:46:55.255 INFO - Executing: [find elements: By.cssSelector: #signInPageEmailInput])
21:46:55.261 INFO - Done: [find elements: By.cssSelector: #signInPageEmailInput]
21:46:55.263 INFO - Executing: [find element: By.cssSelector: #signInPageEmailInput])
21:46:55.270 INFO - Done: [find element: By.cssSelector: #signInPageEmailInput]
21:46:55.272 INFO - Executing: [clear: 36 [[ChromeDriver: chrome on MAC (d390096a3f9320bbcab05e50ab646b38)] -> css selector: #signInPageEmailInput]])
21:46:55.295 INFO - Done: [clear: 36 [[ChromeDriver: chrome on MAC (d390096a3f9320bbcab05e50ab646b38)] -> css selector: #signInPageEmailInput]]
21:46:55.297 INFO - Executing: [find element: By.cssSelector: #signInPageEmailInput])
21:46:55.306 INFO - Done: [find element: By.cssSelector: #signInPageEmailInput]
21:46:55.309 INFO - Executing: [send keys: 36 [[ChromeDriver: chrome on MAC (d390096a3f9320bbcab05e50ab646b38)] -> css selector: #signInPageEmailInput], [j, a, n, i, c, e, d, o, e, @, s, y, m, p, t, o, m, a, t, i, c, ., i, o]])
21:46:55.405 INFO - Done: [send keys: 36 [[ChromeDriver: chrome on MAC (d390096a3f9320bbcab05e50ab646b38)] -> css selector: #signInPageEmailInput], [j, a, n, i, c, e, d, o, e, @, s, y, m, p, t, o, m, a, t, i, c, ., i, o]]
21:46:55.408 INFO - Executing: [find elements: By.cssSelector: #signInPagePasswordInput])
21:46:55.415 INFO - Done: [find elements: By.cssSelector: #signInPagePasswordInput]
21:46:55.417 INFO - Executing: [find element: By.cssSelector: #signInPagePasswordInput])
21:46:55.424 INFO - Done: [find element: By.cssSelector: #signInPagePasswordInput]
21:46:55.426 INFO - Executing: [clear: 37 [[ChromeDriver: chrome on MAC (d390096a3f9320bbcab05e50ab646b38)] -> css selector: #signInPagePasswordInput]])
21:46:55.448 INFO - Done: [clear: 37 [[ChromeDriver: chrome on MAC (d390096a3f9320bbcab05e50ab646b38)] -> css selector: #signInPagePasswordInput]]
21:46:55.450 INFO - Executing: [find element: By.cssSelector: #signInPagePasswordInput])
21:46:55.458 INFO - Done: [find element: By.cssSelector: #signInPagePasswordInput]
21:46:55.461 INFO - Executing: [send keys: 37 [[ChromeDriver: chrome on MAC (d390096a3f9320bbcab05e50ab646b38)] -> css selector: #signInPagePasswordInput], [j, a, n, i, c, e, d, o, e, 1, 2, 3]])
21:46:55.518 INFO - Done: [send keys: 37 [[ChromeDriver: chrome on MAC (d390096a3f9320bbcab05e50ab646b38)] -> css selector: #signInPagePasswordInput], [j, a, n, i, c, e, d, o, e, 1, 2, 3]]
21:46:55.520 INFO - Executing: [find element: By.cssSelector: #signInToAppButton])
21:46:55.527 INFO - Done: [find element: By.cssSelector: #signInToAppButton]
21:46:55.529 INFO - Executing: [click: 38 [[ChromeDriver: chrome on MAC (d390096a3f9320bbcab05e50ab646b38)] -> css selector: #signInToAppButton]])
21:46:55.577 INFO - Done: [click: 38 [[ChromeDriver: chrome on MAC (d390096a3f9320bbcab05e50ab646b38)] -> css selector: #signInToAppButton]]
21:46:57.086 INFO - Executing: [find element: By.cssSelector: #usernameLink])
21:46:57.094 INFO - Done: [find element: By.cssSelector: #usernameLink]
21:46:57.096 INFO - Executing: [get text: 39 [[ChromeDriver: chrome on MAC (d390096a3f9320bbcab05e50ab646b38)] -> css selector: #usernameLink]])
21:46:57.115 INFO - Done: [get text: 39 [[ChromeDriver: chrome on MAC (d390096a3f9320bbcab05e50ab646b38)] -> css selector: #usernameLink]]
21:46:57.116 INFO - Executing: [get: http://localhost:3000/changePassword])
21:46:57.540 INFO - Done: [get: http://localhost:3000/changePassword]
21:46:57.542 INFO - Executing: [find elements: By.cssSelector: #changePasswordPageOldPasswordInput])
21:46:57.581 INFO - Done: [find elements: By.cssSelector: #changePasswordPageOldPasswordInput]
21:46:57.585 INFO - Executing: [find elements: By.cssSelector: #changePasswordPagePasswordInput])
21:46:57.620 INFO - Done: [find elements: By.cssSelector: #changePasswordPagePasswordInput]
21:46:57.623 INFO - Executing: [find elements: By.cssSelector: #changePasswordPagePasswordConfirmInput])
21:46:57.659 INFO - Done: [find elements: By.cssSelector: #changePasswordPagePasswordConfirmInput]
21:46:57.663 INFO - Executing: [find elements: By.cssSelector: #changePasswordButton])
21:46:57.703 INFO - Done: [find elements: By.cssSelector: #changePasswordButton]
21:46:57.706 INFO - Executing: [take screenshot])
21:46:57.830 INFO - Done: [take screenshot]
21:46:57.841 INFO - Executing: [execute script: var passedArgs = Array.prototype.slice.call(arguments,0); return function () {
      return Meteor.logout();
    }.apply(window, passedArgs);, []])
21:46:57.847 INFO - Done: [execute script: var passedArgs = Array.prototype.slice.call(arguments,0); return function () {
      return Meteor.logout();
    }.apply(window, passedArgs);, []]
21:46:58.856 INFO - Executing: [get: http://localhost:3000/entrySignIn])
21:46:59.250 INFO - Done: [get: http://localhost:3000/entrySignIn]
21:46:59.253 INFO - Executing: [set window size])
21:46:59.367 INFO - Done: [set window size]
21:46:59.672 INFO - Executing: [find elements: By.cssSelector: #entrySignIn])
21:46:59.679 INFO - Done: [find elements: By.cssSelector: #entrySignIn]
21:46:59.682 INFO - Executing: [find elements: By.cssSelector: #signInPageEmailInput])
21:46:59.689 INFO - Done: [find elements: By.cssSelector: #signInPageEmailInput]
21:46:59.691 INFO - Executing: [find element: By.cssSelector: #signInPageEmailInput])
21:46:59.697 INFO - Done: [find element: By.cssSelector: #signInPageEmailInput]
21:46:59.699 INFO - Executing: [clear: 45 [[ChromeDriver: chrome on MAC (d390096a3f9320bbcab05e50ab646b38)] -> css selector: #signInPageEmailInput]])
21:46:59.720 INFO - Done: [clear: 45 [[ChromeDriver: chrome on MAC (d390096a3f9320bbcab05e50ab646b38)] -> css selector: #signInPageEmailInput]]
21:46:59.723 INFO - Executing: [find element: By.cssSelector: #signInPageEmailInput])
21:46:59.732 INFO - Done: [find element: By.cssSelector: #signInPageEmailInput]
21:46:59.734 INFO - Executing: [send keys: 45 [[ChromeDriver: chrome on MAC (d390096a3f9320bbcab05e50ab646b38)] -> css selector: #signInPageEmailInput], [j, a, n, i, c, e, d, o, e, @, s, y, m, p, t, o, m, a, t, i, c, ., i, o]])
21:46:59.836 INFO - Done: [send keys: 45 [[ChromeDriver: chrome on MAC (d390096a3f9320bbcab05e50ab646b38)] -> css selector: #signInPageEmailInput], [j, a, n, i, c, e, d, o, e, @, s, y, m, p, t, o, m, a, t, i, c, ., i, o]]
21:46:59.840 INFO - Executing: [find elements: By.cssSelector: #signInPagePasswordInput])
21:46:59.848 INFO - Done: [find elements: By.cssSelector: #signInPagePasswordInput]
21:46:59.850 INFO - Executing: [find element: By.cssSelector: #signInPagePasswordInput])
21:46:59.857 INFO - Done: [find element: By.cssSelector: #signInPagePasswordInput]
21:46:59.859 INFO - Executing: [clear: 46 [[ChromeDriver: chrome on MAC (d390096a3f9320bbcab05e50ab646b38)] -> css selector: #signInPagePasswordInput]])
21:46:59.882 INFO - Done: [clear: 46 [[ChromeDriver: chrome on MAC (d390096a3f9320bbcab05e50ab646b38)] -> css selector: #signInPagePasswordInput]]
21:46:59.885 INFO - Executing: [find element: By.cssSelector: #signInPagePasswordInput])
21:46:59.893 INFO - Done: [find element: By.cssSelector: #signInPagePasswordInput]
21:46:59.896 INFO - Executing: [send keys: 46 [[ChromeDriver: chrome on MAC (d390096a3f9320bbcab05e50ab646b38)] -> css selector: #signInPagePasswordInput], [j, a, n, i, c, e, d, o, e, 1, 2, 3]])
21:46:59.982 INFO - Done: [send keys: 46 [[ChromeDriver: chrome on MAC (d390096a3f9320bbcab05e50ab646b38)] -> css selector: #signInPagePasswordInput], [j, a, n, i, c, e, d, o, e, 1, 2, 3]]
21:46:59.985 INFO - Executing: [find element: By.cssSelector: #signInToAppButton])
21:46:59.994 INFO - Done: [find element: By.cssSelector: #signInToAppButton]
21:46:59.996 INFO - Executing: [click: 47 [[ChromeDriver: chrome on MAC (d390096a3f9320bbcab05e50ab646b38)] -> css selector: #signInToAppButton]])
21:47:00.061 INFO - Done: [click: 47 [[ChromeDriver: chrome on MAC (d390096a3f9320bbcab05e50ab646b38)] -> css selector: #signInToAppButton]]
21:47:01.567 INFO - Executing: [find element: By.cssSelector: #usernameLink])
21:47:01.574 INFO - Done: [find element: By.cssSelector: #usernameLink]
21:47:01.576 INFO - Executing: [get text: 48 [[ChromeDriver: chrome on MAC (d390096a3f9320bbcab05e50ab646b38)] -> css selector: #usernameLink]])
21:47:01.594 INFO - Done: [get text: 48 [[ChromeDriver: chrome on MAC (d390096a3f9320bbcab05e50ab646b38)] -> css selector: #usernameLink]]
21:47:01.596 INFO - Executing: [get: http://localhost:3000/changePassword])
21:47:02.019 INFO - Done: [get: http://localhost:3000/changePassword]
21:47:02.022 INFO - Executing: [find elements: By.cssSelector: #changePasswordPageOldPasswordInput])
21:47:02.052 INFO - Done: [find elements: By.cssSelector: #changePasswordPageOldPasswordInput]
21:47:02.056 INFO - Executing: [find elements: By.cssSelector: #changePasswordPagePasswordInput])
21:47:02.092 INFO - Done: [find elements: By.cssSelector: #changePasswordPagePasswordInput]
21:47:02.096 INFO - Executing: [find elements: By.cssSelector: #changePasswordPagePasswordConfirmInput])
21:47:02.126 INFO - Done: [find elements: By.cssSelector: #changePasswordPagePasswordConfirmInput]
21:47:02.131 INFO - Executing: [find elements: By.cssSelector: #changePasswordButton])
21:47:02.172 INFO - Done: [find elements: By.cssSelector: #changePasswordButton]
21:47:02.177 INFO - Executing: [find element: By.cssSelector: #changePasswordPagePasswordInput])
21:47:02.253 INFO - Done: [find element: By.cssSelector: #changePasswordPagePasswordInput]
21:47:02.256 INFO - Executing: [get value of css property: 50 [[ChromeDriver: chrome on MAC (d390096a3f9320bbcab05e50ab646b38)] -> css selector: #changePasswordPagePasswordInput], border])
21:47:02.280 INFO - Done: [get value of css property: 50 [[ChromeDriver: chrome on MAC (d390096a3f9320bbcab05e50ab646b38)] -> css selector: #changePasswordPagePasswordInput], border]
21:47:02.283 INFO - Executing: [find element: By.cssSelector: #changePasswordPagePasswordInput])
21:47:02.292 INFO - Done: [find element: By.cssSelector: #changePasswordPagePasswordInput]
21:47:02.294 INFO - Executing: [send keys: 50 [[ChromeDriver: chrome on MAC (d390096a3f9320bbcab05e50ab646b38)] -> css selector: #changePasswordPagePasswordInput], [j, a, n]])
21:47:02.342 INFO - Done: [send keys: 50 [[ChromeDriver: chrome on MAC (d390096a3f9320bbcab05e50ab646b38)] -> css selector: #changePasswordPagePasswordInput], [j, a, n]]
21:47:02.345 INFO - Executing: [find element: By.cssSelector: #changePasswordPagePasswordInput])
21:47:02.352 INFO - Done: [find element: By.cssSelector: #changePasswordPagePasswordInput]
21:47:02.353 INFO - Executing: [get value of css property: 50 [[ChromeDriver: chrome on MAC (d390096a3f9320bbcab05e50ab646b38)] -> css selector: #changePasswordPagePasswordInput], border])
21:47:02.358 INFO - Done: [get value of css property: 50 [[ChromeDriver: chrome on MAC (d390096a3f9320bbcab05e50ab646b38)] -> css selector: #changePasswordPagePasswordInput], border]
21:47:02.361 INFO - Executing: [find element: By.cssSelector: #changePasswordPagePasswordInput])
21:47:02.368 INFO - Done: [find element: By.cssSelector: #changePasswordPagePasswordInput]
21:47:02.370 INFO - Executing: [send keys: 50 [[ChromeDriver: chrome on MAC (d390096a3f9320bbcab05e50ab646b38)] -> css selector: #changePasswordPagePasswordInput], [i, c, e, d, o, e, 1, 2, 3]])
21:47:02.407 INFO - Done: [send keys: 50 [[ChromeDriver: chrome on MAC (d390096a3f9320bbcab05e50ab646b38)] -> css selector: #changePasswordPagePasswordInput], [i, c, e, d, o, e, 1, 2, 3]]
21:47:02.410 INFO - Executing: [find element: By.cssSelector: #changePasswordPagePasswordInput])
21:47:02.416 INFO - Done: [find element: By.cssSelector: #changePasswordPagePasswordInput]
21:47:02.418 INFO - Executing: [get value of css property: 50 [[ChromeDriver: chrome on MAC (d390096a3f9320bbcab05e50ab646b38)] -> css selector: #changePasswordPagePasswordInput], border])
21:47:02.423 INFO - Done: [get value of css property: 50 [[ChromeDriver: chrome on MAC (d390096a3f9320bbcab05e50ab646b38)] -> css selector: #changePasswordPagePasswordInput], border]
21:47:02.425 INFO - Executing: [find element: By.cssSelector: #changePasswordPagePasswordConfirmInput])
21:47:02.440 INFO - Done: [find element: By.cssSelector: #changePasswordPagePasswordConfirmInput]
21:47:02.442 INFO - Executing: [get value of css property: 51 [[ChromeDriver: chrome on MAC (d390096a3f9320bbcab05e50ab646b38)] -> css selector: #changePasswordPagePasswordConfirmInput], border])
21:47:02.450 INFO - Done: [get value of css property: 51 [[ChromeDriver: chrome on MAC (d390096a3f9320bbcab05e50ab646b38)] -> css selector: #changePasswordPagePasswordConfirmInput], border]
21:47:02.452 INFO - Executing: [find element: By.cssSelector: #changePasswordPagePasswordConfirmInput])
21:47:02.459 INFO - Done: [find element: By.cssSelector: #changePasswordPagePasswordConfirmInput]
21:47:02.462 INFO - Executing: [send keys: 51 [[ChromeDriver: chrome on MAC (d390096a3f9320bbcab05e50ab646b38)] -> css selector: #changePasswordPagePasswordConfirmInput], [j, a]])
21:47:02.507 INFO - Done: [send keys: 51 [[ChromeDriver: chrome on MAC (d390096a3f9320bbcab05e50ab646b38)] -> css selector: #changePasswordPagePasswordConfirmInput], [j, a]]
21:47:02.509 INFO - Executing: [find element: By.cssSelector: #changePasswordPagePasswordConfirmInput])
21:47:02.516 INFO - Done: [find element: By.cssSelector: #changePasswordPagePasswordConfirmInput]
21:47:02.518 INFO - Executing: [get value of css property: 51 [[ChromeDriver: chrome on MAC (d390096a3f9320bbcab05e50ab646b38)] -> css selector: #changePasswordPagePasswordConfirmInput], border])
21:47:02.522 INFO - Done: [get value of css property: 51 [[ChromeDriver: chrome on MAC (d390096a3f9320bbcab05e50ab646b38)] -> css selector: #changePasswordPagePasswordConfirmInput], border]
21:47:02.524 INFO - Executing: [find element: By.cssSelector: #changePasswordPagePasswordConfirmInput])
21:47:02.531 INFO - Done: [find element: By.cssSelector: #changePasswordPagePasswordConfirmInput]
21:47:02.533 INFO - Executing: [clear: 51 [[ChromeDriver: chrome on MAC (d390096a3f9320bbcab05e50ab646b38)] -> css selector: #changePasswordPagePasswordConfirmInput]])
21:47:02.553 INFO - Done: [clear: 51 [[ChromeDriver: chrome on MAC (d390096a3f9320bbcab05e50ab646b38)] -> css selector: #changePasswordPagePasswordConfirmInput]]
21:47:02.555 INFO - Executing: [find element: By.cssSelector: #changePasswordPagePasswordConfirmInput])
21:47:02.565 INFO - Done: [find element: By.cssSelector: #changePasswordPagePasswordConfirmInput]
21:47:02.567 INFO - Executing: [send keys: 51 [[ChromeDriver: chrome on MAC (d390096a3f9320bbcab05e50ab646b38)] -> css selector: #changePasswordPagePasswordConfirmInput], [j, a, n, i, c, e, d, o, e, 1, 2, 3]])
21:47:02.609 INFO - Done: [send keys: 51 [[ChromeDriver: chrome on MAC (d390096a3f9320bbcab05e50ab646b38)] -> css selector: #changePasswordPagePasswordConfirmInput], [j, a, n, i, c, e, d, o, e, 1, 2, 3]]
21:47:02.611 INFO - Executing: [find element: By.cssSelector: #changePasswordPagePasswordConfirmInput])
21:47:02.618 INFO - Done: [find element: By.cssSelector: #changePasswordPagePasswordConfirmInput]
21:47:02.620 INFO - Executing: [click: 51 [[ChromeDriver: chrome on MAC (d390096a3f9320bbcab05e50ab646b38)] -> css selector: #changePasswordPagePasswordConfirmInput]])
21:47:02.661 INFO - Done: [click: 51 [[ChromeDriver: chrome on MAC (d390096a3f9320bbcab05e50ab646b38)] -> css selector: #changePasswordPagePasswordConfirmInput]]
21:47:02.767 INFO - Executing: [find element: By.cssSelector: #changePasswordPagePasswordConfirmInput])
21:47:02.776 INFO - Done: [find element: By.cssSelector: #changePasswordPagePasswordConfirmInput]
21:47:02.779 INFO - Executing: [get value of css property: 51 [[ChromeDriver: chrome on MAC (d390096a3f9320bbcab05e50ab646b38)] -> css selector: #changePasswordPagePasswordConfirmInput], border])
21:47:02.785 INFO - Done: [get value of css property: 51 [[ChromeDriver: chrome on MAC (d390096a3f9320bbcab05e50ab646b38)] -> css selector: #changePasswordPagePasswordConfirmInput], border]
21:47:02.789 INFO - Executing: [execute script: var passedArgs = Array.prototype.slice.call(arguments,0); return function () {
      return Meteor.logout();
    }.apply(window, passedArgs);, []])
21:47:02.796 INFO - Done: [execute script: var passedArgs = Array.prototype.slice.call(arguments,0); return function () {
      return Meteor.logout();
    }.apply(window, passedArgs);, []]
21:47:03.802 INFO - Executing: [get: http://localhost:3000/entrySignIn])
21:47:04.223 INFO - Done: [get: http://localhost:3000/entrySignIn]
21:47:04.226 INFO - Executing: [set window size])
21:47:04.337 INFO - Done: [set window size]
21:47:04.644 INFO - Executing: [find elements: By.cssSelector: #entrySignIn])
21:47:04.651 INFO - Done: [find elements: By.cssSelector: #entrySignIn]
21:47:04.654 INFO - Executing: [find elements: By.cssSelector: #signInPageEmailInput])
21:47:04.661 INFO - Done: [find elements: By.cssSelector: #signInPageEmailInput]
21:47:04.663 INFO - Executing: [find element: By.cssSelector: #signInPageEmailInput])
21:47:04.669 INFO - Done: [find element: By.cssSelector: #signInPageEmailInput]
21:47:04.671 INFO - Executing: [clear: 54 [[ChromeDriver: chrome on MAC (d390096a3f9320bbcab05e50ab646b38)] -> css selector: #signInPageEmailInput]])
21:47:04.692 INFO - Done: [clear: 54 [[ChromeDriver: chrome on MAC (d390096a3f9320bbcab05e50ab646b38)] -> css selector: #signInPageEmailInput]]
21:47:04.695 INFO - Executing: [find element: By.cssSelector: #signInPageEmailInput])
21:47:04.703 INFO - Done: [find element: By.cssSelector: #signInPageEmailInput]
21:47:04.705 INFO - Executing: [send keys: 54 [[ChromeDriver: chrome on MAC (d390096a3f9320bbcab05e50ab646b38)] -> css selector: #signInPageEmailInput], [a, l, i, c, e, @, s, y, m, p, t, o, m, a, t, i, c, ., i, o]])
21:47:04.792 INFO - Done: [send keys: 54 [[ChromeDriver: chrome on MAC (d390096a3f9320bbcab05e50ab646b38)] -> css selector: #signInPageEmailInput], [a, l, i, c, e, @, s, y, m, p, t, o, m, a, t, i, c, ., i, o]]
21:47:04.795 INFO - Executing: [find elements: By.cssSelector: #signInPagePasswordInput])
21:47:04.803 INFO - Done: [find elements: By.cssSelector: #signInPagePasswordInput]
21:47:04.805 INFO - Executing: [find element: By.cssSelector: #signInPagePasswordInput])
21:47:04.811 INFO - Done: [find element: By.cssSelector: #signInPagePasswordInput]
21:47:04.813 INFO - Executing: [clear: 55 [[ChromeDriver: chrome on MAC (d390096a3f9320bbcab05e50ab646b38)] -> css selector: #signInPagePasswordInput]])
21:47:04.837 INFO - Done: [clear: 55 [[ChromeDriver: chrome on MAC (d390096a3f9320bbcab05e50ab646b38)] -> css selector: #signInPagePasswordInput]]
21:47:04.839 INFO - Executing: [find element: By.cssSelector: #signInPagePasswordInput])
21:47:04.846 INFO - Done: [find element: By.cssSelector: #signInPagePasswordInput]
21:47:04.848 INFO - Executing: [send keys: 55 [[ChromeDriver: chrome on MAC (d390096a3f9320bbcab05e50ab646b38)] -> css selector: #signInPagePasswordInput], [a, l, i, c, e, 1, 2, 3]])
21:47:04.903 INFO - Done: [send keys: 55 [[ChromeDriver: chrome on MAC (d390096a3f9320bbcab05e50ab646b38)] -> css selector: #signInPagePasswordInput], [a, l, i, c, e, 1, 2, 3]]
21:47:04.905 INFO - Executing: [find element: By.cssSelector: #signInToAppButton])
21:47:04.912 INFO - Done: [find element: By.cssSelector: #signInToAppButton]
21:47:04.913 INFO - Executing: [click: 56 [[ChromeDriver: chrome on MAC (d390096a3f9320bbcab05e50ab646b38)] -> css selector: #signInToAppButton]])
21:47:04.957 INFO - Done: [click: 56 [[ChromeDriver: chrome on MAC (d390096a3f9320bbcab05e50ab646b38)] -> css selector: #signInToAppButton]]
21:47:06.464 INFO - Executing: [find element: By.cssSelector: #signInPageMessage])
21:47:06.481 INFO - Done: [find element: By.cssSelector: #signInPageMessage]
21:47:06.483 INFO - Executing: [get text: 57 [[ChromeDriver: chrome on MAC (d390096a3f9320bbcab05e50ab646b38)] -> css selector: #signInPageMessage]])
21:47:06.502 INFO - Done: [get text: 57 [[ChromeDriver: chrome on MAC (d390096a3f9320bbcab05e50ab646b38)] -> css selector: #signInPageMessage]]
21:47:06.504 INFO - Executing: [find element: By.cssSelector: #signInPageMessage])
21:47:06.511 INFO - Done: [find element: By.cssSelector: #signInPageMessage]
21:47:06.514 INFO - Executing: [get value of css property: 57 [[ChromeDriver: chrome on MAC (d390096a3f9320bbcab05e50ab646b38)] -> css selector: #signInPageMessage], color])
21:47:06.523 INFO - Done: [get value of css property: 57 [[ChromeDriver: chrome on MAC (d390096a3f9320bbcab05e50ab646b38)] -> css selector: #signInPageMessage], color]
21:47:06.526 INFO - Executing: [find element: By.cssSelector: #signInPageMessage])
21:47:06.531 INFO - Done: [find element: By.cssSelector: #signInPageMessage]
21:47:06.533 INFO - Executing: [get value of css property: 57 [[ChromeDriver: chrome on MAC (d390096a3f9320bbcab05e50ab646b38)] -> css selector: #signInPageMessage], background-color])
21:47:06.542 INFO - Done: [get value of css property: 57 [[ChromeDriver: chrome on MAC (d390096a3f9320bbcab05e50ab646b38)] -> css selector: #signInPageMessage], background-color]
21:47:06.545 INFO - Executing: [find element: By.cssSelector: #signInPageMessage])
21:47:06.552 INFO - Done: [find element: By.cssSelector: #signInPageMessage]
21:47:06.554 INFO - Executing: [get value of css property: 57 [[ChromeDriver: chrome on MAC (d390096a3f9320bbcab05e50ab646b38)] -> css selector: #signInPageMessage], border-color])
21:47:06.564 INFO - Done: [get value of css property: 57 [[ChromeDriver: chrome on MAC (d390096a3f9320bbcab05e50ab646b38)] -> css selector: #signInPageMessage], border-color]
21:47:06.566 INFO - Executing: [take screenshot])
21:47:06.679 INFO - Done: [take screenshot]
21:47:06.687 INFO - Executing: [get: http://localhost:3000/entrySignUp])
21:47:07.110 INFO - Done: [get: http://localhost:3000/entrySignUp]
21:47:07.116 INFO - Executing: [find elements: By.cssSelector: #entrySignUp])
21:47:07.162 INFO - Done: [find elements: By.cssSelector: #entrySignUp]
21:47:07.170 INFO - Executing: [find elements: By.cssSelector: #signUpPageEmailInput])
21:47:07.210 INFO - Done: [find elements: By.cssSelector: #signUpPageEmailInput]
21:47:07.214 INFO - Executing: [find element: By.cssSelector: #signUpPageEmailInput])
21:47:07.292 INFO - Done: [find element: By.cssSelector: #signUpPageEmailInput]
21:47:07.296 INFO - Executing: [clear: 59 [[ChromeDriver: chrome on MAC (d390096a3f9320bbcab05e50ab646b38)] -> css selector: #signUpPageEmailInput]])
21:47:07.338 INFO - Done: [clear: 59 [[ChromeDriver: chrome on MAC (d390096a3f9320bbcab05e50ab646b38)] -> css selector: #signUpPageEmailInput]]
21:47:07.341 INFO - Executing: [find element: By.cssSelector: #signUpPageEmailInput])
21:47:07.363 INFO - Done: [find element: By.cssSelector: #signUpPageEmailInput]
21:47:07.365 INFO - Executing: [send keys: 59 [[ChromeDriver: chrome on MAC (d390096a3f9320bbcab05e50ab646b38)] -> css selector: #signUpPageEmailInput], [j, a, n, i, c, e, d, o, e, @, s, y, m, p, t, o, m, a, t, i, c, ., i, o]])
21:47:07.471 INFO - Done: [send keys: 59 [[ChromeDriver: chrome on MAC (d390096a3f9320bbcab05e50ab646b38)] -> css selector: #signUpPageEmailInput], [j, a, n, i, c, e, d, o, e, @, s, y, m, p, t, o, m, a, t, i, c, ., i, o]]
21:47:07.474 INFO - Executing: [find elements: By.cssSelector: #signUpPagePasswordInput])
21:47:07.491 INFO - Done: [find elements: By.cssSelector: #signUpPagePasswordInput]
21:47:07.493 INFO - Executing: [find element: By.cssSelector: #signUpPagePasswordInput])
21:47:07.509 INFO - Done: [find element: By.cssSelector: #signUpPagePasswordInput]
21:47:07.510 INFO - Executing: [clear: 60 [[ChromeDriver: chrome on MAC (d390096a3f9320bbcab05e50ab646b38)] -> css selector: #signUpPagePasswordInput]])
21:47:07.538 INFO - Done: [clear: 60 [[ChromeDriver: chrome on MAC (d390096a3f9320bbcab05e50ab646b38)] -> css selector: #signUpPagePasswordInput]]
21:47:07.540 INFO - Executing: [find element: By.cssSelector: #signUpPagePasswordInput])
21:47:07.546 INFO - Done: [find element: By.cssSelector: #signUpPagePasswordInput]
21:47:07.548 INFO - Executing: [send keys: 60 [[ChromeDriver: chrome on MAC (d390096a3f9320bbcab05e50ab646b38)] -> css selector: #signUpPagePasswordInput], [j, a, n, i, c, e, d, o, e, 1, 2, 3]])
21:47:07.614 INFO - Done: [send keys: 60 [[ChromeDriver: chrome on MAC (d390096a3f9320bbcab05e50ab646b38)] -> css selector: #signUpPagePasswordInput], [j, a, n, i, c, e, d, o, e, 1, 2, 3]]
21:47:07.616 INFO - Executing: [find elements: By.cssSelector: #signUpPagePasswordConfirmInput])
21:47:07.634 INFO - Done: [find elements: By.cssSelector: #signUpPagePasswordConfirmInput]
21:47:07.637 INFO - Executing: [find element: By.cssSelector: #signUpPagePasswordConfirmInput])
21:47:07.654 INFO - Done: [find element: By.cssSelector: #signUpPagePasswordConfirmInput]
21:47:07.656 INFO - Executing: [clear: 61 [[ChromeDriver: chrome on MAC (d390096a3f9320bbcab05e50ab646b38)] -> css selector: #signUpPagePasswordConfirmInput]])
21:47:07.684 INFO - Done: [clear: 61 [[ChromeDriver: chrome on MAC (d390096a3f9320bbcab05e50ab646b38)] -> css selector: #signUpPagePasswordConfirmInput]]
21:47:07.687 INFO - Executing: [find element: By.cssSelector: #signUpPagePasswordConfirmInput])
21:47:07.694 INFO - Done: [find element: By.cssSelector: #signUpPagePasswordConfirmInput]
21:47:07.696 INFO - Executing: [send keys: 61 [[ChromeDriver: chrome on MAC (d390096a3f9320bbcab05e50ab646b38)] -> css selector: #signUpPagePasswordConfirmInput], [j, a, n, i, c, e, d, o, e, 1, 2, 3]])
21:47:07.766 INFO - Done: [send keys: 61 [[ChromeDriver: chrome on MAC (d390096a3f9320bbcab05e50ab646b38)] -> css selector: #signUpPagePasswordConfirmInput], [j, a, n, i, c, e, d, o, e, 1, 2, 3]]
21:47:07.770 INFO - Executing: [find element: By.cssSelector: #signUpPageJoinNowButton])
21:47:07.794 INFO - Done: [find element: By.cssSelector: #signUpPageJoinNowButton]
21:47:07.796 INFO - Executing: [click: 62 [[ChromeDriver: chrome on MAC (d390096a3f9320bbcab05e50ab646b38)] -> css selector: #signUpPageJoinNowButton]])
21:47:07.844 INFO - Done: [click: 62 [[ChromeDriver: chrome on MAC (d390096a3f9320bbcab05e50ab646b38)] -> css selector: #signUpPageJoinNowButton]]
21:47:08.652 INFO - Executing: [find element: By.cssSelector: #signUpPageJoinNowButton])
21:47:08.661 INFO - Done: [find element: By.cssSelector: #signUpPageJoinNowButton]
21:47:08.663 INFO - Executing: [click: 62 [[ChromeDriver: chrome on MAC (d390096a3f9320bbcab05e50ab646b38)] -> css selector: #signUpPageJoinNowButton]])
21:47:08.682 INFO - Done: [click: 62 [[ChromeDriver: chrome on MAC (d390096a3f9320bbcab05e50ab646b38)] -> css selector: #signUpPageJoinNowButton]]
21:47:09.685 INFO - Executing: [find elements: By.cssSelector: #signUpPageMessage])
21:47:09.700 INFO - Done: [find elements: By.cssSelector: #signUpPageMessage]
21:47:09.702 INFO - Executing: [find element: By.cssSelector: #signUpPageMessage])
21:47:09.717 INFO - Done: [find element: By.cssSelector: #signUpPageMessage]
21:47:09.719 INFO - Executing: [get text: 63 [[ChromeDriver: chrome on MAC (d390096a3f9320bbcab05e50ab646b38)] -> css selector: #signUpPageMessage]])
21:47:09.738 INFO - Done: [get text: 63 [[ChromeDriver: chrome on MAC (d390096a3f9320bbcab05e50ab646b38)] -> css selector: #signUpPageMessage]]
21:47:09.740 INFO - Executing: [take screenshot])
21:47:09.851 INFO - Done: [take screenshot]
21:47:09.864 INFO - Executing: [set script timeoutt: 5000])
21:47:09.865 INFO - Done: [set script timeoutt: 5000]
21:47:09.867 INFO - Executing: [execute async script: var passedArgs = Array.prototype.slice.call(arguments,0); return function (data, meteorCallback) {
      //return HipaaLogger.logEventObject(data);
      Meteor.call("dropEntryUsers", data, function (meteorError, meteorResult) {
        var response = (meteorError ? {
          error: meteorError
        } : {
          result: meteorResult
        });
        meteorCallback(response);
      });
    }.apply(window, passedArgs);, []])
21:47:15.659 WARN - Exception thrown
org.openqa.selenium.TimeoutException: asynchronous script timeout: result was not received in 5 seconds
  (Session info: chrome=53.0.2785.143)
  (Driver info: chromedriver=2.19.346063 (38b35413bd4a486d436a9749e090454bc9ff6708),platform=Mac OS X 10.11.5 x86_64) (WARNING: The server did not provide any stacktrace information)
Command duration or timeout: 5.10 seconds
Build info: version: '2.45.0', revision: '5017cb8', time: '2015-02-26 23:59:50'
System info: host: 'Abigails-Mac-mini-2.local', ip: '172.20.10.2', os.name: 'Mac OS X', os.arch: 'x86_64', os.version: '10.11.5', java.version: '1.8.0_101'
Driver info: org.openqa.selenium.chrome.ChromeDriver
Capabilities [{applicationCacheEnabled=false, rotatable=false, mobileEmulationEnabled=false, chrome={userDataDir=/var/folders/wy/x2wnhsd15rxbcnwr07g161b00000gn/T/.org.chromium.Chromium.JK5Obo}, takesHeapSnapshot=true, databaseEnabled=false, handlesAlerts=true, hasTouchScreen=false, version=53.0.2785.143, platform=MAC, browserConnectionEnabled=false, nativeEvents=true, acceptSslCerts=true, locationContextEnabled=true, webStorageEnabled=true, browserName=chrome, takesScreenshot=true, javascriptEnabled=true, cssSelectorsEnabled=true}]
Session ID: d390096a3f9320bbcab05e50ab646b38
	at sun.reflect.NativeConstructorAccessorImpl.newInstance0(Native Method)
	at sun.reflect.NativeConstructorAccessorImpl.newInstance(NativeConstructorAccessorImpl.java:62)
	at sun.reflect.DelegatingConstructorAccessorImpl.newInstance(DelegatingConstructorAccessorImpl.java:45)
	at java.lang.reflect.Constructor.newInstance(Constructor.java:423)
	at org.openqa.selenium.remote.ErrorHandler.createThrowable(ErrorHandler.java:204)
	at org.openqa.selenium.remote.ErrorHandler.throwIfResponseFailed(ErrorHandler.java:156)
	at org.openqa.selenium.remote.RemoteWebDriver.execute(RemoteWebDriver.java:599)
	at org.openqa.selenium.remote.RemoteWebDriver.executeAsyncScript(RemoteWebDriver.java:526)
	at sun.reflect.NativeMethodAccessorImpl.invoke0(Native Method)
	at sun.reflect.NativeMethodAccessorImpl.invoke(NativeMethodAccessorImpl.java:62)
	at sun.reflect.DelegatingMethodAccessorImpl.invoke(DelegatingMethodAccessorImpl.java:43)
	at java.lang.reflect.Method.invoke(Method.java:498)
	at org.openqa.selenium.support.events.EventFiringWebDriver$2.invoke(EventFiringWebDriver.java:101)
	at com.sun.proxy.$Proxy1.executeAsyncScript(Unknown Source)
	at org.openqa.selenium.support.events.EventFiringWebDriver.executeAsyncScript(EventFiringWebDriver.java:225)
	at org.openqa.selenium.remote.server.handler.ExecuteAsyncScript.call(ExecuteAsyncScript.java:57)
	at java.util.concurrent.FutureTask.run(FutureTask.java:266)
	at org.openqa.selenium.remote.server.DefaultSession$1.run(DefaultSession.java:168)
	at java.util.concurrent.ThreadPoolExecutor.runWorker(ThreadPoolExecutor.java:1142)
	at java.util.concurrent.ThreadPoolExecutor$Worker.run(ThreadPoolExecutor.java:617)
	at java.lang.Thread.run(Thread.java:745)
21:47:15.659 WARN - Exception: asynchronous script timeout: result was not received in 5 seconds
  (Session info: chrome=53.0.2785.143)
  (Driver info: chromedriver=2.19.346063 (38b35413bd4a486d436a9749e090454bc9ff6708),platform=Mac OS X 10.11.5 x86_64) (WARNING: The server did not provide any stacktrace information)
Command duration or timeout: 5.10 seconds
Build info: version: '2.45.0', revision: '5017cb8', time: '2015-02-26 23:59:50'
System info: host: 'Abigails-Mac-mini-2.local', ip: '172.20.10.2', os.name: 'Mac OS X', os.arch: 'x86_64', os.version: '10.11.5', java.version: '1.8.0_101'
Driver info: org.openqa.selenium.chrome.ChromeDriver
Capabilities [{applicationCacheEnabled=false, rotatable=false, mobileEmulationEnabled=false, chrome={userDataDir=/var/folders/wy/x2wnhsd15rxbcnwr07g161b00000gn/T/.org.chromium.Chromium.JK5Obo}, takesHeapSnapshot=true, databaseEnabled=false, handlesAlerts=true, hasTouchScreen=false, version=53.0.2785.143, platform=MAC, browserConnectionEnabled=false, nativeEvents=true, acceptSslCerts=true, locationContextEnabled=true, webStorageEnabled=true, browserName=chrome, takesScreenshot=true, javascriptEnabled=true, cssSelectorsEnabled=true}]
Session ID: d390096a3f9320bbcab05e50ab646b38
21:47:16.878 INFO - Executing: [delete session: 2af969bf-9e33-41d8-b2b6-201ef5704ef4])
21:47:17.450 INFO - Done: [delete session: 2af969bf-9e33-41d8-b2b6-201ef5704ef4]
21:47:17.494 INFO - Executing: [new session: Capabilities [{acceptSslCerts=true, loggingPrefs=org.openqa.selenium.logging.LoggingPreferences@5ad8fed3, name=Active Layout, browserName=chrome, javascriptEnabled=true, platform=ANY}]])
21:47:17.495 INFO - Creating a new session for Capabilities [{acceptSslCerts=true, loggingPrefs=org.openqa.selenium.logging.LoggingPreferences@5ad8fed3, name=Active Layout, browserName=chrome, javascriptEnabled=true, platform=ANY}]
Starting ChromeDriver 2.19.346063 (38b35413bd4a486d436a9749e090454bc9ff6708) on port 38549
Only local connections are allowed.
21:47:18.712 INFO - Done: [new session: Capabilities [{acceptSslCerts=true, loggingPrefs=org.openqa.selenium.logging.LoggingPreferences@5ad8fed3, name=Active Layout, browserName=chrome, javascriptEnabled=true, platform=ANY}]]
21:47:18.715 INFO - Executing: [get: http://localhost:3000])
21:47:20.312 INFO - Done: [get: http://localhost:3000]
21:47:21.318 INFO - Executing: [find element: By.cssSelector: body])
21:47:21.543 INFO - Done: [find element: By.cssSelector: body]
21:47:21.545 INFO - Executing: [get value of css property: 0 [[ChromeDriver: chrome on MAC (086551198d76e02dc1118ee88ca48162)] -> css selector: body], background-image])
21:47:21.552 INFO - Done: [get value of css property: 0 [[ChromeDriver: chrome on MAC (086551198d76e02dc1118ee88ca48162)] -> css selector: body], background-image]
21:47:21.557 INFO - Executing: [set window size])
21:47:21.767 INFO - Done: [set window size]
21:47:21.769 INFO - Executing: [find elements: By.cssSelector: #sidebar])
21:47:21.902 INFO - Done: [find elements: By.cssSelector: #sidebar]
21:47:21.905 INFO - Executing: [find elements: By.cssSelector: #usernameLink])
21:47:21.919 INFO - Done: [find elements: By.cssSelector: #usernameLink]
21:47:21.922 INFO - Executing: [find elements: By.cssSelector: #mainPanel])
21:47:21.940 INFO - Done: [find elements: By.cssSelector: #mainPanel]
21:47:21.945 INFO - Executing: [set window size])
21:47:22.117 INFO - Done: [set window size]
21:47:22.626 INFO - Executing: [find element: By.cssSelector: #navbarHeader])
21:47:22.644 INFO - Done: [find element: By.cssSelector: #navbarHeader]
21:47:22.646 INFO - Executing: [is displayed: 4 [[ChromeDriver: chrome on MAC (086551198d76e02dc1118ee88ca48162)] -> css selector: #navbarHeader]])
21:47:22.658 INFO - Done: [is displayed: 4 [[ChromeDriver: chrome on MAC (086551198d76e02dc1118ee88ca48162)] -> css selector: #navbarHeader]]
21:47:22.661 INFO - Executing: [find elements: By.cssSelector: #navbarLayer])
21:47:22.676 INFO - Done: [find elements: By.cssSelector: #navbarLayer]
21:47:22.679 INFO - Executing: [find element: By.cssSelector: #navbarLayer])
21:47:22.695 INFO - Done: [find element: By.cssSelector: #navbarLayer]
21:47:22.697 INFO - Executing: [get value of css property: 5 [[ChromeDriver: chrome on MAC (086551198d76e02dc1118ee88ca48162)] -> css selector: #navbarLayer], left])
21:47:22.705 INFO - Done: [get value of css property: 5 [[ChromeDriver: chrome on MAC (086551198d76e02dc1118ee88ca48162)] -> css selector: #navbarLayer], left]
21:47:22.708 INFO - Executing: [take screenshot])
21:47:22.874 INFO - Done: [take screenshot]
21:47:22.886 INFO - Executing: [set window size])
21:47:23.058 INFO - Done: [set window size]
21:47:23.564 INFO - Executing: [find element: By.cssSelector: #navbarHeader])
21:47:23.570 INFO - Done: [find element: By.cssSelector: #navbarHeader]
21:47:23.572 INFO - Executing: [is displayed: 4 [[ChromeDriver: chrome on MAC (086551198d76e02dc1118ee88ca48162)] -> css selector: #navbarHeader]])
21:47:23.577 INFO - Done: [is displayed: 4 [[ChromeDriver: chrome on MAC (086551198d76e02dc1118ee88ca48162)] -> css selector: #navbarHeader]]
21:47:23.581 INFO - Executing: [find elements: By.cssSelector: #navbarLayer])
21:47:23.587 INFO - Done: [find elements: By.cssSelector: #navbarLayer]
21:47:23.590 INFO - Executing: [find element: By.cssSelector: #navbarLayer])
21:47:23.596 INFO - Done: [find element: By.cssSelector: #navbarLayer]
21:47:23.597 INFO - Executing: [get value of css property: 5 [[ChromeDriver: chrome on MAC (086551198d76e02dc1118ee88ca48162)] -> css selector: #navbarLayer], left])
21:47:23.602 INFO - Done: [get value of css property: 5 [[ChromeDriver: chrome on MAC (086551198d76e02dc1118ee88ca48162)] -> css selector: #navbarLayer], left]
21:47:23.604 INFO - Executing: [take screenshot])
21:47:23.718 INFO - Done: [take screenshot]
21:47:23.733 INFO - Executing: [set window size])
21:47:23.905 INFO - Done: [set window size]
21:47:24.412 INFO - Executing: [find element: By.cssSelector: #navbarHeader])
21:47:24.419 INFO - Done: [find element: By.cssSelector: #navbarHeader]
21:47:24.421 INFO - Executing: [is displayed: 4 [[ChromeDriver: chrome on MAC (086551198d76e02dc1118ee88ca48162)] -> css selector: #navbarHeader]])
21:47:24.427 INFO - Done: [is displayed: 4 [[ChromeDriver: chrome on MAC (086551198d76e02dc1118ee88ca48162)] -> css selector: #navbarHeader]]
21:47:24.429 INFO - Executing: [find elements: By.cssSelector: #navbarLayer])
21:47:24.435 INFO - Done: [find elements: By.cssSelector: #navbarLayer]
21:47:24.438 INFO - Executing: [find element: By.cssSelector: #navbarLayer])
21:47:24.444 INFO - Done: [find element: By.cssSelector: #navbarLayer]
21:47:24.446 INFO - Executing: [get value of css property: 5 [[ChromeDriver: chrome on MAC (086551198d76e02dc1118ee88ca48162)] -> css selector: #navbarLayer], left])
21:47:24.450 INFO - Done: [get value of css property: 5 [[ChromeDriver: chrome on MAC (086551198d76e02dc1118ee88ca48162)] -> css selector: #navbarLayer], left]
21:47:24.452 INFO - Executing: [take screenshot])
21:47:24.569 INFO - Done: [take screenshot]
21:47:24.581 INFO - Executing: [set window size])
21:47:24.750 INFO - Done: [set window size]
21:47:25.253 INFO - Executing: [find element: By.cssSelector: #navbarHeader])
21:47:25.261 INFO - Done: [find element: By.cssSelector: #navbarHeader]
21:47:25.263 INFO - Executing: [is displayed: 4 [[ChromeDriver: chrome on MAC (086551198d76e02dc1118ee88ca48162)] -> css selector: #navbarHeader]])
21:47:25.269 INFO - Done: [is displayed: 4 [[ChromeDriver: chrome on MAC (086551198d76e02dc1118ee88ca48162)] -> css selector: #navbarHeader]]
21:47:25.272 INFO - Executing: [find elements: By.cssSelector: #navbarLayer])
21:47:25.278 INFO - Done: [find elements: By.cssSelector: #navbarLayer]
21:47:25.281 INFO - Executing: [find element: By.cssSelector: #navbarLayer])
21:47:25.287 INFO - Done: [find element: By.cssSelector: #navbarLayer]
21:47:25.289 INFO - Executing: [get value of css property: 5 [[ChromeDriver: chrome on MAC (086551198d76e02dc1118ee88ca48162)] -> css selector: #navbarLayer], left])
21:47:25.295 INFO - Done: [get value of css property: 5 [[ChromeDriver: chrome on MAC (086551198d76e02dc1118ee88ca48162)] -> css selector: #navbarLayer], left]
21:47:25.297 INFO - Executing: [take screenshot])
21:47:25.412 INFO - Done: [take screenshot]
21:47:25.421 INFO - Executing: [find element: By.cssSelector: #navbarHeader])
21:47:25.427 INFO - Done: [find element: By.cssSelector: #navbarHeader]
21:47:25.429 INFO - Executing: [click: 4 [[ChromeDriver: chrome on MAC (086551198d76e02dc1118ee88ca48162)] -> css selector: #navbarHeader]])
21:47:25.468 INFO - Done: [click: 4 [[ChromeDriver: chrome on MAC (086551198d76e02dc1118ee88ca48162)] -> css selector: #navbarHeader]]
21:47:25.975 INFO - Executing: [find element: By.cssSelector: #navbarLayer])
21:47:25.983 INFO - Done: [find element: By.cssSelector: #navbarLayer]
21:47:25.985 INFO - Executing: [get value of css property: 5 [[ChromeDriver: chrome on MAC (086551198d76e02dc1118ee88ca48162)] -> css selector: #navbarLayer], left])
21:47:25.990 INFO - Done: [get value of css property: 5 [[ChromeDriver: chrome on MAC (086551198d76e02dc1118ee88ca48162)] -> css selector: #navbarLayer], left]
21:47:25.993 INFO - Executing: [find element: By.cssSelector: #navbarLayer])
21:47:25.999 INFO - Done: [find element: By.cssSelector: #navbarLayer]
21:47:26.001 INFO - Executing: [get value of css property: 5 [[ChromeDriver: chrome on MAC (086551198d76e02dc1118ee88ca48162)] -> css selector: #navbarLayer], transform])
21:47:26.008 INFO - Done: [get value of css property: 5 [[ChromeDriver: chrome on MAC (086551198d76e02dc1118ee88ca48162)] -> css selector: #navbarLayer], transform]
21:47:26.010 INFO - Executing: [find element: By.cssSelector: #navbarHeader])
21:47:26.017 INFO - Done: [find element: By.cssSelector: #navbarHeader]
21:47:26.019 INFO - Executing: [click: 4 [[ChromeDriver: chrome on MAC (086551198d76e02dc1118ee88ca48162)] -> css selector: #navbarHeader]])
21:47:26.038 INFO - Done: [click: 4 [[ChromeDriver: chrome on MAC (086551198d76e02dc1118ee88ca48162)] -> css selector: #navbarHeader]]
21:47:26.541 INFO - Executing: [take screenshot])
21:47:26.654 INFO - Done: [take screenshot]
21:47:26.661 INFO - Executing: [set window size])
21:47:26.833 INFO - Done: [set window size]
21:47:27.340 INFO - Executing: [find element: By.cssSelector: #navbarHeader])
21:47:27.346 INFO - Done: [find element: By.cssSelector: #navbarHeader]
21:47:27.348 INFO - Executing: [is displayed: 4 [[ChromeDriver: chrome on MAC (086551198d76e02dc1118ee88ca48162)] -> css selector: #navbarHeader]])
21:47:27.355 INFO - Done: [is displayed: 4 [[ChromeDriver: chrome on MAC (086551198d76e02dc1118ee88ca48162)] -> css selector: #navbarHeader]]
21:47:27.357 INFO - Executing: [find elements: By.cssSelector: #navbarLayer])
21:47:27.364 INFO - Done: [find elements: By.cssSelector: #navbarLayer]
21:47:27.366 INFO - Executing: [take screenshot])
21:47:27.479 INFO - Done: [take screenshot]
21:47:27.492 INFO - Executing: [find element: By.cssSelector: #navbarLayer])
21:47:27.499 INFO - Done: [find element: By.cssSelector: #navbarLayer]
21:47:27.500 INFO - Executing: [get value of css property: 5 [[ChromeDriver: chrome on MAC (086551198d76e02dc1118ee88ca48162)] -> css selector: #navbarLayer], left])
21:47:27.507 INFO - Done: [get value of css property: 5 [[ChromeDriver: chrome on MAC (086551198d76e02dc1118ee88ca48162)] -> css selector: #navbarLayer], left]
21:47:27.510 INFO - Executing: [find element: By.cssSelector: #navbarHeader])
21:47:27.517 INFO - Done: [find element: By.cssSelector: #navbarHeader]
21:47:27.519 INFO - Executing: [click: 4 [[ChromeDriver: chrome on MAC (086551198d76e02dc1118ee88ca48162)] -> css selector: #navbarHeader]])
21:47:27.542 INFO - Done: [click: 4 [[ChromeDriver: chrome on MAC (086551198d76e02dc1118ee88ca48162)] -> css selector: #navbarHeader]]
21:47:28.047 INFO - Executing: [find element: By.cssSelector: #navbarLayer])
21:47:28.053 INFO - Done: [find element: By.cssSelector: #navbarLayer]
21:47:28.055 INFO - Executing: [get value of css property: 5 [[ChromeDriver: chrome on MAC (086551198d76e02dc1118ee88ca48162)] -> css selector: #navbarLayer], left])
21:47:28.060 INFO - Done: [get value of css property: 5 [[ChromeDriver: chrome on MAC (086551198d76e02dc1118ee88ca48162)] -> css selector: #navbarLayer], left]
21:47:28.064 INFO - Executing: [find element: By.cssSelector: #navbarLayer])
21:47:28.070 INFO - Done: [find element: By.cssSelector: #navbarLayer]
21:47:28.072 INFO - Executing: [get value of css property: 5 [[ChromeDriver: chrome on MAC (086551198d76e02dc1118ee88ca48162)] -> css selector: #navbarLayer], transform])
21:47:28.077 INFO - Done: [get value of css property: 5 [[ChromeDriver: chrome on MAC (086551198d76e02dc1118ee88ca48162)] -> css selector: #navbarLayer], transform]
21:47:28.079 INFO - Executing: [take screenshot])
21:47:28.198 INFO - Done: [take screenshot]
21:47:28.214 INFO - Executing: [find element: By.cssSelector: #navbarHeader])
21:47:28.220 INFO - Done: [find element: By.cssSelector: #navbarHeader]
21:47:28.226 INFO - Executing: [click: 4 [[ChromeDriver: chrome on MAC (086551198d76e02dc1118ee88ca48162)] -> css selector: #navbarHeader]])
21:47:28.242 INFO - Done: [click: 4 [[ChromeDriver: chrome on MAC (086551198d76e02dc1118ee88ca48162)] -> css selector: #navbarHeader]]
21:47:28.752 INFO - Executing: [set window size])
21:47:28.920 INFO - Done: [set window size]
21:47:29.427 INFO - Executing: [find element: By.cssSelector: #navbarHeader])
21:47:29.434 INFO - Done: [find element: By.cssSelector: #navbarHeader]
21:47:29.435 INFO - Executing: [is displayed: 4 [[ChromeDriver: chrome on MAC (086551198d76e02dc1118ee88ca48162)] -> css selector: #navbarHeader]])
21:47:29.442 INFO - Done: [is displayed: 4 [[ChromeDriver: chrome on MAC (086551198d76e02dc1118ee88ca48162)] -> css selector: #navbarHeader]]
21:47:29.445 INFO - Executing: [find elements: By.cssSelector: #navbarLayer])
21:47:29.451 INFO - Done: [find elements: By.cssSelector: #navbarLayer]
21:47:29.454 INFO - Executing: [find element: By.cssSelector: #navbarLayer])
21:47:29.460 INFO - Done: [find element: By.cssSelector: #navbarLayer]
21:47:29.462 INFO - Executing: [get value of css property: 5 [[ChromeDriver: chrome on MAC (086551198d76e02dc1118ee88ca48162)] -> css selector: #navbarLayer], left])
21:47:29.467 INFO - Done: [get value of css property: 5 [[ChromeDriver: chrome on MAC (086551198d76e02dc1118ee88ca48162)] -> css selector: #navbarLayer], left]
21:47:29.470 INFO - Executing: [find element: By.cssSelector: #navbarLayer])
21:47:29.477 INFO - Done: [find element: By.cssSelector: #navbarLayer]
21:47:29.479 INFO - Executing: [get value of css property: 5 [[ChromeDriver: chrome on MAC (086551198d76e02dc1118ee88ca48162)] -> css selector: #navbarLayer], transform])
21:47:29.486 INFO - Done: [get value of css property: 5 [[ChromeDriver: chrome on MAC (086551198d76e02dc1118ee88ca48162)] -> css selector: #navbarLayer], transform]
21:47:29.488 INFO - Executing: [take screenshot])
21:47:29.605 INFO - Done: [take screenshot]
21:47:29.610 INFO - Executing: [find element: By.cssSelector: #navbarHeader])
21:47:29.617 INFO - Done: [find element: By.cssSelector: #navbarHeader]
21:47:29.618 INFO - Executing: [click: 4 [[ChromeDriver: chrome on MAC (086551198d76e02dc1118ee88ca48162)] -> css selector: #navbarHeader]])
21:47:29.639 INFO - Done: [click: 4 [[ChromeDriver: chrome on MAC (086551198d76e02dc1118ee88ca48162)] -> css selector: #navbarHeader]]
21:47:30.145 INFO - Executing: [find element: By.cssSelector: #navbarLayer])
21:47:30.152 INFO - Done: [find element: By.cssSelector: #navbarLayer]
21:47:30.154 INFO - Executing: [get value of css property: 5 [[ChromeDriver: chrome on MAC (086551198d76e02dc1118ee88ca48162)] -> css selector: #navbarLayer], left])
21:47:30.159 INFO - Done: [get value of css property: 5 [[ChromeDriver: chrome on MAC (086551198d76e02dc1118ee88ca48162)] -> css selector: #navbarLayer], left]
21:47:30.161 INFO - Executing: [find element: By.cssSelector: #navbarLayer])
21:47:30.167 INFO - Done: [find element: By.cssSelector: #navbarLayer]
21:47:30.169 INFO - Executing: [get value of css property: 5 [[ChromeDriver: chrome on MAC (086551198d76e02dc1118ee88ca48162)] -> css selector: #navbarLayer], transform])
21:47:30.173 INFO - Done: [get value of css property: 5 [[ChromeDriver: chrome on MAC (086551198d76e02dc1118ee88ca48162)] -> css selector: #navbarLayer], transform]
21:47:30.175 INFO - Executing: [take screenshot])
21:47:30.287 INFO - Done: [take screenshot]
21:47:31.297 INFO - Executing: [find element: By.cssSelector: #navbarHeader])
21:47:31.302 INFO - Done: [find element: By.cssSelector: #navbarHeader]
21:47:31.304 INFO - Executing: [click: 4 [[ChromeDriver: chrome on MAC (086551198d76e02dc1118ee88ca48162)] -> css selector: #navbarHeader]])
21:47:31.324 INFO - Done: [click: 4 [[ChromeDriver: chrome on MAC (086551198d76e02dc1118ee88ca48162)] -> css selector: #navbarHeader]]
21:47:31.831 INFO - Executing: [find element: By.cssSelector: #navbarLayer])
21:47:31.838 INFO - Done: [find element: By.cssSelector: #navbarLayer]
21:47:31.840 INFO - Executing: [get value of css property: 5 [[ChromeDriver: chrome on MAC (086551198d76e02dc1118ee88ca48162)] -> css selector: #navbarLayer], left])
21:47:31.844 INFO - Done: [get value of css property: 5 [[ChromeDriver: chrome on MAC (086551198d76e02dc1118ee88ca48162)] -> css selector: #navbarLayer], left]
21:47:31.847 INFO - Executing: [find element: By.cssSelector: #navbarLayer])
21:47:31.853 INFO - Done: [find element: By.cssSelector: #navbarLayer]
21:47:31.854 INFO - Executing: [get value of css property: 5 [[ChromeDriver: chrome on MAC (086551198d76e02dc1118ee88ca48162)] -> css selector: #navbarLayer], transform])
21:47:31.859 INFO - Done: [get value of css property: 5 [[ChromeDriver: chrome on MAC (086551198d76e02dc1118ee88ca48162)] -> css selector: #navbarLayer], transform]
21:47:31.865 INFO - Executing: [set window size])
21:47:31.972 INFO - Done: [set window size]
21:47:32.478 INFO - Executing: [find elements: By.cssSelector: #navbarHeader])
21:47:32.493 INFO - Done: [find elements: By.cssSelector: #navbarHeader]
21:47:32.495 INFO - Executing: [find element: By.cssSelector: #navbarHeader])
21:47:32.501 INFO - Done: [find element: By.cssSelector: #navbarHeader]
21:47:32.503 INFO - Executing: [get value of css property: 4 [[ChromeDriver: chrome on MAC (086551198d76e02dc1118ee88ca48162)] -> css selector: #navbarHeader], height])
21:47:32.510 INFO - Done: [get value of css property: 4 [[ChromeDriver: chrome on MAC (086551198d76e02dc1118ee88ca48162)] -> css selector: #navbarHeader], height]
21:47:32.512 INFO - Executing: [find element: By.cssSelector: #navbarHeader])
21:47:32.518 INFO - Done: [find element: By.cssSelector: #navbarHeader]
21:47:32.519 INFO - Executing: [get value of css property: 4 [[ChromeDriver: chrome on MAC (086551198d76e02dc1118ee88ca48162)] -> css selector: #navbarHeader], top])
21:47:32.527 INFO - Done: [get value of css property: 4 [[ChromeDriver: chrome on MAC (086551198d76e02dc1118ee88ca48162)] -> css selector: #navbarHeader], top]
21:47:32.530 INFO - Executing: [find elements: By.cssSelector: #navbarFooter])
21:47:32.545 INFO - Done: [find elements: By.cssSelector: #navbarFooter]
21:47:32.548 INFO - Executing: [find element: By.cssSelector: #navbarFooter])
21:47:32.564 INFO - Done: [find element: By.cssSelector: #navbarFooter]
21:47:32.566 INFO - Executing: [get value of css property: 6 [[ChromeDriver: chrome on MAC (086551198d76e02dc1118ee88ca48162)] -> css selector: #navbarFooter], height])
21:47:32.574 INFO - Done: [get value of css property: 6 [[ChromeDriver: chrome on MAC (086551198d76e02dc1118ee88ca48162)] -> css selector: #navbarFooter], height]
21:47:32.576 INFO - Executing: [take screenshot])
21:47:32.689 INFO - Done: [take screenshot]
21:47:32.695 INFO - Executing: [send keys to active: []])
21:47:32.701 INFO - Done: [send keys to active: []]
21:47:32.704 INFO - Executing: [send keys to active: []])
21:47:32.707 INFO - Done: [send keys to active: []]
21:47:32.709 INFO - Executing: [send keys to active: [n]])
21:47:32.726 INFO - Done: [send keys to active: [n]]
21:47:33.229 INFO - Executing: [send keys to active: []])
21:47:33.234 INFO - Done: [send keys to active: []]
21:47:33.237 INFO - Executing: [find elements: By.cssSelector: #navbarHeader])
21:47:33.247 INFO - Done: [find elements: By.cssSelector: #navbarHeader]
21:47:33.250 INFO - Executing: [find element: By.cssSelector: #navbarHeader])
21:47:33.255 INFO - Done: [find element: By.cssSelector: #navbarHeader]
21:47:33.257 INFO - Executing: [get value of css property: 4 [[ChromeDriver: chrome on MAC (086551198d76e02dc1118ee88ca48162)] -> css selector: #navbarHeader], height])
21:47:33.261 INFO - Done: [get value of css property: 4 [[ChromeDriver: chrome on MAC (086551198d76e02dc1118ee88ca48162)] -> css selector: #navbarHeader], height]
21:47:33.264 INFO - Executing: [find element: By.cssSelector: #navbarHeader])
21:47:33.270 INFO - Done: [find element: By.cssSelector: #navbarHeader]
21:47:33.271 INFO - Executing: [get value of css property: 4 [[ChromeDriver: chrome on MAC (086551198d76e02dc1118ee88ca48162)] -> css selector: #navbarHeader], top])
21:47:33.276 INFO - Done: [get value of css property: 4 [[ChromeDriver: chrome on MAC (086551198d76e02dc1118ee88ca48162)] -> css selector: #navbarHeader], top]
21:47:33.278 INFO - Executing: [find elements: By.cssSelector: #navbarFooter])
21:47:33.285 INFO - Done: [find elements: By.cssSelector: #navbarFooter]
21:47:33.288 INFO - Executing: [find element: By.cssSelector: #navbarFooter])
21:47:33.294 INFO - Done: [find element: By.cssSelector: #navbarFooter]
21:47:33.296 INFO - Executing: [get value of css property: 6 [[ChromeDriver: chrome on MAC (086551198d76e02dc1118ee88ca48162)] -> css selector: #navbarFooter], height])
21:47:33.301 INFO - Done: [get value of css property: 6 [[ChromeDriver: chrome on MAC (086551198d76e02dc1118ee88ca48162)] -> css selector: #navbarFooter], height]
21:47:33.303 INFO - Executing: [take screenshot])
21:47:33.420 INFO - Done: [take screenshot]
21:47:33.434 INFO - Executing: [send keys to active: []])
21:47:33.438 INFO - Done: [send keys to active: []]
21:47:33.440 INFO - Executing: [send keys to active: []])
21:47:33.444 INFO - Done: [send keys to active: []]
21:47:33.447 INFO - Executing: [send keys to active: [n]])
21:47:33.451 INFO - Done: [send keys to active: [n]]
21:47:33.957 INFO - Executing: [send keys to active: []])
21:47:33.962 INFO - Done: [send keys to active: []]
21:47:33.965 INFO - Executing: [find elements: By.cssSelector: #navbarHeader])
21:47:33.972 INFO - Done: [find elements: By.cssSelector: #navbarHeader]
21:47:33.975 INFO - Executing: [find element: By.cssSelector: #navbarHeader])
21:47:33.981 INFO - Done: [find element: By.cssSelector: #navbarHeader]
21:47:33.983 INFO - Executing: [get value of css property: 4 [[ChromeDriver: chrome on MAC (086551198d76e02dc1118ee88ca48162)] -> css selector: #navbarHeader], height])
21:47:33.987 INFO - Done: [get value of css property: 4 [[ChromeDriver: chrome on MAC (086551198d76e02dc1118ee88ca48162)] -> css selector: #navbarHeader], height]
21:47:33.990 INFO - Executing: [find element: By.cssSelector: #navbarHeader])
21:47:33.995 INFO - Done: [find element: By.cssSelector: #navbarHeader]
21:47:33.997 INFO - Executing: [get value of css property: 4 [[ChromeDriver: chrome on MAC (086551198d76e02dc1118ee88ca48162)] -> css selector: #navbarHeader], top])
21:47:34.002 INFO - Done: [get value of css property: 4 [[ChromeDriver: chrome on MAC (086551198d76e02dc1118ee88ca48162)] -> css selector: #navbarHeader], top]
21:47:34.004 INFO - Executing: [find elements: By.cssSelector: #navbarFooter])
21:47:34.012 INFO - Done: [find elements: By.cssSelector: #navbarFooter]
21:47:34.014 INFO - Executing: [find element: By.cssSelector: #navbarFooter])
21:47:34.021 INFO - Done: [find element: By.cssSelector: #navbarFooter]
21:47:34.023 INFO - Executing: [get value of css property: 6 [[ChromeDriver: chrome on MAC (086551198d76e02dc1118ee88ca48162)] -> css selector: #navbarFooter], height])
21:47:34.028 INFO - Done: [get value of css property: 6 [[ChromeDriver: chrome on MAC (086551198d76e02dc1118ee88ca48162)] -> css selector: #navbarFooter], height]
21:47:34.032 INFO - Executing: [delete session: 4c28e211-58c1-411e-981f-507dff379ef4])
21:47:34.605 INFO - Done: [delete session: 4c28e211-58c1-411e-981f-507dff379ef4]
21:47:34.635 INFO - Executing: [new session: Capabilities [{acceptSslCerts=true, loggingPrefs=org.openqa.selenium.logging.LoggingPreferences@81c2788, name=Checklist, browserName=chrome, javascriptEnabled=true, platform=ANY}]])
21:47:34.636 INFO - Creating a new session for Capabilities [{acceptSslCerts=true, loggingPrefs=org.openqa.selenium.logging.LoggingPreferences@81c2788, name=Checklist, browserName=chrome, javascriptEnabled=true, platform=ANY}]
Starting ChromeDriver 2.19.346063 (38b35413bd4a486d436a9749e090454bc9ff6708) on port 47385
Only local connections are allowed.
21:47:35.801 INFO - Done: [new session: Capabilities [{acceptSslCerts=true, loggingPrefs=org.openqa.selenium.logging.LoggingPreferences@81c2788, name=Checklist, browserName=chrome, javascriptEnabled=true, platform=ANY}]]
21:47:35.804 INFO - Executing: [get: http://localhost:3000])
21:47:37.156 INFO - Done: [get: http://localhost:3000]
21:47:37.159 INFO - Executing: [set window size])
21:47:37.370 INFO - Done: [set window size]
21:47:37.677 INFO - Executing: [find element: By.cssSelector: #sidebarToggle])
21:47:38.296 INFO - Done: [find element: By.cssSelector: #sidebarToggle]
21:47:38.298 INFO - Executing: [is displayed: 0 [[ChromeDriver: chrome on MAC (b567eb9cb133909d3dcdeaf1b6189ad2)] -> css selector: #sidebarToggle]])
21:47:38.312 INFO - Done: [is displayed: 0 [[ChromeDriver: chrome on MAC (b567eb9cb133909d3dcdeaf1b6189ad2)] -> css selector: #sidebarToggle]]
21:47:38.314 INFO - Executing: [find element: By.cssSelector: #checklistPage])
21:47:38.329 INFO - Done: [find element: By.cssSelector: #checklistPage]
21:47:38.330 INFO - Executing: [is displayed: 1 [[ChromeDriver: chrome on MAC (b567eb9cb133909d3dcdeaf1b6189ad2)] -> css selector: #checklistPage]])
21:47:38.343 INFO - Done: [is displayed: 1 [[ChromeDriver: chrome on MAC (b567eb9cb133909d3dcdeaf1b6189ad2)] -> css selector: #checklistPage]]
21:47:38.346 INFO - Executing: [find element: By.cssSelector: #checklistTitle])
21:47:38.364 INFO - Done: [find element: By.cssSelector: #checklistTitle]
21:47:38.366 INFO - Executing: [is displayed: 2 [[ChromeDriver: chrome on MAC (b567eb9cb133909d3dcdeaf1b6189ad2)] -> css selector: #checklistTitle]])
21:47:38.379 INFO - Done: [is displayed: 2 [[ChromeDriver: chrome on MAC (b567eb9cb133909d3dcdeaf1b6189ad2)] -> css selector: #checklistTitle]]
21:47:38.382 INFO - Executing: [find element: By.cssSelector: #checklistPage .taskItem:nth-child(1)])
21:47:38.396 INFO - Done: [find element: By.cssSelector: #checklistPage .taskItem:nth-child(1)]
21:47:38.398 INFO - Executing: [is displayed: 3 [[ChromeDriver: chrome on MAC (b567eb9cb133909d3dcdeaf1b6189ad2)] -> css selector: #checklistPage .taskItem:nth-child(1)]])
21:47:38.412 INFO - Done: [is displayed: 3 [[ChromeDriver: chrome on MAC (b567eb9cb133909d3dcdeaf1b6189ad2)] -> css selector: #checklistPage .taskItem:nth-child(1)]]
21:47:38.414 INFO - Executing: [take screenshot])
21:47:38.586 INFO - Done: [take screenshot]
21:47:38.610 INFO - Executing: [set window size])
21:47:38.781 INFO - Done: [set window size]
21:47:39.087 INFO - Executing: [find element: By.cssSelector: #sidebar])
21:47:39.103 INFO - Done: [find element: By.cssSelector: #sidebar]
21:47:39.105 INFO - Executing: [is displayed: 4 [[ChromeDriver: chrome on MAC (b567eb9cb133909d3dcdeaf1b6189ad2)] -> css selector: #sidebar]])
21:47:39.117 INFO - Done: [is displayed: 4 [[ChromeDriver: chrome on MAC (b567eb9cb133909d3dcdeaf1b6189ad2)] -> css selector: #sidebar]]
21:47:39.119 INFO - Executing: [find element: By.cssSelector: #usernameLink])
21:47:39.133 INFO - Done: [find element: By.cssSelector: #usernameLink]
21:47:39.134 INFO - Executing: [is displayed: 5 [[ChromeDriver: chrome on MAC (b567eb9cb133909d3dcdeaf1b6189ad2)] -> css selector: #usernameLink]])
21:47:39.147 INFO - Done: [is displayed: 5 [[ChromeDriver: chrome on MAC (b567eb9cb133909d3dcdeaf1b6189ad2)] -> css selector: #usernameLink]]
21:47:39.149 INFO - Executing: [find element: By.cssSelector: #protocolLibraryLink])
21:47:39.165 INFO - Done: [find element: By.cssSelector: #protocolLibraryLink]
21:47:39.167 INFO - Executing: [is displayed: 6 [[ChromeDriver: chrome on MAC (b567eb9cb133909d3dcdeaf1b6189ad2)] -> css selector: #protocolLibraryLink]])
21:47:39.179 INFO - Done: [is displayed: 6 [[ChromeDriver: chrome on MAC (b567eb9cb133909d3dcdeaf1b6189ad2)] -> css selector: #protocolLibraryLink]]
21:47:39.182 INFO - Executing: [find elements: By.cssSelector: #newListButton])
21:47:39.196 INFO - Done: [find elements: By.cssSelector: #newListButton]
21:47:39.198 INFO - Executing: [find elements: By.cssSelector: #lists .listItem:nth-child(1)])
21:47:39.213 INFO - Done: [find elements: By.cssSelector: #lists .listItem:nth-child(1)]
21:47:39.219 INFO - Executing: [get: http://localhost:3000/entrySignUp])
21:47:39.946 INFO - Done: [get: http://localhost:3000/entrySignUp]
21:47:40.450 INFO - Executing: [set window size])
21:47:40.556 INFO - Done: [set window size]
21:47:40.558 INFO - Executing: [find element: By.cssSelector: #signUpPageFullNameInput])
21:47:40.574 INFO - Done: [find element: By.cssSelector: #signUpPageFullNameInput]
21:47:40.576 INFO - Executing: [send keys: 7 [[ChromeDriver: chrome on MAC (b567eb9cb133909d3dcdeaf1b6189ad2)] -> css selector: #signUpPageFullNameInput], [A, l, i, c, e,  , D, o, e]])
21:47:40.656 INFO - Done: [send keys: 7 [[ChromeDriver: chrome on MAC (b567eb9cb133909d3dcdeaf1b6189ad2)] -> css selector: #signUpPageFullNameInput], [A, l, i, c, e,  , D, o, e]]
21:47:40.659 INFO - Executing: [find element: By.cssSelector: #signUpPageEmailInput])
21:47:40.678 INFO - Done: [find element: By.cssSelector: #signUpPageEmailInput]
21:47:40.680 INFO - Executing: [send keys: 8 [[ChromeDriver: chrome on MAC (b567eb9cb133909d3dcdeaf1b6189ad2)] -> css selector: #signUpPageEmailInput], [a, l, i, c, e, @, s, y, m, p, t, o, m, a, t, i, c, ., i, o]])
21:47:40.780 INFO - Done: [send keys: 8 [[ChromeDriver: chrome on MAC (b567eb9cb133909d3dcdeaf1b6189ad2)] -> css selector: #signUpPageEmailInput], [a, l, i, c, e, @, s, y, m, p, t, o, m, a, t, i, c, ., i, o]]
21:47:40.782 INFO - Executing: [find element: By.cssSelector: #signUpPagePasswordInput])
21:47:40.799 INFO - Done: [find element: By.cssSelector: #signUpPagePasswordInput]
21:47:40.801 INFO - Executing: [send keys: 9 [[ChromeDriver: chrome on MAC (b567eb9cb133909d3dcdeaf1b6189ad2)] -> css selector: #signUpPagePasswordInput], [a, l, i, c, e, 1, 2, 3]])
21:47:40.862 INFO - Done: [send keys: 9 [[ChromeDriver: chrome on MAC (b567eb9cb133909d3dcdeaf1b6189ad2)] -> css selector: #signUpPagePasswordInput], [a, l, i, c, e, 1, 2, 3]]
21:47:40.864 INFO - Executing: [find element: By.cssSelector: #signUpPagePasswordConfirmInput])
21:47:40.880 INFO - Done: [find element: By.cssSelector: #signUpPagePasswordConfirmInput]
21:47:40.883 INFO - Executing: [send keys: 10 [[ChromeDriver: chrome on MAC (b567eb9cb133909d3dcdeaf1b6189ad2)] -> css selector: #signUpPagePasswordConfirmInput], [a, l, i, c, e, 1, 2, 3]])
21:47:40.939 INFO - Done: [send keys: 10 [[ChromeDriver: chrome on MAC (b567eb9cb133909d3dcdeaf1b6189ad2)] -> css selector: #signUpPagePasswordConfirmInput], [a, l, i, c, e, 1, 2, 3]]
21:47:40.942 INFO - Executing: [find element: By.cssSelector: #signUpPageJoinNowButton])
21:47:40.959 INFO - Done: [find element: By.cssSelector: #signUpPageJoinNowButton]
21:47:40.961 INFO - Executing: [click: 11 [[ChromeDriver: chrome on MAC (b567eb9cb133909d3dcdeaf1b6189ad2)] -> css selector: #signUpPageJoinNowButton]])
21:47:41.012 INFO - Done: [click: 11 [[ChromeDriver: chrome on MAC (b567eb9cb133909d3dcdeaf1b6189ad2)] -> css selector: #signUpPageJoinNowButton]]
21:47:41.516 INFO - Executing: [find element: By.cssSelector: #sidebar])
21:47:41.529 INFO - Done: [find element: By.cssSelector: #sidebar]
21:47:41.530 INFO - Executing: [is displayed: 12 [[ChromeDriver: chrome on MAC (b567eb9cb133909d3dcdeaf1b6189ad2)] -> css selector: #sidebar]])
21:47:41.544 INFO - Done: [is displayed: 12 [[ChromeDriver: chrome on MAC (b567eb9cb133909d3dcdeaf1b6189ad2)] -> css selector: #sidebar]]
21:47:41.546 INFO - Executing: [find element: By.cssSelector: #usernameLink])
21:47:41.561 INFO - Done: [find element: By.cssSelector: #usernameLink]
21:47:41.562 INFO - Executing: [is displayed: 13 [[ChromeDriver: chrome on MAC (b567eb9cb133909d3dcdeaf1b6189ad2)] -> css selector: #usernameLink]])
21:47:41.575 INFO - Done: [is displayed: 13 [[ChromeDriver: chrome on MAC (b567eb9cb133909d3dcdeaf1b6189ad2)] -> css selector: #usernameLink]]
21:47:41.578 INFO - Executing: [find element: By.cssSelector: #protocolLibraryLink])
21:47:41.595 INFO - Done: [find element: By.cssSelector: #protocolLibraryLink]
21:47:41.597 INFO - Executing: [is displayed: 14 [[ChromeDriver: chrome on MAC (b567eb9cb133909d3dcdeaf1b6189ad2)] -> css selector: #protocolLibraryLink]])
21:47:41.609 INFO - Done: [is displayed: 14 [[ChromeDriver: chrome on MAC (b567eb9cb133909d3dcdeaf1b6189ad2)] -> css selector: #protocolLibraryLink]]
21:47:41.612 INFO - Executing: [find element: By.cssSelector: #newListButton])
21:47:41.626 INFO - Done: [find element: By.cssSelector: #newListButton]
21:47:41.628 INFO - Executing: [is displayed: 15 [[ChromeDriver: chrome on MAC (b567eb9cb133909d3dcdeaf1b6189ad2)] -> css selector: #newListButton]])
21:47:41.641 INFO - Done: [is displayed: 15 [[ChromeDriver: chrome on MAC (b567eb9cb133909d3dcdeaf1b6189ad2)] -> css selector: #newListButton]]
21:47:41.643 INFO - Executing: [take screenshot])
21:47:41.757 INFO - Done: [take screenshot]
21:47:41.764 INFO - Executing: [set window size])
21:47:41.874 INFO - Done: [set window size]
21:47:41.877 INFO - Executing: [find elements: By.cssSelector: #checklistPage])
21:47:41.891 INFO - Done: [find elements: By.cssSelector: #checklistPage]
21:47:41.893 INFO - Executing: [take screenshot])
21:47:42.012 INFO - Done: [take screenshot]
21:47:42.016 INFO - Executing: [find element: By.cssSelector: #showNewTaskToggle])
21:47:42.030 INFO - Done: [find element: By.cssSelector: #showNewTaskToggle]
21:47:42.032 INFO - Executing: [click: 17 [[ChromeDriver: chrome on MAC (b567eb9cb133909d3dcdeaf1b6189ad2)] -> css selector: #showNewTaskToggle]])
21:47:42.064 INFO - Done: [click: 17 [[ChromeDriver: chrome on MAC (b567eb9cb133909d3dcdeaf1b6189ad2)] -> css selector: #showNewTaskToggle]]
21:47:42.370 INFO - Executing: [find element: By.cssSelector: #newTaskInput])
21:47:42.385 INFO - Done: [find element: By.cssSelector: #newTaskInput]
21:47:42.387 INFO - Executing: [is displayed: 18 [[ChromeDriver: chrome on MAC (b567eb9cb133909d3dcdeaf1b6189ad2)] -> css selector: #newTaskInput]])
21:47:42.403 INFO - Done: [is displayed: 18 [[ChromeDriver: chrome on MAC (b567eb9cb133909d3dcdeaf1b6189ad2)] -> css selector: #newTaskInput]]
21:47:42.405 INFO - Executing: [take screenshot])
21:47:42.519 INFO - Done: [take screenshot]
21:47:42.524 INFO - Executing: [find element: By.cssSelector: #newTaskInput])
21:47:42.531 INFO - Done: [find element: By.cssSelector: #newTaskInput]
21:47:42.533 INFO - Executing: [send keys: 18 [[ChromeDriver: chrome on MAC (b567eb9cb133909d3dcdeaf1b6189ad2)] -> css selector: #newTaskInput], [P, u, b, l, i, s, h,  , a, p, p,  , i, n,  , A, p, p,  , S, t, o, r, e]])
21:47:42.614 INFO - Done: [send keys: 18 [[ChromeDriver: chrome on MAC (b567eb9cb133909d3dcdeaf1b6189ad2)] -> css selector: #newTaskInput], [P, u, b, l, i, s, h,  , a, p, p,  , i, n,  , A, p, p,  , S, t, o, r, e]]
21:47:42.616 INFO - Executing: [send keys to active: []])
21:47:42.652 INFO - Done: [send keys to active: []]
21:47:43.160 INFO - Executing: [find element: By.cssSelector: #checklistPage .taskItem:nth-child(1)])
21:47:43.167 INFO - Done: [find element: By.cssSelector: #checklistPage .taskItem:nth-child(1)]
21:47:43.169 INFO - Executing: [is displayed: 19 [[ChromeDriver: chrome on MAC (b567eb9cb133909d3dcdeaf1b6189ad2)] -> css selector: #checklistPage .taskItem:nth-child(1)]])
21:47:43.182 INFO - Done: [is displayed: 19 [[ChromeDriver: chrome on MAC (b567eb9cb133909d3dcdeaf1b6189ad2)] -> css selector: #checklistPage .taskItem:nth-child(1)]]
21:47:43.185 INFO - Executing: [find element: By.cssSelector: #checklistPage .taskItem:nth-child(1) .taskInput])
21:47:43.201 INFO - Done: [find element: By.cssSelector: #checklistPage .taskItem:nth-child(1) .taskInput]
21:47:43.203 INFO - Executing: [get element attribute: 20 [[ChromeDriver: chrome on MAC (b567eb9cb133909d3dcdeaf1b6189ad2)] -> css selector: #checklistPage .taskItem:nth-child(1) .taskInput], placeholder])
21:47:43.212 INFO - Done: [get element attribute: 20 [[ChromeDriver: chrome on MAC (b567eb9cb133909d3dcdeaf1b6189ad2)] -> css selector: #checklistPage .taskItem:nth-child(1) .taskInput], placeholder]
21:47:43.215 INFO - Executing: [take screenshot])
21:47:43.327 INFO - Done: [take screenshot]
21:47:43.335 INFO - Executing: [find element: By.cssSelector: #checklistPage .taskItem:nth-child(1)])
21:47:43.341 INFO - Done: [find element: By.cssSelector: #checklistPage .taskItem:nth-child(1)]
21:47:43.344 INFO - Executing: [is displayed: 19 [[ChromeDriver: chrome on MAC (b567eb9cb133909d3dcdeaf1b6189ad2)] -> css selector: #checklistPage .taskItem:nth-child(1)]])
21:47:43.354 INFO - Done: [is displayed: 19 [[ChromeDriver: chrome on MAC (b567eb9cb133909d3dcdeaf1b6189ad2)] -> css selector: #checklistPage .taskItem:nth-child(1)]]
21:47:43.359 INFO - Executing: [find element: By.cssSelector: #checklistPage .taskItem:nth-child(1) .taskInput])
21:47:43.370 INFO - Done: [find element: By.cssSelector: #checklistPage .taskItem:nth-child(1) .taskInput]
21:47:43.372 INFO - Executing: [get element attribute: 20 [[ChromeDriver: chrome on MAC (b567eb9cb133909d3dcdeaf1b6189ad2)] -> css selector: #checklistPage .taskItem:nth-child(1) .taskInput], placeholder])
21:47:43.380 INFO - Done: [get element attribute: 20 [[ChromeDriver: chrome on MAC (b567eb9cb133909d3dcdeaf1b6189ad2)] -> css selector: #checklistPage .taskItem:nth-child(1) .taskInput], placeholder]
21:47:43.384 INFO - Executing: [find element: By.cssSelector: #checklistPage .taskItem:nth-child(1) .checkbox])
21:47:43.402 INFO - Done: [find element: By.cssSelector: #checklistPage .taskItem:nth-child(1) .checkbox]
21:47:43.404 INFO - Executing: [is displayed: 21 [[ChromeDriver: chrome on MAC (b567eb9cb133909d3dcdeaf1b6189ad2)] -> css selector: #checklistPage .taskItem:nth-child(1) .checkbox]])
21:47:43.422 INFO - Done: [is displayed: 21 [[ChromeDriver: chrome on MAC (b567eb9cb133909d3dcdeaf1b6189ad2)] -> css selector: #checklistPage .taskItem:nth-child(1) .checkbox]]
21:47:43.425 INFO - Executing: [find element: By.cssSelector: #checklistPage .taskItem:nth-child(1)])
21:47:43.432 INFO - Done: [find element: By.cssSelector: #checklistPage .taskItem:nth-child(1)]
21:47:43.435 INFO - Executing: [get value of css property: 19 [[ChromeDriver: chrome on MAC (b567eb9cb133909d3dcdeaf1b6189ad2)] -> css selector: #checklistPage .taskItem:nth-child(1)], color])
21:47:43.444 INFO - Done: [get value of css property: 19 [[ChromeDriver: chrome on MAC (b567eb9cb133909d3dcdeaf1b6189ad2)] -> css selector: #checklistPage .taskItem:nth-child(1)], color]
21:47:43.446 INFO - Executing: [find element: By.cssSelector: #checklistPage .taskItem:nth-child(1) .checkbox])
21:47:43.452 INFO - Done: [find element: By.cssSelector: #checklistPage .taskItem:nth-child(1) .checkbox]
21:47:43.454 INFO - Executing: [click: 21 [[ChromeDriver: chrome on MAC (b567eb9cb133909d3dcdeaf1b6189ad2)] -> css selector: #checklistPage .taskItem:nth-child(1) .checkbox]])
21:47:43.503 INFO - Done: [click: 21 [[ChromeDriver: chrome on MAC (b567eb9cb133909d3dcdeaf1b6189ad2)] -> css selector: #checklistPage .taskItem:nth-child(1) .checkbox]]
21:47:44.011 INFO - Executing: [find element: By.cssSelector: #checklistPage .taskItem:nth-child(1)])
21:47:44.018 INFO - Done: [find element: By.cssSelector: #checklistPage .taskItem:nth-child(1)]
21:47:44.019 INFO - Executing: [get value of css property: 19 [[ChromeDriver: chrome on MAC (b567eb9cb133909d3dcdeaf1b6189ad2)] -> css selector: #checklistPage .taskItem:nth-child(1)], color])
21:47:44.024 INFO - Done: [get value of css property: 19 [[ChromeDriver: chrome on MAC (b567eb9cb133909d3dcdeaf1b6189ad2)] -> css selector: #checklistPage .taskItem:nth-child(1)], color]
21:47:44.026 INFO - Executing: [find element: By.cssSelector: #checklistPage .taskItem:nth-child(1) .checkbox])
21:47:44.032 INFO - Done: [find element: By.cssSelector: #checklistPage .taskItem:nth-child(1) .checkbox]
21:47:44.034 INFO - Executing: [is displayed: 21 [[ChromeDriver: chrome on MAC (b567eb9cb133909d3dcdeaf1b6189ad2)] -> css selector: #checklistPage .taskItem:nth-child(1) .checkbox]])
21:47:44.040 INFO - Done: [is displayed: 21 [[ChromeDriver: chrome on MAC (b567eb9cb133909d3dcdeaf1b6189ad2)] -> css selector: #checklistPage .taskItem:nth-child(1) .checkbox]]
21:47:44.044 INFO - Executing: [set window size])
21:47:44.154 INFO - Done: [set window size]
21:47:44.156 INFO - Executing: [find element: By.cssSelector: #checklistPage .taskItem:nth-child(1)])
21:47:44.162 INFO - Done: [find element: By.cssSelector: #checklistPage .taskItem:nth-child(1)]
21:47:44.164 INFO - Executing: [is displayed: 19 [[ChromeDriver: chrome on MAC (b567eb9cb133909d3dcdeaf1b6189ad2)] -> css selector: #checklistPage .taskItem:nth-child(1)]])
21:47:44.171 INFO - Done: [is displayed: 19 [[ChromeDriver: chrome on MAC (b567eb9cb133909d3dcdeaf1b6189ad2)] -> css selector: #checklistPage .taskItem:nth-child(1)]]
21:47:44.174 INFO - Executing: [find element: By.cssSelector: #checklistPage .taskItem:nth-child(1) .taskInput])
21:47:44.180 INFO - Done: [find element: By.cssSelector: #checklistPage .taskItem:nth-child(1) .taskInput]
21:47:44.182 INFO - Executing: [get element attribute: 20 [[ChromeDriver: chrome on MAC (b567eb9cb133909d3dcdeaf1b6189ad2)] -> css selector: #checklistPage .taskItem:nth-child(1) .taskInput], placeholder])
21:47:44.187 INFO - Done: [get element attribute: 20 [[ChromeDriver: chrome on MAC (b567eb9cb133909d3dcdeaf1b6189ad2)] -> css selector: #checklistPage .taskItem:nth-child(1) .taskInput], placeholder]
21:47:44.190 INFO - Executing: [find element: By.cssSelector: #checklistPage .taskItem:nth-child(1) .taskInput])
21:47:44.196 INFO - Done: [find element: By.cssSelector: #checklistPage .taskItem:nth-child(1) .taskInput]
21:47:44.198 INFO - Executing: [click: 20 [[ChromeDriver: chrome on MAC (b567eb9cb133909d3dcdeaf1b6189ad2)] -> css selector: #checklistPage .taskItem:nth-child(1) .taskInput]])
21:47:44.238 INFO - Done: [click: 20 [[ChromeDriver: chrome on MAC (b567eb9cb133909d3dcdeaf1b6189ad2)] -> css selector: #checklistPage .taskItem:nth-child(1) .taskInput]]
21:47:44.542 INFO - Executing: [find element: By.cssSelector: #checklistPage .taskItem:nth-child(1) .delete-item])
21:47:44.557 INFO - Done: [find element: By.cssSelector: #checklistPage .taskItem:nth-child(1) .delete-item]
21:47:44.559 INFO - Executing: [is displayed: 22 [[ChromeDriver: chrome on MAC (b567eb9cb133909d3dcdeaf1b6189ad2)] -> css selector: #checklistPage .taskItem:nth-child(1) .delete-item]])
21:47:44.573 INFO - Done: [is displayed: 22 [[ChromeDriver: chrome on MAC (b567eb9cb133909d3dcdeaf1b6189ad2)] -> css selector: #checklistPage .taskItem:nth-child(1) .delete-item]]
21:47:44.575 INFO - Executing: [find element: By.cssSelector: #checklistPage .taskItem:nth-child(1) .delete-item])
21:47:44.581 INFO - Done: [find element: By.cssSelector: #checklistPage .taskItem:nth-child(1) .delete-item]
21:47:44.582 INFO - Executing: [click: 22 [[ChromeDriver: chrome on MAC (b567eb9cb133909d3dcdeaf1b6189ad2)] -> css selector: #checklistPage .taskItem:nth-child(1) .delete-item]])
21:47:44.623 INFO - Done: [click: 22 [[ChromeDriver: chrome on MAC (b567eb9cb133909d3dcdeaf1b6189ad2)] -> css selector: #checklistPage .taskItem:nth-child(1) .delete-item]]
21:47:45.126 INFO - Executing: [find elements: By.cssSelector: #checklistPage .taskItem:nth-child(1)])
21:47:45.140 INFO - Done: [find elements: By.cssSelector: #checklistPage .taskItem:nth-child(1)]
21:47:45.144 INFO - Executing: [find element: By.cssSelector: #newListButton])
21:47:45.150 INFO - Done: [find element: By.cssSelector: #newListButton]
21:47:45.152 INFO - Executing: [is displayed: 15 [[ChromeDriver: chrome on MAC (b567eb9cb133909d3dcdeaf1b6189ad2)] -> css selector: #newListButton]])
21:47:45.158 INFO - Done: [is displayed: 15 [[ChromeDriver: chrome on MAC (b567eb9cb133909d3dcdeaf1b6189ad2)] -> css selector: #newListButton]]
21:47:45.161 INFO - Executing: [find elements: By.cssSelector: #lists .listItem:nth-child(1)])
21:47:45.167 INFO - Done: [find elements: By.cssSelector: #lists .listItem:nth-child(1)]
21:47:45.170 INFO - Executing: [find elements: By.cssSelector: #lists .listItem:nth-child(2)])
21:47:45.186 INFO - Done: [find elements: By.cssSelector: #lists .listItem:nth-child(2)]
21:47:45.189 INFO - Executing: [find elements: By.cssSelector: #lists .listItem:nth-child(3)])
21:47:45.204 INFO - Done: [find elements: By.cssSelector: #lists .listItem:nth-child(3)]
21:47:45.206 INFO - Executing: [find element: By.cssSelector: #newListButton])
21:47:45.212 INFO - Done: [find element: By.cssSelector: #newListButton]
21:47:45.214 INFO - Executing: [click: 15 [[ChromeDriver: chrome on MAC (b567eb9cb133909d3dcdeaf1b6189ad2)] -> css selector: #newListButton]])
21:47:45.253 INFO - Done: [click: 15 [[ChromeDriver: chrome on MAC (b567eb9cb133909d3dcdeaf1b6189ad2)] -> css selector: #newListButton]]
21:47:45.756 INFO - Executing: [find element: By.cssSelector: #lists .listItem:nth-child(2)])
21:47:45.774 INFO - Done: [find element: By.cssSelector: #lists .listItem:nth-child(2)]
21:47:45.776 INFO - Executing: [get text: 24 [[ChromeDriver: chrome on MAC (b567eb9cb133909d3dcdeaf1b6189ad2)] -> css selector: #lists .listItem:nth-child(2)]])
21:47:45.796 INFO - Done: [get text: 24 [[ChromeDriver: chrome on MAC (b567eb9cb133909d3dcdeaf1b6189ad2)] -> css selector: #lists .listItem:nth-child(2)]]
21:47:45.798 INFO - Executing: [find elements: By.cssSelector: #lists .listItem:nth-child(3)])
21:47:45.804 INFO - Done: [find elements: By.cssSelector: #lists .listItem:nth-child(3)]
21:47:45.806 INFO - Executing: [find element: By.cssSelector: #newListButton])
21:47:45.812 INFO - Done: [find element: By.cssSelector: #newListButton]
21:47:45.814 INFO - Executing: [click: 15 [[ChromeDriver: chrome on MAC (b567eb9cb133909d3dcdeaf1b6189ad2)] -> css selector: #newListButton]])
21:47:45.834 INFO - Done: [click: 15 [[ChromeDriver: chrome on MAC (b567eb9cb133909d3dcdeaf1b6189ad2)] -> css selector: #newListButton]]
21:47:46.340 INFO - Executing: [find element: By.cssSelector: #lists .listItem:nth-child(2)])
21:47:46.355 INFO - Done: [find element: By.cssSelector: #lists .listItem:nth-child(2)]
21:47:46.357 INFO - Executing: [get text: 24 [[ChromeDriver: chrome on MAC (b567eb9cb133909d3dcdeaf1b6189ad2)] -> css selector: #lists .listItem:nth-child(2)]])
21:47:46.365 INFO - Done: [get text: 24 [[ChromeDriver: chrome on MAC (b567eb9cb133909d3dcdeaf1b6189ad2)] -> css selector: #lists .listItem:nth-child(2)]]
21:47:46.367 INFO - Executing: [find element: By.cssSelector: #lists .listItem:nth-child(3)])
21:47:46.382 INFO - Done: [find element: By.cssSelector: #lists .listItem:nth-child(3)]
21:47:46.383 INFO - Executing: [get text: 25 [[ChromeDriver: chrome on MAC (b567eb9cb133909d3dcdeaf1b6189ad2)] -> css selector: #lists .listItem:nth-child(3)]])
21:47:46.403 INFO - Done: [get text: 25 [[ChromeDriver: chrome on MAC (b567eb9cb133909d3dcdeaf1b6189ad2)] -> css selector: #lists .listItem:nth-child(3)]]
21:47:46.407 INFO - Executing: [find element: By.cssSelector: #lists .listItem:nth-child(2)])
21:47:46.414 INFO - Done: [find element: By.cssSelector: #lists .listItem:nth-child(2)]
21:47:46.416 INFO - Executing: [click: 24 [[ChromeDriver: chrome on MAC (b567eb9cb133909d3dcdeaf1b6189ad2)] -> css selector: #lists .listItem:nth-child(2)]])
21:47:46.457 INFO - Done: [click: 24 [[ChromeDriver: chrome on MAC (b567eb9cb133909d3dcdeaf1b6189ad2)] -> css selector: #lists .listItem:nth-child(2)]]
21:47:46.460 INFO - Executing: [find element: By.cssSelector: #checklistTitle])
21:47:46.480 INFO - Done: [find element: By.cssSelector: #checklistTitle]
21:47:46.481 INFO - Executing: [get text: 26 [[ChromeDriver: chrome on MAC (b567eb9cb133909d3dcdeaf1b6189ad2)] -> css selector: #checklistTitle]])
21:47:46.501 INFO - Done: [get text: 26 [[ChromeDriver: chrome on MAC (b567eb9cb133909d3dcdeaf1b6189ad2)] -> css selector: #checklistTitle]]
21:47:46.503 INFO - Executing: [find element: By.cssSelector: #checklistTitle])
21:47:46.509 INFO - Done: [find element: By.cssSelector: #checklistTitle]
21:47:46.511 INFO - Executing: [is displayed: 26 [[ChromeDriver: chrome on MAC (b567eb9cb133909d3dcdeaf1b6189ad2)] -> css selector: #checklistTitle]])
21:47:46.523 INFO - Done: [is displayed: 26 [[ChromeDriver: chrome on MAC (b567eb9cb133909d3dcdeaf1b6189ad2)] -> css selector: #checklistTitle]]
21:47:46.525 INFO - Executing: [find element: By.cssSelector: #checklistConfig])
21:47:46.541 INFO - Done: [find element: By.cssSelector: #checklistConfig]
21:47:46.543 INFO - Executing: [is displayed: 27 [[ChromeDriver: chrome on MAC (b567eb9cb133909d3dcdeaf1b6189ad2)] -> css selector: #checklistConfig]])
21:47:46.557 INFO - Done: [is displayed: 27 [[ChromeDriver: chrome on MAC (b567eb9cb133909d3dcdeaf1b6189ad2)] -> css selector: #checklistConfig]]
21:47:46.559 INFO - Executing: [find element: By.cssSelector: #configListModal])
21:47:46.575 INFO - Done: [find element: By.cssSelector: #configListModal]
21:47:46.577 INFO - Executing: [is displayed: 28 [[ChromeDriver: chrome on MAC (b567eb9cb133909d3dcdeaf1b6189ad2)] -> css selector: #configListModal]])
21:47:46.589 INFO - Done: [is displayed: 28 [[ChromeDriver: chrome on MAC (b567eb9cb133909d3dcdeaf1b6189ad2)] -> css selector: #configListModal]]
21:47:46.591 INFO - Executing: [find element: By.cssSelector: #checklistConfig])
21:47:46.598 INFO - Done: [find element: By.cssSelector: #checklistConfig]
21:47:46.600 INFO - Executing: [click: 27 [[ChromeDriver: chrome on MAC (b567eb9cb133909d3dcdeaf1b6189ad2)] -> css selector: #checklistConfig]])
21:47:46.634 INFO - Done: [click: 27 [[ChromeDriver: chrome on MAC (b567eb9cb133909d3dcdeaf1b6189ad2)] -> css selector: #checklistConfig]]
21:47:46.940 INFO - Executing: [find element: By.cssSelector: #configListModal])
21:47:46.946 INFO - Done: [find element: By.cssSelector: #configListModal]
21:47:46.947 INFO - Executing: [is displayed: 28 [[ChromeDriver: chrome on MAC (b567eb9cb133909d3dcdeaf1b6189ad2)] -> css selector: #configListModal]])
21:47:46.955 INFO - Done: [is displayed: 28 [[ChromeDriver: chrome on MAC (b567eb9cb133909d3dcdeaf1b6189ad2)] -> css selector: #configListModal]]
21:47:46.957 INFO - Executing: [find element: By.cssSelector: #configListModal #listNameInput])
21:47:46.973 INFO - Done: [find element: By.cssSelector: #configListModal #listNameInput]
21:47:46.975 INFO - Executing: [is displayed: 29 [[ChromeDriver: chrome on MAC (b567eb9cb133909d3dcdeaf1b6189ad2)] -> css selector: #configListModal #listNameInput]])
21:47:46.989 INFO - Done: [is displayed: 29 [[ChromeDriver: chrome on MAC (b567eb9cb133909d3dcdeaf1b6189ad2)] -> css selector: #configListModal #listNameInput]]
21:47:46.993 INFO - Executing: [find element: By.cssSelector: #configListModal #listNameInput])
21:47:46.999 INFO - Done: [find element: By.cssSelector: #configListModal #listNameInput]
21:47:47.001 INFO - Executing: [get element attribute: 29 [[ChromeDriver: chrome on MAC (b567eb9cb133909d3dcdeaf1b6189ad2)] -> css selector: #configListModal #listNameInput], value])
21:47:47.011 INFO - Done: [get element attribute: 29 [[ChromeDriver: chrome on MAC (b567eb9cb133909d3dcdeaf1b6189ad2)] -> css selector: #configListModal #listNameInput], value]
21:47:47.013 INFO - Executing: [find element: By.cssSelector: #configListModal #listNameInput])
21:47:47.019 INFO - Done: [find element: By.cssSelector: #configListModal #listNameInput]
21:47:47.021 INFO - Executing: [clear: 29 [[ChromeDriver: chrome on MAC (b567eb9cb133909d3dcdeaf1b6189ad2)] -> css selector: #configListModal #listNameInput]])
21:47:47.042 INFO - Done: [clear: 29 [[ChromeDriver: chrome on MAC (b567eb9cb133909d3dcdeaf1b6189ad2)] -> css selector: #configListModal #listNameInput]]
21:47:47.045 INFO - Executing: [find element: By.cssSelector: #configListModal #listNameInput])
21:47:47.051 INFO - Done: [find element: By.cssSelector: #configListModal #listNameInput]
21:47:47.053 INFO - Executing: [send keys: 29 [[ChromeDriver: chrome on MAC (b567eb9cb133909d3dcdeaf1b6189ad2)] -> css selector: #configListModal #listNameInput], [B, i, o, m, a, r, k, e, r,  , L, i, s, t]])
21:47:47.110 INFO - Done: [send keys: 29 [[ChromeDriver: chrome on MAC (b567eb9cb133909d3dcdeaf1b6189ad2)] -> css selector: #configListModal #listNameInput], [B, i, o, m, a, r, k, e, r,  , L, i, s, t]]
21:47:47.113 INFO - Executing: [find element: By.cssSelector: #configListModal #listNameInput])
21:47:47.120 INFO - Done: [find element: By.cssSelector: #configListModal #listNameInput]
21:47:47.122 INFO - Executing: [get element attribute: 29 [[ChromeDriver: chrome on MAC (b567eb9cb133909d3dcdeaf1b6189ad2)] -> css selector: #configListModal #listNameInput], value])
21:47:47.127 INFO - Done: [get element attribute: 29 [[ChromeDriver: chrome on MAC (b567eb9cb133909d3dcdeaf1b6189ad2)] -> css selector: #configListModal #listNameInput], value]
21:47:47.137 INFO - Executing: [find elements: By.cssSelector: #configListModal #saveListButton])
21:47:47.152 INFO - Done: [find elements: By.cssSelector: #configListModal #saveListButton]
21:47:47.154 INFO - Executing: [find element: By.cssSelector: #configListModal #saveListButton])
21:47:47.170 INFO - Done: [find element: By.cssSelector: #configListModal #saveListButton]
21:47:47.172 INFO - Executing: [click: 30 [[ChromeDriver: chrome on MAC (b567eb9cb133909d3dcdeaf1b6189ad2)] -> css selector: #configListModal #saveListButton]])
21:47:47.206 INFO - Done: [click: 30 [[ChromeDriver: chrome on MAC (b567eb9cb133909d3dcdeaf1b6189ad2)] -> css selector: #configListModal #saveListButton]]
21:47:47.512 INFO - Executing: [find element: By.cssSelector: #configListModal])
21:47:47.520 INFO - Done: [find element: By.cssSelector: #configListModal]
21:47:47.522 INFO - Executing: [is displayed: 28 [[ChromeDriver: chrome on MAC (b567eb9cb133909d3dcdeaf1b6189ad2)] -> css selector: #configListModal]])
21:47:47.528 INFO - Done: [is displayed: 28 [[ChromeDriver: chrome on MAC (b567eb9cb133909d3dcdeaf1b6189ad2)] -> css selector: #configListModal]]
21:47:47.530 INFO - Executing: [find element: By.cssSelector: #checklistTitle])
21:47:47.536 INFO - Done: [find element: By.cssSelector: #checklistTitle]
21:47:47.538 INFO - Executing: [get text: 26 [[ChromeDriver: chrome on MAC (b567eb9cb133909d3dcdeaf1b6189ad2)] -> css selector: #checklistTitle]])
21:47:47.546 INFO - Done: [get text: 26 [[ChromeDriver: chrome on MAC (b567eb9cb133909d3dcdeaf1b6189ad2)] -> css selector: #checklistTitle]]
21:47:47.551 INFO - Executing: [find element: By.cssSelector: #lists .listItem:nth-child(3)])
21:47:47.558 INFO - Done: [find element: By.cssSelector: #lists .listItem:nth-child(3)]
21:47:47.560 INFO - Executing: [click: 25 [[ChromeDriver: chrome on MAC (b567eb9cb133909d3dcdeaf1b6189ad2)] -> css selector: #lists .listItem:nth-child(3)]])
21:47:47.599 INFO - Done: [click: 25 [[ChromeDriver: chrome on MAC (b567eb9cb133909d3dcdeaf1b6189ad2)] -> css selector: #lists .listItem:nth-child(3)]]
21:47:47.806 INFO - Executing: [find element: By.cssSelector: #checklistTitle])
21:47:47.813 INFO - Done: [find element: By.cssSelector: #checklistTitle]
21:47:47.814 INFO - Executing: [get text: 26 [[ChromeDriver: chrome on MAC (b567eb9cb133909d3dcdeaf1b6189ad2)] -> css selector: #checklistTitle]])
21:47:47.822 INFO - Done: [get text: 26 [[ChromeDriver: chrome on MAC (b567eb9cb133909d3dcdeaf1b6189ad2)] -> css selector: #checklistTitle]]
21:47:47.825 INFO - Executing: [find element: By.cssSelector: #checklistConfig])
21:47:47.832 INFO - Done: [find element: By.cssSelector: #checklistConfig]
21:47:47.834 INFO - Executing: [is displayed: 27 [[ChromeDriver: chrome on MAC (b567eb9cb133909d3dcdeaf1b6189ad2)] -> css selector: #checklistConfig]])
21:47:47.840 INFO - Done: [is displayed: 27 [[ChromeDriver: chrome on MAC (b567eb9cb133909d3dcdeaf1b6189ad2)] -> css selector: #checklistConfig]]
21:47:47.843 INFO - Executing: [find element: By.cssSelector: #configListModal])
21:47:47.852 INFO - Done: [find element: By.cssSelector: #configListModal]
21:47:47.854 INFO - Executing: [is displayed: 28 [[ChromeDriver: chrome on MAC (b567eb9cb133909d3dcdeaf1b6189ad2)] -> css selector: #configListModal]])
21:47:47.860 INFO - Done: [is displayed: 28 [[ChromeDriver: chrome on MAC (b567eb9cb133909d3dcdeaf1b6189ad2)] -> css selector: #configListModal]]
21:47:47.862 INFO - Executing: [find element: By.cssSelector: #checklistConfig])
21:47:47.868 INFO - Done: [find element: By.cssSelector: #checklistConfig]
21:47:47.870 INFO - Executing: [click: 27 [[ChromeDriver: chrome on MAC (b567eb9cb133909d3dcdeaf1b6189ad2)] -> css selector: #checklistConfig]])
21:47:47.886 INFO - Done: [click: 27 [[ChromeDriver: chrome on MAC (b567eb9cb133909d3dcdeaf1b6189ad2)] -> css selector: #checklistConfig]]
21:47:48.193 INFO - Executing: [find element: By.cssSelector: #configListModal])
21:47:48.200 INFO - Done: [find element: By.cssSelector: #configListModal]
21:47:48.202 INFO - Executing: [is displayed: 28 [[ChromeDriver: chrome on MAC (b567eb9cb133909d3dcdeaf1b6189ad2)] -> css selector: #configListModal]])
21:47:48.208 INFO - Done: [is displayed: 28 [[ChromeDriver: chrome on MAC (b567eb9cb133909d3dcdeaf1b6189ad2)] -> css selector: #configListModal]]
21:47:48.211 INFO - Executing: [find element: By.cssSelector: #configListModal #deleteListButton])
21:47:48.226 INFO - Done: [find element: By.cssSelector: #configListModal #deleteListButton]
21:47:48.228 INFO - Executing: [is displayed: 31 [[ChromeDriver: chrome on MAC (b567eb9cb133909d3dcdeaf1b6189ad2)] -> css selector: #configListModal #deleteListButton]])
21:47:48.241 INFO - Done: [is displayed: 31 [[ChromeDriver: chrome on MAC (b567eb9cb133909d3dcdeaf1b6189ad2)] -> css selector: #configListModal #deleteListButton]]
21:47:48.245 INFO - Executing: [find element: By.cssSelector: #configListModal #deleteListButton])
21:47:48.251 INFO - Done: [find element: By.cssSelector: #configListModal #deleteListButton]
21:47:48.253 INFO - Executing: [click: 31 [[ChromeDriver: chrome on MAC (b567eb9cb133909d3dcdeaf1b6189ad2)] -> css selector: #configListModal #deleteListButton]])
21:47:48.287 INFO - Done: [click: 31 [[ChromeDriver: chrome on MAC (b567eb9cb133909d3dcdeaf1b6189ad2)] -> css selector: #configListModal #deleteListButton]]
21:47:48.591 INFO - Executing: [find element: By.cssSelector: #configListModal #configListModalInput])
21:47:48.607 INFO - Done: [find element: By.cssSelector: #configListModal #configListModalInput]
21:47:48.608 INFO - Executing: [is displayed: 32 [[ChromeDriver: chrome on MAC (b567eb9cb133909d3dcdeaf1b6189ad2)] -> css selector: #configListModal #configListModalInput]])
21:47:48.623 INFO - Done: [is displayed: 32 [[ChromeDriver: chrome on MAC (b567eb9cb133909d3dcdeaf1b6189ad2)] -> css selector: #configListModal #configListModalInput]]
21:47:48.626 INFO - Executing: [find element: By.cssSelector: #configListModal #confirmRemoveListButton])
21:47:48.647 INFO - Done: [find element: By.cssSelector: #configListModal #confirmRemoveListButton]
21:47:48.649 INFO - Executing: [is displayed: 33 [[ChromeDriver: chrome on MAC (b567eb9cb133909d3dcdeaf1b6189ad2)] -> css selector: #configListModal #confirmRemoveListButton]])
21:47:48.667 INFO - Done: [is displayed: 33 [[ChromeDriver: chrome on MAC (b567eb9cb133909d3dcdeaf1b6189ad2)] -> css selector: #configListModal #confirmRemoveListButton]]
21:47:48.670 INFO - Executing: [find element: By.cssSelector: #configListModal #configListModalInput])
21:47:48.678 INFO - Done: [find element: By.cssSelector: #configListModal #configListModalInput]
21:47:48.680 INFO - Executing: [send keys: 32 [[ChromeDriver: chrome on MAC (b567eb9cb133909d3dcdeaf1b6189ad2)] -> css selector: #configListModal #configListModalInput], [L, i, s, t,  , C]])
21:47:48.775 INFO - Done: [send keys: 32 [[ChromeDriver: chrome on MAC (b567eb9cb133909d3dcdeaf1b6189ad2)] -> css selector: #configListModal #configListModalInput], [L, i, s, t,  , C]]
21:47:48.982 INFO - Executing: [find element: By.cssSelector: #configListModal #configListModalInput])
21:47:48.988 INFO - Done: [find element: By.cssSelector: #configListModal #configListModalInput]
21:47:48.990 INFO - Executing: [get element attribute: 32 [[ChromeDriver: chrome on MAC (b567eb9cb133909d3dcdeaf1b6189ad2)] -> css selector: #configListModal #configListModalInput], value])
21:47:48.999 INFO - Done: [get element attribute: 32 [[ChromeDriver: chrome on MAC (b567eb9cb133909d3dcdeaf1b6189ad2)] -> css selector: #configListModal #configListModalInput], value]
21:47:49.001 INFO - Executing: [find element: By.cssSelector: #confirmRemoveListButton])
21:47:49.016 INFO - Done: [find element: By.cssSelector: #confirmRemoveListButton]
21:47:49.018 INFO - Executing: [click: 33 [[ChromeDriver: chrome on MAC (b567eb9cb133909d3dcdeaf1b6189ad2)] -> css selector: #configListModal #confirmRemoveListButton]])
21:47:49.060 INFO - Done: [click: 33 [[ChromeDriver: chrome on MAC (b567eb9cb133909d3dcdeaf1b6189ad2)] -> css selector: #configListModal #confirmRemoveListButton]]
21:47:49.565 INFO - Executing: [find element: By.cssSelector: #lists .listItem:nth-child(1)])
21:47:49.582 INFO - Done: [find element: By.cssSelector: #lists .listItem:nth-child(1)]
21:47:49.584 INFO - Executing: [get text: 23 [[ChromeDriver: chrome on MAC (b567eb9cb133909d3dcdeaf1b6189ad2)] -> css selector: #lists .listItem:nth-child(1)]])
21:47:49.605 INFO - Done: [get text: 23 [[ChromeDriver: chrome on MAC (b567eb9cb133909d3dcdeaf1b6189ad2)] -> css selector: #lists .listItem:nth-child(1)]]
21:47:49.607 INFO - Executing: [find element: By.cssSelector: #lists .listItem:nth-child(2)])
21:47:49.614 INFO - Done: [find element: By.cssSelector: #lists .listItem:nth-child(2)]
21:47:49.616 INFO - Executing: [get text: 24 [[ChromeDriver: chrome on MAC (b567eb9cb133909d3dcdeaf1b6189ad2)] -> css selector: #lists .listItem:nth-child(2)]])
21:47:49.625 INFO - Done: [get text: 24 [[ChromeDriver: chrome on MAC (b567eb9cb133909d3dcdeaf1b6189ad2)] -> css selector: #lists .listItem:nth-child(2)]]
21:47:49.628 INFO - Executing: [find elements: By.cssSelector: #lists .listItem:nth-child(3)])
21:47:49.634 INFO - Done: [find elements: By.cssSelector: #lists .listItem:nth-child(3)]
21:47:49.637 INFO - Executing: [find element: By.cssSelector: #lists .listItem:nth-child(2)])
21:47:49.645 INFO - Done: [find element: By.cssSelector: #lists .listItem:nth-child(2)]
21:47:49.647 INFO - Executing: [click: 24 [[ChromeDriver: chrome on MAC (b567eb9cb133909d3dcdeaf1b6189ad2)] -> css selector: #lists .listItem:nth-child(2)]])
21:47:49.670 INFO - Done: [click: 24 [[ChromeDriver: chrome on MAC (b567eb9cb133909d3dcdeaf1b6189ad2)] -> css selector: #lists .listItem:nth-child(2)]]
21:47:49.672 INFO - Executing: [find element: By.cssSelector: #checklistConfig])
21:47:49.688 INFO - Done: [find element: By.cssSelector: #checklistConfig]
21:47:49.690 INFO - Executing: [click: 34 [[ChromeDriver: chrome on MAC (b567eb9cb133909d3dcdeaf1b6189ad2)] -> css selector: #checklistConfig]])
21:47:49.724 INFO - Done: [click: 34 [[ChromeDriver: chrome on MAC (b567eb9cb133909d3dcdeaf1b6189ad2)] -> css selector: #checklistConfig]]
21:47:50.029 INFO - Executing: [find element: By.cssSelector: #configListModal #deleteListButton])
21:47:50.045 INFO - Done: [find element: By.cssSelector: #configListModal #deleteListButton]
21:47:50.047 INFO - Executing: [click: 35 [[ChromeDriver: chrome on MAC (b567eb9cb133909d3dcdeaf1b6189ad2)] -> css selector: #configListModal #deleteListButton]])
21:47:50.080 INFO - Done: [click: 35 [[ChromeDriver: chrome on MAC (b567eb9cb133909d3dcdeaf1b6189ad2)] -> css selector: #configListModal #deleteListButton]]
21:47:50.386 INFO - Executing: [find element: By.cssSelector: #configListModal #configListModalInput])
21:47:50.392 INFO - Done: [find element: By.cssSelector: #configListModal #configListModalInput]
21:47:50.395 INFO - Executing: [send keys: 36 [[ChromeDriver: chrome on MAC (b567eb9cb133909d3dcdeaf1b6189ad2)] -> css selector: #configListModal #configListModalInput], [B, i, o, m, a, r, k, e, r,  , L, i, s, t]])
21:47:50.451 INFO - Done: [send keys: 36 [[ChromeDriver: chrome on MAC (b567eb9cb133909d3dcdeaf1b6189ad2)] -> css selector: #configListModal #configListModalInput], [B, i, o, m, a, r, k, e, r,  , L, i, s, t]]
21:47:50.659 INFO - Executing: [find element: By.cssSelector: #confirmRemoveListButton])
21:47:50.665 INFO - Done: [find element: By.cssSelector: #confirmRemoveListButton]
21:47:50.667 INFO - Executing: [click: 37 [[ChromeDriver: chrome on MAC (b567eb9cb133909d3dcdeaf1b6189ad2)] -> css selector: #confirmRemoveListButton]])
21:47:50.706 INFO - Done: [click: 37 [[ChromeDriver: chrome on MAC (b567eb9cb133909d3dcdeaf1b6189ad2)] -> css selector: #confirmRemoveListButton]]
21:47:51.211 INFO - Executing: [find element: By.cssSelector: #lists .listItem:nth-child(1)])
21:47:51.218 INFO - Done: [find element: By.cssSelector: #lists .listItem:nth-child(1)]
21:47:51.219 INFO - Executing: [get text: 23 [[ChromeDriver: chrome on MAC (b567eb9cb133909d3dcdeaf1b6189ad2)] -> css selector: #lists .listItem:nth-child(1)]])
21:47:51.227 INFO - Done: [get text: 23 [[ChromeDriver: chrome on MAC (b567eb9cb133909d3dcdeaf1b6189ad2)] -> css selector: #lists .listItem:nth-child(1)]]
21:47:51.230 INFO - Executing: [find elements: By.cssSelector: #lists .listItem:nth-child(2)])
21:47:51.237 INFO - Done: [find elements: By.cssSelector: #lists .listItem:nth-child(2)]
21:47:51.239 INFO - Executing: [find elements: By.cssSelector: #lists .listItem:nth-child(3)])
21:47:51.245 INFO - Done: [find elements: By.cssSelector: #lists .listItem:nth-child(3)]
21:47:51.249 INFO - Executing: [set script timeoutt: 5000])
21:47:51.251 INFO - Done: [set script timeoutt: 5000]
21:47:51.252 INFO - Executing: [execute async script: var passedArgs = Array.prototype.slice.call(arguments,0); return function (data, meteorCallback) {
      //return HipaaLogger.logEventObject(data);
      Meteor.call("dropEntryUsers", data, function (meteorError, meteorResult) {
        var response = (meteorError ? {
          error: meteorError
        } : {
          result: meteorResult
        });
        meteorCallback(response);
      });
    }.apply(window, passedArgs);, []])
21:47:57.014 WARN - Exception thrown
org.openqa.selenium.TimeoutException: asynchronous script timeout: result was not received in 5 seconds
  (Session info: chrome=53.0.2785.143)
  (Driver info: chromedriver=2.19.346063 (38b35413bd4a486d436a9749e090454bc9ff6708),platform=Mac OS X 10.11.5 x86_64) (WARNING: The server did not provide any stacktrace information)
Command duration or timeout: 5.08 seconds
Build info: version: '2.45.0', revision: '5017cb8', time: '2015-02-26 23:59:50'
System info: host: 'Abigails-Mac-mini-2.local', ip: '172.20.10.2', os.name: 'Mac OS X', os.arch: 'x86_64', os.version: '10.11.5', java.version: '1.8.0_101'
Driver info: org.openqa.selenium.chrome.ChromeDriver
Capabilities [{applicationCacheEnabled=false, rotatable=false, mobileEmulationEnabled=false, chrome={userDataDir=/var/folders/wy/x2wnhsd15rxbcnwr07g161b00000gn/T/.org.chromium.Chromium.Rqkxd5}, takesHeapSnapshot=true, databaseEnabled=false, handlesAlerts=true, hasTouchScreen=false, version=53.0.2785.143, platform=MAC, browserConnectionEnabled=false, nativeEvents=true, acceptSslCerts=true, locationContextEnabled=true, webStorageEnabled=true, browserName=chrome, takesScreenshot=true, javascriptEnabled=true, cssSelectorsEnabled=true}]
Session ID: b567eb9cb133909d3dcdeaf1b6189ad2
	at sun.reflect.NativeConstructorAccessorImpl.newInstance0(Native Method)
	at sun.reflect.NativeConstructorAccessorImpl.newInstance(NativeConstructorAccessorImpl.java:62)
	at sun.reflect.DelegatingConstructorAccessorImpl.newInstance(DelegatingConstructorAccessorImpl.java:45)
	at java.lang.reflect.Constructor.newInstance(Constructor.java:423)
	at org.openqa.selenium.remote.ErrorHandler.createThrowable(ErrorHandler.java:204)
	at org.openqa.selenium.remote.ErrorHandler.throwIfResponseFailed(ErrorHandler.java:156)
	at org.openqa.selenium.remote.RemoteWebDriver.execute(RemoteWebDriver.java:599)
	at org.openqa.selenium.remote.RemoteWebDriver.executeAsyncScript(RemoteWebDriver.java:526)
	at sun.reflect.NativeMethodAccessorImpl.invoke0(Native Method)
	at sun.reflect.NativeMethodAccessorImpl.invoke(NativeMethodAccessorImpl.java:62)
	at sun.reflect.DelegatingMethodAccessorImpl.invoke(DelegatingMethodAccessorImpl.java:43)
	at java.lang.reflect.Method.invoke(Method.java:498)
	at org.openqa.selenium.support.events.EventFiringWebDriver$2.invoke(EventFiringWebDriver.java:101)
	at com.sun.proxy.$Proxy1.executeAsyncScript(Unknown Source)
	at org.openqa.selenium.support.events.EventFiringWebDriver.executeAsyncScript(EventFiringWebDriver.java:225)
	at org.openqa.selenium.remote.server.handler.ExecuteAsyncScript.call(ExecuteAsyncScript.java:57)
	at java.util.concurrent.FutureTask.run(FutureTask.java:266)
	at org.openqa.selenium.remote.server.DefaultSession$1.run(DefaultSession.java:168)
	at java.util.concurrent.ThreadPoolExecutor.runWorker(ThreadPoolExecutor.java:1142)
	at java.util.concurrent.ThreadPoolExecutor$Worker.run(ThreadPoolExecutor.java:617)
	at java.lang.Thread.run(Thread.java:745)
21:47:57.014 WARN - Exception: asynchronous script timeout: result was not received in 5 seconds
  (Session info: chrome=53.0.2785.143)
  (Driver info: chromedriver=2.19.346063 (38b35413bd4a486d436a9749e090454bc9ff6708),platform=Mac OS X 10.11.5 x86_64) (WARNING: The server did not provide any stacktrace information)
Command duration or timeout: 5.08 seconds
Build info: version: '2.45.0', revision: '5017cb8', time: '2015-02-26 23:59:50'
System info: host: 'Abigails-Mac-mini-2.local', ip: '172.20.10.2', os.name: 'Mac OS X', os.arch: 'x86_64', os.version: '10.11.5', java.version: '1.8.0_101'
Driver info: org.openqa.selenium.chrome.ChromeDriver
Capabilities [{applicationCacheEnabled=false, rotatable=false, mobileEmulationEnabled=false, chrome={userDataDir=/var/folders/wy/x2wnhsd15rxbcnwr07g161b00000gn/T/.org.chromium.Chromium.Rqkxd5}, takesHeapSnapshot=true, databaseEnabled=false, handlesAlerts=true, hasTouchScreen=false, version=53.0.2785.143, platform=MAC, browserConnectionEnabled=false, nativeEvents=true, acceptSslCerts=true, locationContextEnabled=true, webStorageEnabled=true, browserName=chrome, takesScreenshot=true, javascriptEnabled=true, cssSelectorsEnabled=true}]
Session ID: b567eb9cb133909d3dcdeaf1b6189ad2
21:47:58.292 INFO - Executing: [delete session: 0e2b0c16-6201-4172-b28f-4a2bc5183f40])
21:47:58.864 INFO - Done: [delete session: 0e2b0c16-6201-4172-b28f-4a2bc5183f40]
21:47:58.941 INFO - Executing: [new session: Capabilities [{acceptSslCerts=true, loggingPrefs=org.openqa.selenium.logging.LoggingPreferences@2bf10373, name=I Tunes Connect, browserName=chrome, javascriptEnabled=true, platform=ANY}]])
21:47:58.942 INFO - Creating a new session for Capabilities [{acceptSslCerts=true, loggingPrefs=org.openqa.selenium.logging.LoggingPreferences@2bf10373, name=I Tunes Connect, browserName=chrome, javascriptEnabled=true, platform=ANY}]
Starting ChromeDriver 2.19.346063 (38b35413bd4a486d436a9749e090454bc9ff6708) on port 1548
Only local connections are allowed.
21:48:00.078 INFO - Done: [new session: Capabilities [{acceptSslCerts=true, loggingPrefs=org.openqa.selenium.logging.LoggingPreferences@2bf10373, name=I Tunes Connect, browserName=chrome, javascriptEnabled=true, platform=ANY}]]
21:48:00.082 INFO - Executing: [set window size])
21:48:00.420 INFO - Done: [set window size]
21:48:00.422 INFO - Executing: [get: http://localhost:3000/entrySignIn])
21:48:02.031 INFO - Done: [get: http://localhost:3000/entrySignIn]
21:48:02.539 INFO - Executing: [find elements: By.cssSelector: #entrySignIn])
21:48:02.557 INFO - Done: [find elements: By.cssSelector: #entrySignIn]
21:48:02.560 INFO - Executing: [take screenshot])
21:48:02.770 INFO - Done: [take screenshot]
21:48:02.773 INFO - Executing: [get: http://localhost:3000/features])
21:48:03.666 INFO - Done: [get: http://localhost:3000/features]
21:48:04.171 INFO - Executing: [find elements: By.cssSelector: #marketingPage])
21:48:04.188 INFO - Done: [find elements: By.cssSelector: #marketingPage]
21:48:04.189 INFO - Executing: [take screenshot])
21:48:04.308 INFO - Done: [take screenshot]
21:48:04.354 INFO - Executing: [get: http://localhost:3000/support])
21:48:04.827 INFO - Done: [get: http://localhost:3000/support]
21:48:05.331 INFO - Executing: [find elements: By.cssSelector: #supportPage])
21:48:05.347 INFO - Done: [find elements: By.cssSelector: #supportPage]
21:48:05.350 INFO - Executing: [take screenshot])
21:48:05.463 INFO - Done: [take screenshot]
21:48:05.466 INFO - Executing: [get: http://localhost:3000/privacy])
21:48:05.910 INFO - Done: [get: http://localhost:3000/privacy]
21:48:06.415 INFO - Executing: [find elements: By.cssSelector: #privacyPage])
21:48:06.434 INFO - Done: [find elements: By.cssSelector: #privacyPage]
21:48:06.436 INFO - Executing: [take screenshot])
21:48:06.555 INFO - Done: [take screenshot]
21:48:06.576 INFO - Executing: [delete session: 3dfa775f-a942-4bcf-958f-19c3cedda681])
21:48:07.147 INFO - Done: [delete session: 3dfa775f-a942-4bcf-958f-19c3cedda681]
21:48:07.168 INFO - Executing: [new session: Capabilities [{acceptSslCerts=true, loggingPrefs=org.openqa.selenium.logging.LoggingPreferences@6817148, name=Protocol Library, browserName=chrome, javascriptEnabled=true, platform=ANY}]])
21:48:07.169 INFO - Creating a new session for Capabilities [{acceptSslCerts=true, loggingPrefs=org.openqa.selenium.logging.LoggingPreferences@6817148, name=Protocol Library, browserName=chrome, javascriptEnabled=true, platform=ANY}]
Starting ChromeDriver 2.19.346063 (38b35413bd4a486d436a9749e090454bc9ff6708) on port 41485
Only local connections are allowed.
21:48:08.292 INFO - Done: [new session: Capabilities [{acceptSslCerts=true, loggingPrefs=org.openqa.selenium.logging.LoggingPreferences@6817148, name=Protocol Library, browserName=chrome, javascriptEnabled=true, platform=ANY}]]
21:48:08.295 INFO - Executing: [get: http://localhost:3000/entrySignUp])
21:48:09.632 INFO - Done: [get: http://localhost:3000/entrySignUp]
21:48:09.942 INFO - Executing: [find elements: By.cssSelector: #entrySignUp])
21:48:10.001 INFO - Done: [find elements: By.cssSelector: #entrySignUp]
21:48:10.006 INFO - Executing: [find elements: By.cssSelector: #signUpPageEmailInput])
21:48:10.026 INFO - Done: [find elements: By.cssSelector: #signUpPageEmailInput]
21:48:10.029 INFO - Executing: [find element: By.cssSelector: #signUpPageEmailInput])
21:48:10.049 INFO - Done: [find element: By.cssSelector: #signUpPageEmailInput]
21:48:10.051 INFO - Executing: [clear: 1 [[ChromeDriver: chrome on MAC (e78347a54f7c4cf1c1fc74be15e761af)] -> css selector: #signUpPageEmailInput]])
21:48:10.077 INFO - Done: [clear: 1 [[ChromeDriver: chrome on MAC (e78347a54f7c4cf1c1fc74be15e761af)] -> css selector: #signUpPageEmailInput]]
21:48:10.079 INFO - Executing: [find element: By.cssSelector: #signUpPageEmailInput])
21:48:10.091 INFO - Done: [find element: By.cssSelector: #signUpPageEmailInput]
21:48:10.094 INFO - Executing: [send keys: 1 [[ChromeDriver: chrome on MAC (e78347a54f7c4cf1c1fc74be15e761af)] -> css selector: #signUpPageEmailInput], [a, l, i, c, e, @, s, o, m, e, w, h, e, r, e, ., c, o, m]])
21:48:10.209 INFO - Done: [send keys: 1 [[ChromeDriver: chrome on MAC (e78347a54f7c4cf1c1fc74be15e761af)] -> css selector: #signUpPageEmailInput], [a, l, i, c, e, @, s, o, m, e, w, h, e, r, e, ., c, o, m]]
21:48:10.212 INFO - Executing: [find elements: By.cssSelector: #signUpPagePasswordInput])
21:48:10.229 INFO - Done: [find elements: By.cssSelector: #signUpPagePasswordInput]
21:48:10.231 INFO - Executing: [find element: By.cssSelector: #signUpPagePasswordInput])
21:48:10.247 INFO - Done: [find element: By.cssSelector: #signUpPagePasswordInput]
21:48:10.249 INFO - Executing: [clear: 2 [[ChromeDriver: chrome on MAC (e78347a54f7c4cf1c1fc74be15e761af)] -> css selector: #signUpPagePasswordInput]])
21:48:10.281 INFO - Done: [clear: 2 [[ChromeDriver: chrome on MAC (e78347a54f7c4cf1c1fc74be15e761af)] -> css selector: #signUpPagePasswordInput]]
21:48:10.283 INFO - Executing: [find element: By.cssSelector: #signUpPagePasswordInput])
21:48:10.291 INFO - Done: [find element: By.cssSelector: #signUpPagePasswordInput]
21:48:10.293 INFO - Executing: [send keys: 2 [[ChromeDriver: chrome on MAC (e78347a54f7c4cf1c1fc74be15e761af)] -> css selector: #signUpPagePasswordInput], [a, l, i, c, e, 1, 2, 3]])
21:48:10.368 INFO - Done: [send keys: 2 [[ChromeDriver: chrome on MAC (e78347a54f7c4cf1c1fc74be15e761af)] -> css selector: #signUpPagePasswordInput], [a, l, i, c, e, 1, 2, 3]]
21:48:10.371 INFO - Executing: [find elements: By.cssSelector: #signUpPagePasswordConfirmInput])
21:48:10.389 INFO - Done: [find elements: By.cssSelector: #signUpPagePasswordConfirmInput]
21:48:10.392 INFO - Executing: [find element: By.cssSelector: #signUpPagePasswordConfirmInput])
21:48:10.410 INFO - Done: [find element: By.cssSelector: #signUpPagePasswordConfirmInput]
21:48:10.412 INFO - Executing: [clear: 3 [[ChromeDriver: chrome on MAC (e78347a54f7c4cf1c1fc74be15e761af)] -> css selector: #signUpPagePasswordConfirmInput]])
21:48:10.444 INFO - Done: [clear: 3 [[ChromeDriver: chrome on MAC (e78347a54f7c4cf1c1fc74be15e761af)] -> css selector: #signUpPagePasswordConfirmInput]]
21:48:10.447 INFO - Executing: [find element: By.cssSelector: #signUpPagePasswordConfirmInput])
21:48:10.455 INFO - Done: [find element: By.cssSelector: #signUpPagePasswordConfirmInput]
21:48:10.457 INFO - Executing: [send keys: 3 [[ChromeDriver: chrome on MAC (e78347a54f7c4cf1c1fc74be15e761af)] -> css selector: #signUpPagePasswordConfirmInput], [a, l, i, c, e, 1, 2, 3]])
21:48:10.515 INFO - Done: [send keys: 3 [[ChromeDriver: chrome on MAC (e78347a54f7c4cf1c1fc74be15e761af)] -> css selector: #signUpPagePasswordConfirmInput], [a, l, i, c, e, 1, 2, 3]]
21:48:10.517 INFO - Executing: [find element: By.cssSelector: #signUpPageJoinNowButton])
21:48:10.532 INFO - Done: [find element: By.cssSelector: #signUpPageJoinNowButton]
21:48:10.534 INFO - Executing: [click: 4 [[ChromeDriver: chrome on MAC (e78347a54f7c4cf1c1fc74be15e761af)] -> css selector: #signUpPageJoinNowButton]])
21:48:10.583 INFO - Done: [click: 4 [[ChromeDriver: chrome on MAC (e78347a54f7c4cf1c1fc74be15e761af)] -> css selector: #signUpPageJoinNowButton]]
21:48:11.393 INFO - Executing: [find element: By.cssSelector: #usernameLink])
21:48:11.439 INFO - Done: [find element: By.cssSelector: #usernameLink]
21:48:11.441 INFO - Executing: [get text: 5 [[ChromeDriver: chrome on MAC (e78347a54f7c4cf1c1fc74be15e761af)] -> css selector: #usernameLink]])
21:48:11.462 INFO - Done: [get text: 5 [[ChromeDriver: chrome on MAC (e78347a54f7c4cf1c1fc74be15e761af)] -> css selector: #usernameLink]]
21:48:11.465 INFO - Executing: [find elements: By.cssSelector: #protocolLibraryLink])
21:48:11.480 INFO - Done: [find elements: By.cssSelector: #protocolLibraryLink]
21:48:11.482 INFO - Executing: [find element: By.cssSelector: #protocolLibraryLink])
21:48:11.496 INFO - Done: [find element: By.cssSelector: #protocolLibraryLink]
21:48:11.499 INFO - Executing: [click: 6 [[ChromeDriver: chrome on MAC (e78347a54f7c4cf1c1fc74be15e761af)] -> css selector: #protocolLibraryLink]])
21:48:11.533 INFO - Done: [click: 6 [[ChromeDriver: chrome on MAC (e78347a54f7c4cf1c1fc74be15e761af)] -> css selector: #protocolLibraryLink]]
21:48:12.538 INFO - Executing: [find elements: By.cssSelector: #protocolLibraryItems])
21:48:12.553 INFO - Done: [find elements: By.cssSelector: #protocolLibraryItems]
21:48:12.555 INFO - Executing: [take screenshot])
21:48:12.822 INFO - Done: [take screenshot]
21:48:17.840 INFO - Executing: [find elements: By.cssSelector: #noProtocolsMessage])
21:48:17.855 INFO - Done: [find elements: By.cssSelector: #noProtocolsMessage]
21:48:17.857 INFO - Executing: [find elements: By.cssSelector: #protocolLibraryItems])
21:48:17.863 INFO - Done: [find elements: By.cssSelector: #protocolLibraryItems]
21:48:17.865 INFO - Executing: [find elements: By.cssSelector: #protocolLibraryItems .libraryItem:nth-child(1)])
21:48:17.879 INFO - Done: [find elements: By.cssSelector: #protocolLibraryItems .libraryItem:nth-child(1)]
21:48:17.882 INFO - Executing: [find elements: By.cssSelector: #protocolLibraryItems .libraryItem:nth-child(1) .protocolName])
21:48:17.897 INFO - Done: [find elements: By.cssSelector: #protocolLibraryItems .libraryItem:nth-child(1) .protocolName]
21:48:17.900 INFO - Executing: [find elements: By.cssSelector: #protocolLibraryItems .libraryItem:nth-child(1) .protocolCreator])
21:48:17.914 INFO - Done: [find elements: By.cssSelector: #protocolLibraryItems .libraryItem:nth-child(1) .protocolCreator]
21:48:17.916 INFO - Executing: [find elements: By.cssSelector: #protocolLibraryItems .libraryItem:nth-child(1) .previewButton])
21:48:17.931 INFO - Done: [find elements: By.cssSelector: #protocolLibraryItems .libraryItem:nth-child(1) .previewButton]
21:48:17.935 INFO - Executing: [find elements: By.cssSelector: #protocolLibraryItems .libraryItem:nth-child(1) .cloneButton])
21:48:17.950 INFO - Done: [find elements: By.cssSelector: #protocolLibraryItems .libraryItem:nth-child(1) .cloneButton]
21:48:17.953 INFO - Executing: [find elements: By.cssSelector: #lists .listItem:nth-child(1)])
21:48:17.968 INFO - Done: [find elements: By.cssSelector: #lists .listItem:nth-child(1)]
21:48:17.971 INFO - Executing: [find elements: By.cssSelector: #lists .listItem:nth-child(2)])
21:48:17.985 INFO - Done: [find elements: By.cssSelector: #lists .listItem:nth-child(2)]
21:48:17.987 INFO - Executing: [take screenshot])
21:48:18.110 INFO - Done: [take screenshot]
21:48:18.129 INFO - Executing: [find element: By.cssSelector: #newListButton])
21:48:18.145 INFO - Done: [find element: By.cssSelector: #newListButton]
21:48:18.146 INFO - Executing: [click: 14 [[ChromeDriver: chrome on MAC (e78347a54f7c4cf1c1fc74be15e761af)] -> css selector: #newListButton]])
21:48:18.188 INFO - Done: [click: 14 [[ChromeDriver: chrome on MAC (e78347a54f7c4cf1c1fc74be15e761af)] -> css selector: #newListButton]]
21:48:18.494 INFO - Executing: [find element: By.cssSelector: #lists .listItem:nth-child(1)])
21:48:18.509 INFO - Done: [find element: By.cssSelector: #lists .listItem:nth-child(1)]
21:48:18.510 INFO - Executing: [get text: 13 [[ChromeDriver: chrome on MAC (e78347a54f7c4cf1c1fc74be15e761af)] -> css selector: #lists .listItem:nth-child(1)]])
21:48:18.529 INFO - Done: [get text: 13 [[ChromeDriver: chrome on MAC (e78347a54f7c4cf1c1fc74be15e761af)] -> css selector: #lists .listItem:nth-child(1)]]
21:48:18.532 INFO - Executing: [find elements: By.cssSelector: #protocolLibraryItems .libraryItem:nth-child(9)])
21:48:18.547 INFO - Done: [find elements: By.cssSelector: #protocolLibraryItems .libraryItem:nth-child(9)]
21:48:18.757 INFO - Executing: [find element: By.cssSelector: #lists .listItem:nth-child(1)])
21:48:18.762 INFO - Done: [find element: By.cssSelector: #lists .listItem:nth-child(1)]
21:48:18.764 INFO - Executing: [click: 13 [[ChromeDriver: chrome on MAC (e78347a54f7c4cf1c1fc74be15e761af)] -> css selector: #lists .listItem:nth-child(1)]])
21:48:18.800 INFO - Done: [click: 13 [[ChromeDriver: chrome on MAC (e78347a54f7c4cf1c1fc74be15e761af)] -> css selector: #lists .listItem:nth-child(1)]]
21:48:19.105 INFO - Executing: [find element: By.cssSelector: #checklistConfig])
21:48:19.122 INFO - Done: [find element: By.cssSelector: #checklistConfig]
21:48:19.123 INFO - Executing: [click: 15 [[ChromeDriver: chrome on MAC (e78347a54f7c4cf1c1fc74be15e761af)] -> css selector: #checklistConfig]])
21:48:19.158 INFO - Done: [click: 15 [[ChromeDriver: chrome on MAC (e78347a54f7c4cf1c1fc74be15e761af)] -> css selector: #checklistConfig]]
21:48:19.465 INFO - Executing: [find element: By.cssSelector: #configListModal])
21:48:19.481 INFO - Done: [find element: By.cssSelector: #configListModal]
21:48:19.482 INFO - Executing: [is displayed: 16 [[ChromeDriver: chrome on MAC (e78347a54f7c4cf1c1fc74be15e761af)] -> css selector: #configListModal]])
21:48:19.496 INFO - Done: [is displayed: 16 [[ChromeDriver: chrome on MAC (e78347a54f7c4cf1c1fc74be15e761af)] -> css selector: #configListModal]]
21:48:19.499 INFO - Executing: [find elements: By.cssSelector: #publicListButton])
21:48:19.514 INFO - Done: [find elements: By.cssSelector: #publicListButton]
21:48:19.517 INFO - Executing: [find elements: By.cssSelector: #privateListButton])
21:48:19.535 INFO - Done: [find elements: By.cssSelector: #privateListButton]
21:48:19.538 INFO - Executing: [find element: By.cssSelector: #publicListButton])
21:48:19.554 INFO - Done: [find element: By.cssSelector: #publicListButton]
21:48:19.556 INFO - Executing: [click: 17 [[ChromeDriver: chrome on MAC (e78347a54f7c4cf1c1fc74be15e761af)] -> css selector: #publicListButton]])
21:48:19.602 INFO - Done: [click: 17 [[ChromeDriver: chrome on MAC (e78347a54f7c4cf1c1fc74be15e761af)] -> css selector: #publicListButton]]
21:48:19.806 INFO - Executing: [find element: By.cssSelector: #listNameInput])
21:48:19.822 INFO - Done: [find element: By.cssSelector: #listNameInput]
21:48:19.824 INFO - Executing: [clear: 19 [[ChromeDriver: chrome on MAC (e78347a54f7c4cf1c1fc74be15e761af)] -> css selector: #listNameInput]])
21:48:19.846 INFO - Done: [clear: 19 [[ChromeDriver: chrome on MAC (e78347a54f7c4cf1c1fc74be15e761af)] -> css selector: #listNameInput]]
21:48:19.848 INFO - Executing: [find element: By.cssSelector: #listNameInput])
21:48:19.855 INFO - Done: [find element: By.cssSelector: #listNameInput]
21:48:19.857 INFO - Executing: [send keys: 19 [[ChromeDriver: chrome on MAC (e78347a54f7c4cf1c1fc74be15e761af)] -> css selector: #listNameInput], [P, u, b, l, i, c,  , L, i, s, t]])
21:48:19.913 INFO - Done: [send keys: 19 [[ChromeDriver: chrome on MAC (e78347a54f7c4cf1c1fc74be15e761af)] -> css selector: #listNameInput], [P, u, b, l, i, c,  , L, i, s, t]]
21:48:19.915 INFO - Executing: [find element: By.cssSelector: #saveListButton])
21:48:19.930 INFO - Done: [find element: By.cssSelector: #saveListButton]
21:48:19.932 INFO - Executing: [click: 20 [[ChromeDriver: chrome on MAC (e78347a54f7c4cf1c1fc74be15e761af)] -> css selector: #saveListButton]])
21:48:19.970 INFO - Done: [click: 20 [[ChromeDriver: chrome on MAC (e78347a54f7c4cf1c1fc74be15e761af)] -> css selector: #saveListButton]]
21:48:20.275 INFO - Executing: [take screenshot])
21:48:20.395 INFO - Done: [take screenshot]
21:48:20.400 INFO - Executing: [find element: By.cssSelector: #protocolLibraryLink])
21:48:20.406 INFO - Done: [find element: By.cssSelector: #protocolLibraryLink]
21:48:20.408 INFO - Executing: [click: 6 [[ChromeDriver: chrome on MAC (e78347a54f7c4cf1c1fc74be15e761af)] -> css selector: #protocolLibraryLink]])
21:48:20.425 INFO - Done: [click: 6 [[ChromeDriver: chrome on MAC (e78347a54f7c4cf1c1fc74be15e761af)] -> css selector: #protocolLibraryLink]]
21:48:21.428 INFO - Executing: [find elements: By.cssSelector: #protocolLibraryItems])
21:48:21.435 INFO - Done: [find elements: By.cssSelector: #protocolLibraryItems]
21:48:21.438 INFO - Executing: [find elements: By.cssSelector: #protocolLibraryItems .libraryItem:nth-child(8)])
21:48:21.452 INFO - Done: [find elements: By.cssSelector: #protocolLibraryItems .libraryItem:nth-child(8)]
21:48:21.455 INFO - Executing: [find element: By.cssSelector: #protocolLibraryItems .libraryItem:nth-child(8) .protocolName])
21:48:21.469 INFO - Done: [find element: By.cssSelector: #protocolLibraryItems .libraryItem:nth-child(8) .protocolName]
21:48:21.472 INFO - Executing: [get text: 23 [[ChromeDriver: chrome on MAC (e78347a54f7c4cf1c1fc74be15e761af)] -> css selector: #protocolLibraryItems .libraryItem:nth-child(8) .protocolName]])
21:48:21.492 INFO - Done: [get text: 23 [[ChromeDriver: chrome on MAC (e78347a54f7c4cf1c1fc74be15e761af)] -> css selector: #protocolLibraryItems .libraryItem:nth-child(8) .protocolName]]
21:48:21.494 INFO - Executing: [find element: By.cssSelector: #lists .listItem:nth-child(1)])
21:48:21.501 INFO - Done: [find element: By.cssSelector: #lists .listItem:nth-child(1)]
21:48:21.503 INFO - Executing: [get text: 13 [[ChromeDriver: chrome on MAC (e78347a54f7c4cf1c1fc74be15e761af)] -> css selector: #lists .listItem:nth-child(1)]])
21:48:21.510 INFO - Done: [get text: 13 [[ChromeDriver: chrome on MAC (e78347a54f7c4cf1c1fc74be15e761af)] -> css selector: #lists .listItem:nth-child(1)]]
21:48:21.513 INFO - Executing: [find element: By.cssSelector: #lists .listItem:nth-child(2)])
21:48:21.528 INFO - Done: [find element: By.cssSelector: #lists .listItem:nth-child(2)]
21:48:21.530 INFO - Executing: [get text: 24 [[ChromeDriver: chrome on MAC (e78347a54f7c4cf1c1fc74be15e761af)] -> css selector: #lists .listItem:nth-child(2)]])
21:48:21.550 INFO - Done: [get text: 24 [[ChromeDriver: chrome on MAC (e78347a54f7c4cf1c1fc74be15e761af)] -> css selector: #lists .listItem:nth-child(2)]]
21:48:21.553 INFO - Executing: [take screenshot])
21:48:21.672 INFO - Done: [take screenshot]
21:48:21.682 INFO - Executing: [find element: By.cssSelector: #logoutButton])
21:48:21.696 INFO - Done: [find element: By.cssSelector: #logoutButton]
21:48:21.698 INFO - Executing: [click: 25 [[ChromeDriver: chrome on MAC (e78347a54f7c4cf1c1fc74be15e761af)] -> css selector: #logoutButton]])
21:48:21.730 INFO - Done: [click: 25 [[ChromeDriver: chrome on MAC (e78347a54f7c4cf1c1fc74be15e761af)] -> css selector: #logoutButton]]
21:48:22.036 INFO - Executing: [get: http://localhost:3000/entrySignUp])
21:48:22.782 INFO - Done: [get: http://localhost:3000/entrySignUp]
21:48:23.287 INFO - Executing: [find elements: By.cssSelector: #entrySignUp])
21:48:23.295 INFO - Done: [find elements: By.cssSelector: #entrySignUp]
21:48:23.297 INFO - Executing: [find elements: By.cssSelector: #signUpPageEmailInput])
21:48:23.306 INFO - Done: [find elements: By.cssSelector: #signUpPageEmailInput]
21:48:23.308 INFO - Executing: [find element: By.cssSelector: #signUpPageEmailInput])
21:48:23.314 INFO - Done: [find element: By.cssSelector: #signUpPageEmailInput]
21:48:23.316 INFO - Executing: [clear: 27 [[ChromeDriver: chrome on MAC (e78347a54f7c4cf1c1fc74be15e761af)] -> css selector: #signUpPageEmailInput]])
21:48:23.341 INFO - Done: [clear: 27 [[ChromeDriver: chrome on MAC (e78347a54f7c4cf1c1fc74be15e761af)] -> css selector: #signUpPageEmailInput]]
21:48:23.343 INFO - Executing: [find element: By.cssSelector: #signUpPageEmailInput])
21:48:23.361 INFO - Done: [find element: By.cssSelector: #signUpPageEmailInput]
21:48:23.363 INFO - Executing: [send keys: 27 [[ChromeDriver: chrome on MAC (e78347a54f7c4cf1c1fc74be15e761af)] -> css selector: #signUpPageEmailInput], [b, e, t, t, y, @, s, o, m, e, w, h, e, r, e, ., c, o, m]])
21:48:23.477 INFO - Done: [send keys: 27 [[ChromeDriver: chrome on MAC (e78347a54f7c4cf1c1fc74be15e761af)] -> css selector: #signUpPageEmailInput], [b, e, t, t, y, @, s, o, m, e, w, h, e, r, e, ., c, o, m]]
21:48:23.480 INFO - Executing: [find elements: By.cssSelector: #signUpPagePasswordInput])
21:48:23.488 INFO - Done: [find elements: By.cssSelector: #signUpPagePasswordInput]
21:48:23.490 INFO - Executing: [find element: By.cssSelector: #signUpPagePasswordInput])
21:48:23.497 INFO - Done: [find element: By.cssSelector: #signUpPagePasswordInput]
21:48:23.498 INFO - Executing: [clear: 28 [[ChromeDriver: chrome on MAC (e78347a54f7c4cf1c1fc74be15e761af)] -> css selector: #signUpPagePasswordInput]])
21:48:23.529 INFO - Done: [clear: 28 [[ChromeDriver: chrome on MAC (e78347a54f7c4cf1c1fc74be15e761af)] -> css selector: #signUpPagePasswordInput]]
21:48:23.531 INFO - Executing: [find element: By.cssSelector: #signUpPagePasswordInput])
21:48:23.539 INFO - Done: [find element: By.cssSelector: #signUpPagePasswordInput]
21:48:23.541 INFO - Executing: [send keys: 28 [[ChromeDriver: chrome on MAC (e78347a54f7c4cf1c1fc74be15e761af)] -> css selector: #signUpPagePasswordInput], [b, e, t, t, y, 1, 2, 3]])
21:48:23.599 INFO - Done: [send keys: 28 [[ChromeDriver: chrome on MAC (e78347a54f7c4cf1c1fc74be15e761af)] -> css selector: #signUpPagePasswordInput], [b, e, t, t, y, 1, 2, 3]]
21:48:23.601 INFO - Executing: [find elements: By.cssSelector: #signUpPagePasswordConfirmInput])
21:48:23.609 INFO - Done: [find elements: By.cssSelector: #signUpPagePasswordConfirmInput]
21:48:23.611 INFO - Executing: [find element: By.cssSelector: #signUpPagePasswordConfirmInput])
21:48:23.620 INFO - Done: [find element: By.cssSelector: #signUpPagePasswordConfirmInput]
21:48:23.622 INFO - Executing: [clear: 29 [[ChromeDriver: chrome on MAC (e78347a54f7c4cf1c1fc74be15e761af)] -> css selector: #signUpPagePasswordConfirmInput]])
21:48:23.648 INFO - Done: [clear: 29 [[ChromeDriver: chrome on MAC (e78347a54f7c4cf1c1fc74be15e761af)] -> css selector: #signUpPagePasswordConfirmInput]]
21:48:23.650 INFO - Executing: [find element: By.cssSelector: #signUpPagePasswordConfirmInput])
21:48:23.658 INFO - Done: [find element: By.cssSelector: #signUpPagePasswordConfirmInput]
21:48:23.660 INFO - Executing: [send keys: 29 [[ChromeDriver: chrome on MAC (e78347a54f7c4cf1c1fc74be15e761af)] -> css selector: #signUpPagePasswordConfirmInput], [b, e, t, t, y, 1, 2, 3]])
21:48:23.715 INFO - Done: [send keys: 29 [[ChromeDriver: chrome on MAC (e78347a54f7c4cf1c1fc74be15e761af)] -> css selector: #signUpPagePasswordConfirmInput], [b, e, t, t, y, 1, 2, 3]]
21:48:23.717 INFO - Executing: [find element: By.cssSelector: #signUpPageJoinNowButton])
21:48:23.724 INFO - Done: [find element: By.cssSelector: #signUpPageJoinNowButton]
21:48:23.726 INFO - Executing: [click: 30 [[ChromeDriver: chrome on MAC (e78347a54f7c4cf1c1fc74be15e761af)] -> css selector: #signUpPageJoinNowButton]])
21:48:23.774 INFO - Done: [click: 30 [[ChromeDriver: chrome on MAC (e78347a54f7c4cf1c1fc74be15e761af)] -> css selector: #signUpPageJoinNowButton]]
21:48:24.081 INFO - Executing: [find elements: By.cssSelector: #lists .listItem:nth-child(1)])
21:48:24.156 INFO - Done: [find elements: By.cssSelector: #lists .listItem:nth-child(1)]
21:48:24.159 INFO - Executing: [find elements: By.cssSelector: #lists .listItem:nth-child(2)])
21:48:24.166 INFO - Done: [find elements: By.cssSelector: #lists .listItem:nth-child(2)]
21:48:24.168 INFO - Executing: [find element: By.cssSelector: #protocolLibraryLink])
21:48:24.174 INFO - Done: [find element: By.cssSelector: #protocolLibraryLink]
21:48:24.176 INFO - Executing: [click: 32 [[ChromeDriver: chrome on MAC (e78347a54f7c4cf1c1fc74be15e761af)] -> css selector: #protocolLibraryLink]])
21:48:24.213 INFO - Done: [click: 32 [[ChromeDriver: chrome on MAC (e78347a54f7c4cf1c1fc74be15e761af)] -> css selector: #protocolLibraryLink]]
21:48:24.520 INFO - Executing: [find elements: By.cssSelector: #protocolLibraryItems .libraryItem:nth-child(8) .protocolName])
21:48:24.534 INFO - Done: [find elements: By.cssSelector: #protocolLibraryItems .libraryItem:nth-child(8) .protocolName]
21:48:24.537 INFO - Executing: [find elements: By.cssSelector: #protocolLibraryItems .libraryItem:nth-child(8) .cloneButton])
21:48:24.551 INFO - Done: [find elements: By.cssSelector: #protocolLibraryItems .libraryItem:nth-child(8) .cloneButton]
21:48:24.553 INFO - Executing: [take screenshot])
21:48:24.686 INFO - Done: [take screenshot]
21:48:24.692 INFO - Executing: [find element: By.cssSelector: #protocolLibraryItems .libraryItem:nth-child(8) .cloneButton])
21:48:24.707 INFO - Done: [find element: By.cssSelector: #protocolLibraryItems .libraryItem:nth-child(8) .cloneButton]
21:48:24.709 INFO - Executing: [click: 34 [[ChromeDriver: chrome on MAC (e78347a54f7c4cf1c1fc74be15e761af)] -> css selector: #protocolLibraryItems .libraryItem:nth-child(8) .cloneButton]])
21:48:24.750 INFO - Done: [click: 34 [[ChromeDriver: chrome on MAC (e78347a54f7c4cf1c1fc74be15e761af)] -> css selector: #protocolLibraryItems .libraryItem:nth-child(8) .cloneButton]]
21:48:25.157 INFO - Executing: [find elements: By.cssSelector: #lists .listItem:nth-child(1)])
21:48:25.164 INFO - Done: [find elements: By.cssSelector: #lists .listItem:nth-child(1)]
21:48:25.166 INFO - Executing: [find elements: By.cssSelector: #lists .listItem:nth-child(2)])
21:48:25.173 INFO - Done: [find elements: By.cssSelector: #lists .listItem:nth-child(2)]
21:48:25.176 INFO - Executing: [find element: By.cssSelector: #lists .listItem:nth-child(1)])
21:48:25.182 INFO - Done: [find element: By.cssSelector: #lists .listItem:nth-child(1)]
21:48:25.183 INFO - Executing: [get text: 31 [[ChromeDriver: chrome on MAC (e78347a54f7c4cf1c1fc74be15e761af)] -> css selector: #lists .listItem:nth-child(1)]])
21:48:25.203 INFO - Done: [get text: 31 [[ChromeDriver: chrome on MAC (e78347a54f7c4cf1c1fc74be15e761af)] -> css selector: #lists .listItem:nth-child(1)]]
21:48:25.206 INFO - Executing: [find element: By.cssSelector: #lists .listItem:nth-child(2)])
21:48:25.212 INFO - Done: [find element: By.cssSelector: #lists .listItem:nth-child(2)]
21:48:25.214 INFO - Executing: [get text: 35 [[ChromeDriver: chrome on MAC (e78347a54f7c4cf1c1fc74be15e761af)] -> css selector: #lists .listItem:nth-child(2)]])
21:48:25.233 INFO - Done: [get text: 35 [[ChromeDriver: chrome on MAC (e78347a54f7c4cf1c1fc74be15e761af)] -> css selector: #lists .listItem:nth-child(2)]]
21:48:25.235 INFO - Executing: [take screenshot])
21:48:25.365 INFO - Done: [take screenshot]
21:48:25.369 INFO - Executing: [find element: By.cssSelector: #logoutButton])
21:48:25.384 INFO - Done: [find element: By.cssSelector: #logoutButton]
21:48:25.385 INFO - Executing: [click: 36 [[ChromeDriver: chrome on MAC (e78347a54f7c4cf1c1fc74be15e761af)] -> css selector: #logoutButton]])
21:48:25.420 INFO - Done: [click: 36 [[ChromeDriver: chrome on MAC (e78347a54f7c4cf1c1fc74be15e761af)] -> css selector: #logoutButton]]
21:48:25.726 INFO - Executing: [get: http://localhost:3000/protocols])
21:48:26.294 INFO - Done: [get: http://localhost:3000/protocols]
21:48:26.800 INFO - Executing: [find elements: By.cssSelector: #protocolLibraryItems .libraryItem:nth-child(1)])
21:48:26.816 INFO - Done: [find elements: By.cssSelector: #protocolLibraryItems .libraryItem:nth-child(1)]
21:48:26.818 INFO - Executing: [find elements: By.cssSelector: #protocolLibraryItems .libraryItem:nth-child(1) .previewButton])
21:48:26.834 INFO - Done: [find elements: By.cssSelector: #protocolLibraryItems .libraryItem:nth-child(1) .previewButton]
21:48:26.836 INFO - Executing: [find elements: By.cssSelector: #protocolLibraryItems .libraryItem:nth-child(1) .protocolName])
21:48:26.850 INFO - Done: [find elements: By.cssSelector: #protocolLibraryItems .libraryItem:nth-child(1) .protocolName]
21:48:26.853 INFO - Executing: [find element: By.cssSelector: #protocolLibraryItems .libraryItem:nth-child(1) .protocolName])
21:48:26.868 INFO - Done: [find element: By.cssSelector: #protocolLibraryItems .libraryItem:nth-child(1) .protocolName]
21:48:26.869 INFO - Executing: [get text: 39 [[ChromeDriver: chrome on MAC (e78347a54f7c4cf1c1fc74be15e761af)] -> css selector: #protocolLibraryItems .libraryItem:nth-child(1) .protocolName]])
21:48:26.888 INFO - Done: [get text: 39 [[ChromeDriver: chrome on MAC (e78347a54f7c4cf1c1fc74be15e761af)] -> css selector: #protocolLibraryItems .libraryItem:nth-child(1) .protocolName]]
21:48:26.890 INFO - Executing: [take screenshot])
21:48:27.004 INFO - Done: [take screenshot]
21:48:27.011 INFO - Executing: [find element: By.cssSelector: #protocolLibraryItems .libraryItem:nth-child(1) .previewButton])
21:48:27.025 INFO - Done: [find element: By.cssSelector: #protocolLibraryItems .libraryItem:nth-child(1) .previewButton]
21:48:27.027 INFO - Executing: [click: 38 [[ChromeDriver: chrome on MAC (e78347a54f7c4cf1c1fc74be15e761af)] -> css selector: #protocolLibraryItems .libraryItem:nth-child(1) .previewButton]])
21:48:27.068 INFO - Done: [click: 38 [[ChromeDriver: chrome on MAC (e78347a54f7c4cf1c1fc74be15e761af)] -> css selector: #protocolLibraryItems .libraryItem:nth-child(1) .previewButton]]
21:48:27.372 INFO - Executing: [find element: By.cssSelector: #checklistPage])
21:48:27.802 INFO - Done: [find element: By.cssSelector: #checklistPage]
21:48:27.803 INFO - Executing: [is displayed: 40 [[ChromeDriver: chrome on MAC (e78347a54f7c4cf1c1fc74be15e761af)] -> css selector: #checklistPage]])
21:48:27.819 INFO - Done: [is displayed: 40 [[ChromeDriver: chrome on MAC (e78347a54f7c4cf1c1fc74be15e761af)] -> css selector: #checklistPage]]
21:48:27.822 INFO - Executing: [find element: By.cssSelector: #checklistTitle])
21:48:27.839 INFO - Done: [find element: By.cssSelector: #checklistTitle]
21:48:27.840 INFO - Executing: [is displayed: 41 [[ChromeDriver: chrome on MAC (e78347a54f7c4cf1c1fc74be15e761af)] -> css selector: #checklistTitle]])
21:48:27.856 INFO - Done: [is displayed: 41 [[ChromeDriver: chrome on MAC (e78347a54f7c4cf1c1fc74be15e761af)] -> css selector: #checklistTitle]]
21:48:27.860 INFO - Executing: [find element: By.cssSelector: #checklistTitle])
21:48:27.867 INFO - Done: [find element: By.cssSelector: #checklistTitle]
21:48:27.869 INFO - Executing: [is displayed: 41 [[ChromeDriver: chrome on MAC (e78347a54f7c4cf1c1fc74be15e761af)] -> css selector: #checklistTitle]])
21:48:27.879 INFO - Done: [is displayed: 41 [[ChromeDriver: chrome on MAC (e78347a54f7c4cf1c1fc74be15e761af)] -> css selector: #checklistTitle]]
21:48:27.882 INFO - Executing: [find element: By.cssSelector: #checklistTitle])
21:48:27.888 INFO - Done: [find element: By.cssSelector: #checklistTitle]
21:48:27.889 INFO - Executing: [get text: 41 [[ChromeDriver: chrome on MAC (e78347a54f7c4cf1c1fc74be15e761af)] -> css selector: #checklistTitle]])
21:48:27.909 INFO - Done: [get text: 41 [[ChromeDriver: chrome on MAC (e78347a54f7c4cf1c1fc74be15e761af)] -> css selector: #checklistTitle]]
21:48:27.911 INFO - Executing: [find element: By.cssSelector: #checklistPage .taskItem:nth-child(1)])
21:48:27.933 INFO - Done: [find element: By.cssSelector: #checklistPage .taskItem:nth-child(1)]
21:48:27.934 INFO - Executing: [is displayed: 42 [[ChromeDriver: chrome on MAC (e78347a54f7c4cf1c1fc74be15e761af)] -> css selector: #checklistPage .taskItem:nth-child(1)]])
21:48:27.949 INFO - Done: [is displayed: 42 [[ChromeDriver: chrome on MAC (e78347a54f7c4cf1c1fc74be15e761af)] -> css selector: #checklistPage .taskItem:nth-child(1)]]
21:48:27.951 INFO - Executing: [find element: By.cssSelector: #checklistPage .taskItem:nth-child(1) .taskInput])
21:48:27.966 INFO - Done: [find element: By.cssSelector: #checklistPage .taskItem:nth-child(1) .taskInput]
21:48:27.968 INFO - Executing: [is displayed: 43 [[ChromeDriver: chrome on MAC (e78347a54f7c4cf1c1fc74be15e761af)] -> css selector: #checklistPage .taskItem:nth-child(1) .taskInput]])
21:48:27.982 INFO - Done: [is displayed: 43 [[ChromeDriver: chrome on MAC (e78347a54f7c4cf1c1fc74be15e761af)] -> css selector: #checklistPage .taskItem:nth-child(1) .taskInput]]
21:48:27.985 INFO - Executing: [find element: By.cssSelector: #checklistPage .taskItem:nth-child(1) .taskInput])
21:48:27.992 INFO - Done: [find element: By.cssSelector: #checklistPage .taskItem:nth-child(1) .taskInput]
21:48:27.994 INFO - Executing: [get element attribute: 43 [[ChromeDriver: chrome on MAC (e78347a54f7c4cf1c1fc74be15e761af)] -> css selector: #checklistPage .taskItem:nth-child(1) .taskInput], placeholder])
21:48:28.004 INFO - Done: [get element attribute: 43 [[ChromeDriver: chrome on MAC (e78347a54f7c4cf1c1fc74be15e761af)] -> css selector: #checklistPage .taskItem:nth-child(1) .taskInput], placeholder]
21:48:28.006 INFO - Executing: [take screenshot])
21:48:28.145 INFO - Done: [take screenshot]
21:48:28.176 INFO - Executing: [get: http://localhost:3000/protocols])
21:48:28.681 INFO - Done: [get: http://localhost:3000/protocols]
21:48:29.184 INFO - Executing: [take screenshot])
21:48:29.305 INFO - Done: [take screenshot]
21:48:29.317 INFO - Executing: [set script timeoutt: 5000])
21:48:29.319 INFO - Done: [set script timeoutt: 5000]
21:48:29.321 INFO - Executing: [execute async script: var passedArgs = Array.prototype.slice.call(arguments,0); return function (data, meteorCallback) {
      //return HipaaLogger.logEventObject(data);
      Meteor.call("dropEntryUsers", data, function (meteorError, meteorResult) {
        var response = (meteorError ? {
          error: meteorError
        } : {
          result: meteorResult
        });
        meteorCallback(response);
      });
    }.apply(window, passedArgs);, []])
21:48:34.943 WARN - Exception thrown
org.openqa.selenium.TimeoutException: asynchronous script timeout: result was not received in 5 seconds
  (Session info: chrome=53.0.2785.143)
  (Driver info: chromedriver=2.19.346063 (38b35413bd4a486d436a9749e090454bc9ff6708),platform=Mac OS X 10.11.5 x86_64) (WARNING: The server did not provide any stacktrace information)
Command duration or timeout: 5.08 seconds
Build info: version: '2.45.0', revision: '5017cb8', time: '2015-02-26 23:59:50'
System info: host: 'Abigails-Mac-mini-2.local', ip: '172.20.10.2', os.name: 'Mac OS X', os.arch: 'x86_64', os.version: '10.11.5', java.version: '1.8.0_101'
Driver info: org.openqa.selenium.chrome.ChromeDriver
Capabilities [{applicationCacheEnabled=false, rotatable=false, mobileEmulationEnabled=false, chrome={userDataDir=/var/folders/wy/x2wnhsd15rxbcnwr07g161b00000gn/T/.org.chromium.Chromium.i4zfJF}, takesHeapSnapshot=true, databaseEnabled=false, handlesAlerts=true, hasTouchScreen=false, version=53.0.2785.143, platform=MAC, browserConnectionEnabled=false, nativeEvents=true, acceptSslCerts=true, locationContextEnabled=true, webStorageEnabled=true, browserName=chrome, takesScreenshot=true, javascriptEnabled=true, cssSelectorsEnabled=true}]
Session ID: e78347a54f7c4cf1c1fc74be15e761af
	at sun.reflect.NativeConstructorAccessorImpl.newInstance0(Native Method)
	at sun.reflect.NativeConstructorAccessorImpl.newInstance(NativeConstructorAccessorImpl.java:62)
	at sun.reflect.DelegatingConstructorAccessorImpl.newInstance(DelegatingConstructorAccessorImpl.java:45)
	at java.lang.reflect.Constructor.newInstance(Constructor.java:423)
	at org.openqa.selenium.remote.ErrorHandler.createThrowable(ErrorHandler.java:204)
	at org.openqa.selenium.remote.ErrorHandler.throwIfResponseFailed(ErrorHandler.java:156)
	at org.openqa.selenium.remote.RemoteWebDriver.execute(RemoteWebDriver.java:599)
	at org.openqa.selenium.remote.RemoteWebDriver.executeAsyncScript(RemoteWebDriver.java:526)
	at sun.reflect.NativeMethodAccessorImpl.invoke0(Native Method)
	at sun.reflect.NativeMethodAccessorImpl.invoke(NativeMethodAccessorImpl.java:62)
	at sun.reflect.DelegatingMethodAccessorImpl.invoke(DelegatingMethodAccessorImpl.java:43)
	at java.lang.reflect.Method.invoke(Method.java:498)
	at org.openqa.selenium.support.events.EventFiringWebDriver$2.invoke(EventFiringWebDriver.java:101)
	at com.sun.proxy.$Proxy1.executeAsyncScript(Unknown Source)
	at org.openqa.selenium.support.events.EventFiringWebDriver.executeAsyncScript(EventFiringWebDriver.java:225)
	at org.openqa.selenium.remote.server.handler.ExecuteAsyncScript.call(ExecuteAsyncScript.java:57)
	at java.util.concurrent.FutureTask.run(FutureTask.java:266)
	at org.openqa.selenium.remote.server.DefaultSession$1.run(DefaultSession.java:168)
	at java.util.concurrent.ThreadPoolExecutor.runWorker(ThreadPoolExecutor.java:1142)
	at java.util.concurrent.ThreadPoolExecutor$Worker.run(ThreadPoolExecutor.java:617)
	at java.lang.Thread.run(Thread.java:745)
21:48:34.943 WARN - Exception: asynchronous script timeout: result was not received in 5 seconds
  (Session info: chrome=53.0.2785.143)
  (Driver info: chromedriver=2.19.346063 (38b35413bd4a486d436a9749e090454bc9ff6708),platform=Mac OS X 10.11.5 x86_64) (WARNING: The server did not provide any stacktrace information)
Command duration or timeout: 5.08 seconds
Build info: version: '2.45.0', revision: '5017cb8', time: '2015-02-26 23:59:50'
System info: host: 'Abigails-Mac-mini-2.local', ip: '172.20.10.2', os.name: 'Mac OS X', os.arch: 'x86_64', os.version: '10.11.5', java.version: '1.8.0_101'
Driver info: org.openqa.selenium.chrome.ChromeDriver
Capabilities [{applicationCacheEnabled=false, rotatable=false, mobileEmulationEnabled=false, chrome={userDataDir=/var/folders/wy/x2wnhsd15rxbcnwr07g161b00000gn/T/.org.chromium.Chromium.i4zfJF}, takesHeapSnapshot=true, databaseEnabled=false, handlesAlerts=true, hasTouchScreen=false, version=53.0.2785.143, platform=MAC, browserConnectionEnabled=false, nativeEvents=true, acceptSslCerts=true, locationContextEnabled=true, webStorageEnabled=true, browserName=chrome, takesScreenshot=true, javascriptEnabled=true, cssSelectorsEnabled=true}]
Session ID: e78347a54f7c4cf1c1fc74be15e761af
21:48:36.129 INFO - Executing: [delete session: 0632042a-d993-4c38-bba2-e5fecf15788c])
21:48:36.703 INFO - Done: [delete session: 0632042a-d993-4c38-bba2-e5fecf15788c]
21:48:36.722 INFO - Executing: [new session: Capabilities [{acceptSslCerts=true, loggingPrefs=org.openqa.selenium.logging.LoggingPreferences@34dad707, name=Simple Walkthrough, browserName=chrome, javascriptEnabled=true, platform=ANY}]])
21:48:36.722 INFO - Creating a new session for Capabilities [{acceptSslCerts=true, loggingPrefs=org.openqa.selenium.logging.LoggingPreferences@34dad707, name=Simple Walkthrough, browserName=chrome, javascriptEnabled=true, platform=ANY}]
Starting ChromeDriver 2.19.346063 (38b35413bd4a486d436a9749e090454bc9ff6708) on port 41612
Only local connections are allowed.
21:48:37.885 INFO - Done: [new session: Capabilities [{acceptSslCerts=true, loggingPrefs=org.openqa.selenium.logging.LoggingPreferences@34dad707, name=Simple Walkthrough, browserName=chrome, javascriptEnabled=true, platform=ANY}]]
21:48:37.887 INFO - Executing: [get: http://localhost:3000/entrySignUp])
21:48:39.228 INFO - Done: [get: http://localhost:3000/entrySignUp]
21:48:39.231 INFO - Executing: [set window size])
21:48:39.460 INFO - Done: [set window size]
21:48:39.967 INFO - Executing: [find elements: By.cssSelector: #entrySignUp])
21:48:39.984 INFO - Done: [find elements: By.cssSelector: #entrySignUp]
21:48:39.987 INFO - Executing: [find elements: By.cssSelector: #entrySignUp])
21:48:39.995 INFO - Done: [find elements: By.cssSelector: #entrySignUp]
21:48:39.996 INFO - Executing: [is displayed: 0 [[ChromeDriver: chrome on MAC (07385a9d63aecee75504aaea6c34ecfa)] -> css selector: #entrySignUp]])
21:48:40.011 INFO - Done: [is displayed: 0 [[ChromeDriver: chrome on MAC (07385a9d63aecee75504aaea6c34ecfa)] -> css selector: #entrySignUp]]
21:48:40.014 INFO - Executing: [find elements: By.cssSelector: #signUpPageEmailInput])
21:48:40.031 INFO - Done: [find elements: By.cssSelector: #signUpPageEmailInput]
21:48:40.033 INFO - Executing: [find elements: By.cssSelector: #signUpPagePasswordInput])
21:48:40.049 INFO - Done: [find elements: By.cssSelector: #signUpPagePasswordInput]
21:48:40.052 INFO - Executing: [find elements: By.cssSelector: #signUpPagePasswordConfirmInput])
21:48:40.068 INFO - Done: [find elements: By.cssSelector: #signUpPagePasswordConfirmInput]
21:48:40.071 INFO - Executing: [find elements: By.cssSelector: #signUpPageJoinNowButton])
21:48:40.088 INFO - Done: [find elements: By.cssSelector: #signUpPageJoinNowButton]
21:48:40.089 INFO - Executing: [take screenshot])
21:48:40.279 INFO - Done: [take screenshot]
21:48:40.284 INFO - Executing: [find elements: By.cssSelector: #logoutButton])
21:48:40.300 INFO - Done: [find elements: By.cssSelector: #logoutButton]
21:48:40.304 INFO - Executing: [find elements: By.cssSelector: #entrySignUp])
21:48:40.311 INFO - Done: [find elements: By.cssSelector: #entrySignUp]
21:48:40.313 INFO - Executing: [find elements: By.cssSelector: #signUpPageEmailInput])
21:48:40.319 INFO - Done: [find elements: By.cssSelector: #signUpPageEmailInput]
21:48:40.322 INFO - Executing: [find element: By.cssSelector: #signUpPageEmailInput])
21:48:40.338 INFO - Done: [find element: By.cssSelector: #signUpPageEmailInput]
21:48:40.339 INFO - Executing: [clear: 1 [[ChromeDriver: chrome on MAC (07385a9d63aecee75504aaea6c34ecfa)] -> css selector: #signUpPageEmailInput]])
21:48:40.366 INFO - Done: [clear: 1 [[ChromeDriver: chrome on MAC (07385a9d63aecee75504aaea6c34ecfa)] -> css selector: #signUpPageEmailInput]]
21:48:40.368 INFO - Executing: [find element: By.cssSelector: #signUpPageEmailInput])
21:48:40.374 INFO - Done: [find element: By.cssSelector: #signUpPageEmailInput]
21:48:40.376 INFO - Executing: [send keys: 1 [[ChromeDriver: chrome on MAC (07385a9d63aecee75504aaea6c34ecfa)] -> css selector: #signUpPageEmailInput], [c, a, r, l, @, s, o, m, e, w, h, e, r, e, ., c, o, m]])
21:48:40.493 INFO - Done: [send keys: 1 [[ChromeDriver: chrome on MAC (07385a9d63aecee75504aaea6c34ecfa)] -> css selector: #signUpPageEmailInput], [c, a, r, l, @, s, o, m, e, w, h, e, r, e, ., c, o, m]]
21:48:40.496 INFO - Executing: [find elements: By.cssSelector: #signUpPagePasswordInput])
21:48:40.504 INFO - Done: [find elements: By.cssSelector: #signUpPagePasswordInput]
21:48:40.506 INFO - Executing: [find element: By.cssSelector: #signUpPagePasswordInput])
21:48:40.522 INFO - Done: [find element: By.cssSelector: #signUpPagePasswordInput]
21:48:40.524 INFO - Executing: [clear: 2 [[ChromeDriver: chrome on MAC (07385a9d63aecee75504aaea6c34ecfa)] -> css selector: #signUpPagePasswordInput]])
21:48:40.555 INFO - Done: [clear: 2 [[ChromeDriver: chrome on MAC (07385a9d63aecee75504aaea6c34ecfa)] -> css selector: #signUpPagePasswordInput]]
21:48:40.558 INFO - Executing: [find element: By.cssSelector: #signUpPagePasswordInput])
21:48:40.564 INFO - Done: [find element: By.cssSelector: #signUpPagePasswordInput]
21:48:40.566 INFO - Executing: [send keys: 2 [[ChromeDriver: chrome on MAC (07385a9d63aecee75504aaea6c34ecfa)] -> css selector: #signUpPagePasswordInput], [c, a, r, l, 1, 2, 3]])
21:48:40.622 INFO - Done: [send keys: 2 [[ChromeDriver: chrome on MAC (07385a9d63aecee75504aaea6c34ecfa)] -> css selector: #signUpPagePasswordInput], [c, a, r, l, 1, 2, 3]]
21:48:40.625 INFO - Executing: [find elements: By.cssSelector: #signUpPagePasswordConfirmInput])
21:48:40.632 INFO - Done: [find elements: By.cssSelector: #signUpPagePasswordConfirmInput]
21:48:40.634 INFO - Executing: [find element: By.cssSelector: #signUpPagePasswordConfirmInput])
21:48:40.651 INFO - Done: [find element: By.cssSelector: #signUpPagePasswordConfirmInput]
21:48:40.653 INFO - Executing: [clear: 3 [[ChromeDriver: chrome on MAC (07385a9d63aecee75504aaea6c34ecfa)] -> css selector: #signUpPagePasswordConfirmInput]])
21:48:40.684 INFO - Done: [clear: 3 [[ChromeDriver: chrome on MAC (07385a9d63aecee75504aaea6c34ecfa)] -> css selector: #signUpPagePasswordConfirmInput]]
21:48:40.686 INFO - Executing: [find element: By.cssSelector: #signUpPagePasswordConfirmInput])
21:48:40.692 INFO - Done: [find element: By.cssSelector: #signUpPagePasswordConfirmInput]
21:48:40.694 INFO - Executing: [send keys: 3 [[ChromeDriver: chrome on MAC (07385a9d63aecee75504aaea6c34ecfa)] -> css selector: #signUpPagePasswordConfirmInput], [c, a, r, l, 1, 2, 3]])
21:48:40.747 INFO - Done: [send keys: 3 [[ChromeDriver: chrome on MAC (07385a9d63aecee75504aaea6c34ecfa)] -> css selector: #signUpPagePasswordConfirmInput], [c, a, r, l, 1, 2, 3]]
21:48:40.749 INFO - Executing: [find element: By.cssSelector: #signUpPageJoinNowButton])
21:48:40.765 INFO - Done: [find element: By.cssSelector: #signUpPageJoinNowButton]
21:48:40.767 INFO - Executing: [click: 4 [[ChromeDriver: chrome on MAC (07385a9d63aecee75504aaea6c34ecfa)] -> css selector: #signUpPageJoinNowButton]])
21:48:40.835 INFO - Done: [click: 4 [[ChromeDriver: chrome on MAC (07385a9d63aecee75504aaea6c34ecfa)] -> css selector: #signUpPageJoinNowButton]]
21:48:42.147 INFO - Executing: [set window size])
21:48:42.152 INFO - Done: [set window size]
21:48:42.658 INFO - Executing: [find elements: By.cssSelector: #checklistPage])
21:48:42.673 INFO - Done: [find elements: By.cssSelector: #checklistPage]
21:48:42.675 INFO - Executing: [take screenshot])
21:48:42.789 INFO - Done: [take screenshot]
21:48:42.795 INFO - Executing: [find elements: By.cssSelector: #appLayout])
21:48:42.810 INFO - Done: [find elements: By.cssSelector: #appLayout]
21:48:42.813 INFO - Executing: [find elements: By.cssSelector: #navbarHeader])
21:48:42.827 INFO - Done: [find elements: By.cssSelector: #navbarHeader]
21:48:42.830 INFO - Executing: [find elements: By.cssSelector: #panelSurface])
21:48:42.844 INFO - Done: [find elements: By.cssSelector: #panelSurface]
21:48:42.846 INFO - Executing: [find elements: By.cssSelector: #panelSurface .content-scrollable])
21:48:42.862 INFO - Done: [find elements: By.cssSelector: #panelSurface .content-scrollable]
21:48:42.864 INFO - Executing: [find elements: By.cssSelector: #navbarFooter])
21:48:42.878 INFO - Done: [find elements: By.cssSelector: #navbarFooter]
21:48:42.881 INFO - Executing: [find elements: By.cssSelector: #sidebar])
21:48:42.896 INFO - Done: [find elements: By.cssSelector: #sidebar]
21:48:42.900 INFO - Executing: [find elements: By.cssSelector: #sidebarMenuContents])
21:48:42.914 INFO - Done: [find elements: By.cssSelector: #sidebarMenuContents]
21:48:42.918 INFO - Executing: [find element: By.cssSelector: #aboutButton])
21:48:42.934 INFO - Done: [find element: By.cssSelector: #aboutButton]
21:48:42.936 INFO - Executing: [click: 13 [[ChromeDriver: chrome on MAC (07385a9d63aecee75504aaea6c34ecfa)] -> css selector: #aboutButton]])
21:48:42.974 INFO - Done: [click: 13 [[ChromeDriver: chrome on MAC (07385a9d63aecee75504aaea6c34ecfa)] -> css selector: #aboutButton]]
21:48:42.976 INFO - Executing: [find elements: By.cssSelector: #aboutPage])
21:48:43.015 INFO - Done: [find elements: By.cssSelector: #aboutPage]
21:48:43.018 INFO - Executing: [take screenshot])
21:48:43.128 INFO - Done: [take screenshot]
21:48:43.133 INFO - Executing: [find element: By.cssSelector: #eulaButton])
21:48:43.148 INFO - Done: [find element: By.cssSelector: #eulaButton]
21:48:43.150 INFO - Executing: [click: 15 [[ChromeDriver: chrome on MAC (07385a9d63aecee75504aaea6c34ecfa)] -> css selector: #eulaButton]])
21:48:43.186 INFO - Done: [click: 15 [[ChromeDriver: chrome on MAC (07385a9d63aecee75504aaea6c34ecfa)] -> css selector: #eulaButton]]
21:48:43.189 INFO - Executing: [find elements: By.cssSelector: #eulaPage])
21:48:43.247 INFO - Done: [find elements: By.cssSelector: #eulaPage]
21:48:43.249 INFO - Executing: [is displayed: 16 [[ChromeDriver: chrome on MAC (07385a9d63aecee75504aaea6c34ecfa)] -> css selector: #eulaPage]])
21:48:43.262 INFO - Done: [is displayed: 16 [[ChromeDriver: chrome on MAC (07385a9d63aecee75504aaea6c34ecfa)] -> css selector: #eulaPage]]
21:48:43.264 INFO - Executing: [take screenshot])
21:48:43.381 INFO - Done: [take screenshot]
21:48:43.409 INFO - Executing: [find element: By.cssSelector: #privacyButton])
21:48:43.424 INFO - Done: [find element: By.cssSelector: #privacyButton]
21:48:43.426 INFO - Executing: [click: 17 [[ChromeDriver: chrome on MAC (07385a9d63aecee75504aaea6c34ecfa)] -> css selector: #privacyButton]])
21:48:43.464 INFO - Done: [click: 17 [[ChromeDriver: chrome on MAC (07385a9d63aecee75504aaea6c34ecfa)] -> css selector: #privacyButton]]
21:48:43.467 INFO - Executing: [find elements: By.cssSelector: #privacyPage])
21:48:43.514 INFO - Done: [find elements: By.cssSelector: #privacyPage]
21:48:43.516 INFO - Executing: [take screenshot])
21:48:43.635 INFO - Done: [take screenshot]
21:48:43.646 INFO - Executing: [find elements: By.cssSelector: #logoutButton])
21:48:43.652 INFO - Done: [find elements: By.cssSelector: #logoutButton]
21:48:43.654 INFO - Executing: [find element: By.cssSelector: #logoutButton])
21:48:43.670 INFO - Done: [find element: By.cssSelector: #logoutButton]
21:48:43.671 INFO - Executing: [click: 19 [[ChromeDriver: chrome on MAC (07385a9d63aecee75504aaea6c34ecfa)] -> css selector: #logoutButton]])
21:48:43.709 INFO - Done: [click: 19 [[ChromeDriver: chrome on MAC (07385a9d63aecee75504aaea6c34ecfa)] -> css selector: #logoutButton]]
21:48:44.016 INFO - Executing: [find element: By.cssSelector: #usernameLink])
21:48:44.032 INFO - Done: [find element: By.cssSelector: #usernameLink]
21:48:44.034 INFO - Executing: [get text: 20 [[ChromeDriver: chrome on MAC (07385a9d63aecee75504aaea6c34ecfa)] -> css selector: #usernameLink]])
21:48:44.053 INFO - Done: [get text: 20 [[ChromeDriver: chrome on MAC (07385a9d63aecee75504aaea6c34ecfa)] -> css selector: #usernameLink]]
21:48:44.055 INFO - Executing: [find elements: By.cssSelector: #logoutButton])
21:48:44.061 INFO - Done: [find elements: By.cssSelector: #logoutButton]
21:48:44.064 INFO - Executing: [delete session: f07cd30a-e730-4048-b121-8fd7a41dec3b])
21:48:44.635 INFO - Done: [delete session: f07cd30a-e730-4048-b121-8fd7a41dec3b]
21:48:44.652 INFO - Executing: [new session: Capabilities [{acceptSslCerts=true, loggingPrefs=org.openqa.selenium.logging.LoggingPreferences@4323e29a, name=Workqueue, browserName=chrome, javascriptEnabled=true, platform=ANY}]])
21:48:44.653 INFO - Creating a new session for Capabilities [{acceptSslCerts=true, loggingPrefs=org.openqa.selenium.logging.LoggingPreferences@4323e29a, name=Workqueue, browserName=chrome, javascriptEnabled=true, platform=ANY}]
Starting ChromeDriver 2.19.346063 (38b35413bd4a486d436a9749e090454bc9ff6708) on port 1163
Only local connections are allowed.
21:48:45.835 INFO - Done: [new session: Capabilities [{acceptSslCerts=true, loggingPrefs=org.openqa.selenium.logging.LoggingPreferences@4323e29a, name=Workqueue, browserName=chrome, javascriptEnabled=true, platform=ANY}]]
21:48:45.837 INFO - Executing: [get: http://localhost:3000])
21:48:47.178 INFO - Done: [get: http://localhost:3000]
21:48:47.180 INFO - Executing: [set window size])
21:48:47.412 INFO - Done: [set window size]
21:48:47.720 INFO - Executing: [set script timeoutt: 5000])
21:48:47.722 INFO - Done: [set script timeoutt: 5000]
21:48:47.725 INFO - Executing: [execute async script: var passedArgs = Array.prototype.slice.call(arguments,0); return function (data, meteorCallback) {
      //return HipaaLogger.logEventObject(data);
      Meteor.call("dropEntryUsers", data, function (meteorError, meteorResult) {
        var response = (meteorError ? {
          error: meteorError
        } : {
          result: meteorResult
        });
        meteorCallback(response);
      });
    }.apply(window, passedArgs);, []])
21:48:54.058 WARN - Exception thrown
org.openqa.selenium.TimeoutException: asynchronous script timeout: result was not received in 5 seconds
  (Session info: chrome=53.0.2785.143)
  (Driver info: chromedriver=2.19.346063 (38b35413bd4a486d436a9749e090454bc9ff6708),platform=Mac OS X 10.11.5 x86_64) (WARNING: The server did not provide any stacktrace information)
Command duration or timeout: 5.73 seconds
Build info: version: '2.45.0', revision: '5017cb8', time: '2015-02-26 23:59:50'
System info: host: 'Abigails-Mac-mini-2.local', ip: '172.20.10.2', os.name: 'Mac OS X', os.arch: 'x86_64', os.version: '10.11.5', java.version: '1.8.0_101'
Driver info: org.openqa.selenium.chrome.ChromeDriver
Capabilities [{applicationCacheEnabled=false, rotatable=false, mobileEmulationEnabled=false, chrome={userDataDir=/var/folders/wy/x2wnhsd15rxbcnwr07g161b00000gn/T/.org.chromium.Chromium.KtLye3}, takesHeapSnapshot=true, databaseEnabled=false, handlesAlerts=true, hasTouchScreen=false, version=53.0.2785.143, platform=MAC, browserConnectionEnabled=false, nativeEvents=true, acceptSslCerts=true, locationContextEnabled=true, webStorageEnabled=true, browserName=chrome, takesScreenshot=true, javascriptEnabled=true, cssSelectorsEnabled=true}]
Session ID: 764f60a66559d6ebee370f3edfa67d1f
	at sun.reflect.NativeConstructorAccessorImpl.newInstance0(Native Method)
	at sun.reflect.NativeConstructorAccessorImpl.newInstance(NativeConstructorAccessorImpl.java:62)
	at sun.reflect.DelegatingConstructorAccessorImpl.newInstance(DelegatingConstructorAccessorImpl.java:45)
	at java.lang.reflect.Constructor.newInstance(Constructor.java:423)
	at org.openqa.selenium.remote.ErrorHandler.createThrowable(ErrorHandler.java:204)
	at org.openqa.selenium.remote.ErrorHandler.throwIfResponseFailed(ErrorHandler.java:156)
	at org.openqa.selenium.remote.RemoteWebDriver.execute(RemoteWebDriver.java:599)
	at org.openqa.selenium.remote.RemoteWebDriver.executeAsyncScript(RemoteWebDriver.java:526)
	at sun.reflect.NativeMethodAccessorImpl.invoke0(Native Method)
	at sun.reflect.NativeMethodAccessorImpl.invoke(NativeMethodAccessorImpl.java:62)
	at sun.reflect.DelegatingMethodAccessorImpl.invoke(DelegatingMethodAccessorImpl.java:43)
	at java.lang.reflect.Method.invoke(Method.java:498)
	at org.openqa.selenium.support.events.EventFiringWebDriver$2.invoke(EventFiringWebDriver.java:101)
	at com.sun.proxy.$Proxy1.executeAsyncScript(Unknown Source)
	at org.openqa.selenium.support.events.EventFiringWebDriver.executeAsyncScript(EventFiringWebDriver.java:225)
	at org.openqa.selenium.remote.server.handler.ExecuteAsyncScript.call(ExecuteAsyncScript.java:57)
	at java.util.concurrent.FutureTask.run(FutureTask.java:266)
	at org.openqa.selenium.remote.server.DefaultSession$1.run(DefaultSession.java:168)
	at java.util.concurrent.ThreadPoolExecutor.runWorker(ThreadPoolExecutor.java:1142)
	at java.util.concurrent.ThreadPoolExecutor$Worker.run(ThreadPoolExecutor.java:617)
	at java.lang.Thread.run(Thread.java:745)
21:48:54.058 WARN - Exception: asynchronous script timeout: result was not received in 5 seconds
  (Session info: chrome=53.0.2785.143)
  (Driver info: chromedriver=2.19.346063 (38b35413bd4a486d436a9749e090454bc9ff6708),platform=Mac OS X 10.11.5 x86_64) (WARNING: The server did not provide any stacktrace information)
Command duration or timeout: 5.73 seconds
Build info: version: '2.45.0', revision: '5017cb8', time: '2015-02-26 23:59:50'
System info: host: 'Abigails-Mac-mini-2.local', ip: '172.20.10.2', os.name: 'Mac OS X', os.arch: 'x86_64', os.version: '10.11.5', java.version: '1.8.0_101'
Driver info: org.openqa.selenium.chrome.ChromeDriver
Capabilities [{applicationCacheEnabled=false, rotatable=false, mobileEmulationEnabled=false, chrome={userDataDir=/var/folders/wy/x2wnhsd15rxbcnwr07g161b00000gn/T/.org.chromium.Chromium.KtLye3}, takesHeapSnapshot=true, databaseEnabled=false, handlesAlerts=true, hasTouchScreen=false, version=53.0.2785.143, platform=MAC, browserConnectionEnabled=false, nativeEvents=true, acceptSslCerts=true, locationContextEnabled=true, webStorageEnabled=true, browserName=chrome, takesScreenshot=true, javascriptEnabled=true, cssSelectorsEnabled=true}]
Session ID: 764f60a66559d6ebee370f3edfa67d1f
21:48:55.257 INFO - Executing: [delete session: 261ea4b3-7e4a-4842-a10e-6c7d1b471554])
21:48:55.828 INFO - Done: [delete session: 261ea4b3-7e4a-4842-a10e-6c7d1b471554]
